# JRE version: Java(TM) SE Runtime Environment (8.0_51-b16) (build 1.8.0_51-b16)
# Java VM: Java HotSpot(TM) 64-Bit Server VM (25.51-b03 mixed mode windows-amd64 compressed oops)
Heap:
 PSYoungGen      total 2347008K, used 1152944K [0x0000000715380000, 0x00000007c0000000, 0x00000007c0000000)
  eden space 1895936K, 50% used [0x0000000715380000,0x000000074f4638d8,0x0000000788f00000)
  from space 451072K, 44% used [0x0000000788f00000,0x0000000795408880,0x00000007a4780000)
  to   space 451072K, 0% used [0x00000007a4780000,0x00000007a4780000,0x00000007c0000000)
 ParOldGen       total 1453568K, used 897611K [0x00000005bfa00000, 0x0000000618580000, 0x0000000715380000)
  object space 1453568K, 61% used [0x00000005bfa00000,0x00000005f6692fc8,0x0000000618580000)
 Metaspace       used 134201K, capacity 137007K, committed 137344K, reserved 1163264K
  class space    used 22109K, capacity 23080K, committed 23168K, reserved 1048576K
GC Heap History (10 events):
Event: 51.038 GC heap before
{Heap before GC invocations=37 (full 5):
 PSYoungGen      total 2148352K, used 2148332K [0x0000000715380000, 0x00000007b8c00000, 0x00000007c0000000)
  eden space 1906688K, 100% used [0x0000000715380000,0x0000000789980000,0x0000000789980000)
  from space 241664K, 99% used [0x0000000789980000,0x000000079857b238,0x0000000798580000)
  to   space 276992K, 0% used [0x00000007a7d80000,0x00000007a7d80000,0x00000007b8c00000)
 ParOldGen       total 898048K, used 509884K [0x00000005bfa00000, 0x00000005f6700000, 0x0000000715380000)
  object space 898048K, 56% used [0x00000005bfa00000,0x00000005debef120,0x00000005f6700000)
 Metaspace       used 132216K, capacity 134883K, committed 135296K, reserved 1161216K
  class space    used 21932K, capacity 22862K, committed 22912K, reserved 1048576K
Event: 51.182 GC heap after
Heap after GC invocations=37 (full 5):
 PSYoungGen      total 2314752K, used 276978K [0x0000000715380000, 0x00000007c0000000, 0x00000007c0000000)
  eden space 2037760K, 0% used [0x0000000715380000,0x0000000715380000,0x0000000791980000)
  from space 276992K, 99% used [0x00000007a7d80000,0x00000007b8bfcb30,0x00000007b8c00000)
  to   space 364544K, 0% used [0x0000000791980000,0x0000000791980000,0x00000007a7d80000)
 ParOldGen       total 898048K, used 636470K [0x00000005bfa00000, 0x00000005f6700000, 0x0000000715380000)
  object space 898048K, 70% used [0x00000005bfa00000,0x00000005e678d9e8,0x00000005f6700000)
 Metaspace       used 132216K, capacity 134883K, committed 135296K, reserved 1161216K
  class space    used 21932K, capacity 22862K, committed 22912K, reserved 1048576K
}
Event: 53.261 GC heap before
{Heap before GC invocations=38 (full 5):
 PSYoungGen      total 2314752K, used 2314738K [0x0000000715380000, 0x00000007c0000000, 0x00000007c0000000)
  eden space 2037760K, 100% used [0x0000000715380000,0x0000000791980000,0x0000000791980000)
  from space 276992K, 99% used [0x00000007a7d80000,0x00000007b8bfcb30,0x00000007b8c00000)
  to   space 364544K, 0% used [0x0000000791980000,0x0000000791980000,0x00000007a7d80000)
 ParOldGen       total 898048K, used 636470K [0x00000005bfa00000, 0x00000005f6700000, 0x0000000715380000)
  object space 898048K, 70% used [0x00000005bfa00000,0x00000005e678d9e8,0x00000005f6700000)
 Metaspace       used 132246K, capacity 134883K, committed 135296K, reserved 1161216K
  class space    used 21934K, capacity 22862K, committed 22912K, reserved 1048576K
Event: 53.319 GC heap after
Heap after GC invocations=38 (full 5):
 PSYoungGen      total 2402304K, used 187237K [0x0000000715380000, 0x00000007c0000000, 0x00000007c0000000)
  eden space 2037760K, 0% used [0x0000000715380000,0x0000000715380000,0x0000000791980000)
  from space 364544K, 51% used [0x0000000791980000,0x000000079d0594c8,0x00000007a7d80000)
  to   space 355840K, 0% used [0x00000007aa480000,0x00000007aa480000,0x00000007c0000000)
 ParOldGen       total 898048K, used 636478K [0x00000005bfa00000, 0x00000005f6700000, 0x0000000715380000)
  object space 898048K, 70% used [0x00000005bfa00000,0x00000005e678f9e8,0x00000005f6700000)
 Metaspace       used 132246K, capacity 134883K, committed 135296K, reserved 1161216K
  class space    used 21934K, capacity 22862K, committed 22912K, reserved 1048576K
}
Event: 57.892 GC heap before
{Heap before GC invocations=39 (full 5):
 PSYoungGen      total 2402304K, used 2224997K [0x0000000715380000, 0x00000007c0000000, 0x00000007c0000000)
  eden space 2037760K, 100% used [0x0000000715380000,0x0000000791980000,0x0000000791980000)
  from space 364544K, 51% used [0x0000000791980000,0x000000079d0594c8,0x00000007a7d80000)
  to   space 355840K, 0% used [0x00000007aa480000,0x00000007aa480000,0x00000007c0000000)
 ParOldGen       total 898048K, used 636478K [0x00000005bfa00000, 0x00000005f6700000, 0x0000000715380000)
  object space 898048K, 70% used [0x00000005bfa00000,0x00000005e678f9e8,0x00000005f6700000)
 Metaspace       used 132502K, capacity 135145K, committed 135552K, reserved 1161216K
  class space    used 21942K, capacity 22863K, committed 22912K, reserved 1048576K
Event: 58.064 GC heap after
Heap after GC invocations=39 (full 5):
 PSYoungGen      total 2251776K, used 355834K [0x0000000715380000, 0x00000007c0000000, 0x00000007c0000000)
  eden space 1895936K, 0% used [0x0000000715380000,0x0000000715380000,0x0000000788f00000)
  from space 355840K, 99% used [0x00000007aa480000,0x00000007bfffe9a0,0x00000007c0000000)
  to   space 451072K, 0% used [0x0000000788f00000,0x0000000788f00000,0x00000007a4780000)
 ParOldGen       total 898048K, used 749448K [0x00000005bfa00000, 0x00000005f6700000, 0x0000000715380000)
  object space 898048K, 83% used [0x00000005bfa00000,0x00000005ed5e2190,0x00000005f6700000)
 Metaspace       used 132502K, capacity 135145K, committed 135552K, reserved 1161216K
  class space    used 21942K, capacity 22863K, committed 22912K, reserved 1048576K
}
Event: 67.090 GC heap before
{Heap before GC invocations=40 (full 5):
 PSYoungGen      total 2251776K, used 2251770K [0x0000000715380000, 0x00000007c0000000, 0x00000007c0000000)
  eden space 1895936K, 100% used [0x0000000715380000,0x0000000788f00000,0x0000000788f00000)
  from space 355840K, 99% used [0x00000007aa480000,0x00000007bfffe9a0,0x00000007c0000000)
  to   space 451072K, 0% used [0x0000000788f00000,0x0000000788f00000,0x00000007a4780000)
 ParOldGen       total 898048K, used 749448K [0x00000005bfa00000, 0x00000005f6700000, 0x0000000715380000)
  object space 898048K, 83% used [0x00000005bfa00000,0x00000005ed5e2190,0x00000005f6700000)
 Metaspace       used 133698K, capacity 136521K, committed 136960K, reserved 1163264K
  class space    used 22058K, capacity 23035K, committed 23040K, reserved 1048576K
Event: 67.240 GC heap after
Heap after GC invocations=40 (full 5):
 PSYoungGen      total 2347008K, used 451067K [0x0000000715380000, 0x00000007c0000000, 0x00000007c0000000)
  eden space 1895936K, 0% used [0x0000000715380000,0x0000000715380000,0x0000000788f00000)
  from space 451072K, 99% used [0x0000000788f00000,0x00000007a477ec30,0x00000007a4780000)
  to   space 451072K, 0% used [0x00000007a4780000,0x00000007a4780000,0x00000007c0000000)
 ParOldGen       total 898048K, used 876324K [0x00000005bfa00000, 0x00000005f6700000, 0x0000000715380000)
  object space 898048K, 97% used [0x00000005bfa00000,0x00000005f51c9210,0x00000005f6700000)
 Metaspace       used 133698K, capacity 136521K, committed 136960K, reserved 1163264K
  class space    used 22058K, capacity 23035K, committed 23040K, reserved 1048576K
}
Event: 67.240 GC heap before
{Heap before GC invocations=41 (full 6):
 PSYoungGen      total 2347008K, used 451067K [0x0000000715380000, 0x00000007c0000000, 0x00000007c0000000)
  eden space 1895936K, 0% used [0x0000000715380000,0x0000000715380000,0x0000000788f00000)
  from space 451072K, 99% used [0x0000000788f00000,0x00000007a477ec30,0x00000007a4780000)
  to   space 451072K, 0% used [0x00000007a4780000,0x00000007a4780000,0x00000007c0000000)
 ParOldGen       total 898048K, used 876324K [0x00000005bfa00000, 0x00000005f6700000, 0x0000000715380000)
  object space 898048K, 97% used [0x00000005bfa00000,0x00000005f51c9210,0x00000005f6700000)
 Metaspace       used 133698K, capacity 136521K, committed 136960K, reserved 1163264K
  class space    used 22058K, capacity 23035K, committed 23040K, reserved 1048576K
Event: 68.243 GC heap after
Heap after GC invocations=41 (full 6):
 PSYoungGen      total 2347008K, used 201762K [0x0000000715380000, 0x00000007c0000000, 0x00000007c0000000)
  eden space 1895936K, 0% used [0x0000000715380000,0x0000000715380000,0x0000000788f00000)
  from space 451072K, 44% used [0x0000000788f00000,0x0000000795408880,0x00000007a4780000)
  to   space 451072K, 0% used [0x00000007a4780000,0x00000007a4780000,0x00000007c0000000)
 ParOldGen       total 1453568K, used 897611K [0x00000005bfa00000, 0x0000000618580000, 0x0000000715380000)
  object space 1453568K, 61% used [0x00000005bfa00000,0x00000005f6692fc8,0x0000000618580000)
 Metaspace       used 133698K, capacity 136521K, committed 136960K, reserved 1163264K
  class space    used 22058K, capacity 23035K, committed 23040K, reserved 1048576K
}

