# JRE version: Java(TM) SE Runtime Environment (8.0_51-b16) (build 1.8.0_51-b16)
# Java VM: Java HotSpot(TM) 64-Bit Server VM (25.51-b03 mixed mode windows-amd64 compressed oops)
Heap:
 PSYoungGen      total 2054656K, used 702614K [0x0000000715380000, 0x00000007c0000000, 0x00000007c0000000)
  eden space 1616384K, 16% used [0x0000000715380000,0x00000007255a96f8,0x0000000777e00000)
  from space 438272K, 99% used [0x00000007a5400000,0x00000007bfffc1b8,0x00000007c0000000)
  to   space 590848K, 0% used [0x0000000777e00000,0x0000000777e00000,0x000000079bf00000)
 ParOldGen       total 1213440K, used 810264K [0x00000005bfa00000, 0x0000000609b00000, 0x0000000715380000)
  object space 1213440K, 66% used [0x00000005bfa00000,0x00000005f1146030,0x0000000609b00000)
 Metaspace       used 137629K, capacity 140527K, committed 141004K, reserved 1167360K
  class space    used 22740K, capacity 23722K, committed 23808K, reserved 1048576K
GC Heap History (10 events):
Event: 54.182 GC heap before
{Heap before GC invocations=32 (full 5):
 PSYoungGen      total 2276864K, used 2276862K [0x0000000715380000, 0x00000007c0000000, 0x00000007c0000000)
  eden space 2024960K, 100% used [0x0000000715380000,0x0000000790d00000,0x0000000790d00000)
  from space 251904K, 99% used [0x00000007b0a00000,0x00000007bffff840,0x00000007c0000000)
  to   space 386560K, 0% used [0x0000000790d00000,0x0000000790d00000,0x00000007a8680000)
 ParOldGen       total 771072K, used 625353K [0x00000005bfa00000, 0x00000005eeb00000, 0x0000000715380000)
  object space 771072K, 81% used [0x00000005bfa00000,0x00000005e5cb2438,0x00000005eeb00000)
 Metaspace       used 135909K, capacity 138653K, committed 139468K, reserved 1165312K
  class space    used 22562K, capacity 23503K, committed 23552K, reserved 1048576K
Event: 54.236 GC heap after
Heap after GC invocations=32 (full 5):
 PSYoungGen      total 2411520K, used 178574K [0x0000000715380000, 0x00000007c0000000, 0x00000007c0000000)
  eden space 2024960K, 0% used [0x0000000715380000,0x0000000715380000,0x0000000790d00000)
  from space 386560K, 46% used [0x0000000790d00000,0x000000079bb63b18,0x00000007a8680000)
  to   space 371200K, 0% used [0x00000007a9580000,0x00000007a9580000,0x00000007c0000000)
 ParOldGen       total 771072K, used 625361K [0x00000005bfa00000, 0x00000005eeb00000, 0x0000000715380000)
  object space 771072K, 81% used [0x00000005bfa00000,0x00000005e5cb4438,0x00000005eeb00000)
 Metaspace       used 135909K, capacity 138653K, committed 139468K, reserved 1165312K
  class space    used 22562K, capacity 23503K, committed 23552K, reserved 1048576K
}
Event: 58.824 GC heap before
{Heap before GC invocations=33 (full 5):
 PSYoungGen      total 2411520K, used 2203534K [0x0000000715380000, 0x00000007c0000000, 0x00000007c0000000)
  eden space 2024960K, 100% used [0x0000000715380000,0x0000000790d00000,0x0000000790d00000)
  from space 386560K, 46% used [0x0000000790d00000,0x000000079bb63b18,0x00000007a8680000)
  to   space 371200K, 0% used [0x00000007a9580000,0x00000007a9580000,0x00000007c0000000)
 ParOldGen       total 771072K, used 625361K [0x00000005bfa00000, 0x00000005eeb00000, 0x0000000715380000)
  object space 771072K, 81% used [0x00000005bfa00000,0x00000005e5cb4438,0x00000005eeb00000)
 Metaspace       used 136151K, capacity 138851K, committed 139468K, reserved 1165312K
  class space    used 22570K, capacity 23504K, committed 23552K, reserved 1048576K
Event: 58.940 GC heap after
Heap after GC invocations=33 (full 5):
 PSYoungGen      total 2292736K, used 371187K [0x0000000715380000, 0x00000007c0000000, 0x00000007c0000000)
  eden space 1921536K, 0% used [0x0000000715380000,0x0000000715380000,0x000000078a800000)
  from space 371200K, 99% used [0x00000007a9580000,0x00000007bfffcd00,0x00000007c0000000)
  to   space 438272K, 0% used [0x000000078a800000,0x000000078a800000,0x00000007a5400000)
 ParOldGen       total 771072K, used 655021K [0x00000005bfa00000, 0x00000005eeb00000, 0x0000000715380000)
  object space 771072K, 84% used [0x00000005bfa00000,0x00000005e79ab428,0x00000005eeb00000)
 Metaspace       used 136151K, capacity 138851K, committed 139468K, reserved 1165312K
  class space    used 22570K, capacity 23504K, committed 23552K, reserved 1048576K
}
Event: 69.551 GC heap before
{Heap before GC invocations=34 (full 5):
 PSYoungGen      total 2292736K, used 2292723K [0x0000000715380000, 0x00000007c0000000, 0x00000007c0000000)
  eden space 1921536K, 100% used [0x0000000715380000,0x000000078a800000,0x000000078a800000)
  from space 371200K, 99% used [0x00000007a9580000,0x00000007bfffcd00,0x00000007c0000000)
  to   space 438272K, 0% used [0x000000078a800000,0x000000078a800000,0x00000007a5400000)
 ParOldGen       total 771072K, used 655021K [0x00000005bfa00000, 0x00000005eeb00000, 0x0000000715380000)
  object space 771072K, 84% used [0x00000005bfa00000,0x00000005e79ab428,0x00000005eeb00000)
 Metaspace       used 137074K, capacity 139941K, committed 140620K, reserved 1167360K
  class space    used 22666K, capacity 23643K, committed 23680K, reserved 1048576K
Event: 69.675 GC heap after
Heap after GC invocations=34 (full 5):
 PSYoungGen      total 2359808K, used 438264K [0x0000000715380000, 0x00000007c0000000, 0x00000007c0000000)
  eden space 1921536K, 0% used [0x0000000715380000,0x0000000715380000,0x000000078a800000)
  from space 438272K, 99% used [0x000000078a800000,0x00000007a53fe2a0,0x00000007a5400000)
  to   space 438272K, 0% used [0x00000007a5400000,0x00000007a5400000,0x00000007c0000000)
 ParOldGen       total 771072K, used 704686K [0x00000005bfa00000, 0x00000005eeb00000, 0x0000000715380000)
  object space 771072K, 91% used [0x00000005bfa00000,0x00000005eaa2ba50,0x00000005eeb00000)
 Metaspace       used 137074K, capacity 139941K, committed 140620K, reserved 1167360K
  class space    used 22666K, capacity 23643K, committed 23680K, reserved 1048576K
}
Event: 69.675 GC heap before
{Heap before GC invocations=35 (full 6):
 PSYoungGen      total 2359808K, used 438264K [0x0000000715380000, 0x00000007c0000000, 0x00000007c0000000)
  eden space 1921536K, 0% used [0x0000000715380000,0x0000000715380000,0x000000078a800000)
  from space 438272K, 99% used [0x000000078a800000,0x00000007a53fe2a0,0x00000007a5400000)
  to   space 438272K, 0% used [0x00000007a5400000,0x00000007a5400000,0x00000007c0000000)
 ParOldGen       total 771072K, used 704686K [0x00000005bfa00000, 0x00000005eeb00000, 0x0000000715380000)
  object space 771072K, 91% used [0x00000005bfa00000,0x00000005eaa2ba50,0x00000005eeb00000)
 Metaspace       used 137074K, capacity 139941K, committed 140620K, reserved 1167360K
  class space    used 22666K, capacity 23643K, committed 23680K, reserved 1048576K
Event: 70.679 GC heap after
Heap after GC invocations=35 (full 6):
 PSYoungGen      total 2359808K, used 275012K [0x0000000715380000, 0x00000007c0000000, 0x00000007c0000000)
  eden space 1921536K, 0% used [0x0000000715380000,0x0000000715380000,0x000000078a800000)
  from space 438272K, 62% used [0x000000078a800000,0x000000079b491380,0x00000007a5400000)
  to   space 438272K, 0% used [0x00000007a5400000,0x00000007a5400000,0x00000007c0000000)
 ParOldGen       total 1213440K, used 770746K [0x00000005bfa00000, 0x0000000609b00000, 0x0000000715380000)
  object space 1213440K, 63% used [0x00000005bfa00000,0x00000005eeaaeac8,0x0000000609b00000)
 Metaspace       used 137074K, capacity 139941K, committed 140620K, reserved 1167360K
  class space    used 22666K, capacity 23643K, committed 23680K, reserved 1048576K
}
Event: 72.745 GC heap before
{Heap before GC invocations=36 (full 6):
 PSYoungGen      total 2359808K, used 2196548K [0x0000000715380000, 0x00000007c0000000, 0x00000007c0000000)
  eden space 1921536K, 100% used [0x0000000715380000,0x000000078a800000,0x000000078a800000)
  from space 438272K, 62% used [0x000000078a800000,0x000000079b491380,0x00000007a5400000)
  to   space 438272K, 0% used [0x00000007a5400000,0x00000007a5400000,0x00000007c0000000)
 ParOldGen       total 1213440K, used 770746K [0x00000005bfa00000, 0x0000000609b00000, 0x0000000715380000)
  object space 1213440K, 63% used [0x00000005bfa00000,0x00000005eeaaeac8,0x0000000609b00000)
 Metaspace       used 137223K, capacity 140163K, committed 140620K, reserved 1167360K
  class space    used 22689K, capacity 23676K, committed 23680K, reserved 1048576K
Event: 72.886 GC heap after
Heap after GC invocations=36 (full 6):
 PSYoungGen      total 2054656K, used 438256K [0x0000000715380000, 0x00000007c0000000, 0x00000007c0000000)
  eden space 1616384K, 0% used [0x0000000715380000,0x0000000715380000,0x0000000777e00000)
  from space 438272K, 99% used [0x00000007a5400000,0x00000007bfffc1b8,0x00000007c0000000)
  to   space 590848K, 0% used [0x0000000777e00000,0x0000000777e00000,0x000000079bf00000)
 ParOldGen       total 1213440K, used 810264K [0x00000005bfa00000, 0x0000000609b00000, 0x0000000715380000)
  object space 1213440K, 66% used [0x00000005bfa00000,0x00000005f1146030,0x0000000609b00000)
 Metaspace       used 137223K, capacity 140163K, committed 140620K, reserved 1167360K
  class space    used 22689K, capacity 23676K, committed 23680K, reserved 1048576K
}

