# JRE version: Java(TM) SE Runtime Environment (8.0_51-b16) (build 1.8.0_51-b16)
# Java VM: Java HotSpot(TM) 64-Bit Server VM (25.51-b03 mixed mode windows-amd64 compressed oops)
Heap:
 PSYoungGen      total 2451456K, used 1939997K [0x0000000715380000, 0x00000007c0000000, 0x00000007c0000000)
  eden space 2104832K, 75% used [0x0000000715380000,0x000000077678ad30,0x0000000795b00000)
  from space 346624K, 99% used [0x0000000795b00000,0x00000007aad7ca40,0x00000007aad80000)
  to   space 346624K, 0% used [0x00000007aad80000,0x00000007aad80000,0x00000007c0000000)
 ParOldGen       total 1227776K, used 830852K [0x00000005bfa00000, 0x000000060a900000, 0x0000000715380000)
  object space 1227776K, 67% used [0x00000005bfa00000,0x00000005f2561238,0x000000060a900000)
 Metaspace       used 134947K, capacity 137831K, committed 138240K, reserved 1165312K
  class space    used 22249K, capacity 23244K, committed 23296K, reserved 1048576K
GC Heap History (10 events):
Event: 48.682 GC heap before
{Heap before GC invocations=35 (full 5):
 PSYoungGen      total 2545152K, used 2545149K [0x0000000715380000, 0x00000007c0000000, 0x00000007c0000000)
  eden space 2401792K, 100% used [0x0000000715380000,0x00000007a7d00000,0x00000007a7d00000)
  from space 143360K, 99% used [0x00000007a7d00000,0x00000007b08ff450,0x00000007b0900000)
  to   space 197120K, 0% used [0x00000007b3f80000,0x00000007b3f80000,0x00000007c0000000)
 ParOldGen       total 772096K, used 524592K [0x00000005bfa00000, 0x00000005eec00000, 0x0000000715380000)
  object space 772096K, 67% used [0x00000005bfa00000,0x00000005dfa4c308,0x00000005eec00000)
 Metaspace       used 132467K, capacity 135173K, committed 135680K, reserved 1161216K
  class space    used 22036K, capacity 22983K, committed 23040K, reserved 1048576K
Event: 48.792 GC heap after
Heap after GC invocations=35 (full 5):
 PSYoungGen      total 2498560K, used 197088K [0x0000000715380000, 0x00000007c0000000, 0x00000007c0000000)
  eden space 2301440K, 0% used [0x0000000715380000,0x0000000715380000,0x00000007a1b00000)
  from space 197120K, 99% used [0x00000007b3f80000,0x00000007bfff83c0,0x00000007c0000000)
  to   space 248320K, 0% used [0x00000007a1b00000,0x00000007a1b00000,0x00000007b0d80000)
 ParOldGen       total 772096K, used 574222K [0x00000005bfa00000, 0x00000005eec00000, 0x0000000715380000)
  object space 772096K, 74% used [0x00000005bfa00000,0x00000005e2ac38e0,0x00000005eec00000)
 Metaspace       used 132467K, capacity 135173K, committed 135680K, reserved 1161216K
  class space    used 22036K, capacity 22983K, committed 23040K, reserved 1048576K
}
Event: 52.019 GC heap before
{Heap before GC invocations=36 (full 5):
 PSYoungGen      total 2498560K, used 2498528K [0x0000000715380000, 0x00000007c0000000, 0x00000007c0000000)
  eden space 2301440K, 100% used [0x0000000715380000,0x00000007a1b00000,0x00000007a1b00000)
  from space 197120K, 99% used [0x00000007b3f80000,0x00000007bfff83c0,0x00000007c0000000)
  to   space 248320K, 0% used [0x00000007a1b00000,0x00000007a1b00000,0x00000007b0d80000)
 ParOldGen       total 772096K, used 574222K [0x00000005bfa00000, 0x00000005eec00000, 0x0000000715380000)
  object space 772096K, 74% used [0x00000005bfa00000,0x00000005e2ac38e0,0x00000005eec00000)
 Metaspace       used 132983K, capacity 135707K, committed 136192K, reserved 1163264K
  class space    used 22072K, capacity 23026K, committed 23040K, reserved 1048576K
Event: 52.139 GC heap after
Heap after GC invocations=36 (full 5):
 PSYoungGen      total 2549760K, used 248313K [0x0000000715380000, 0x00000007c0000000, 0x00000007c0000000)
  eden space 2301440K, 0% used [0x0000000715380000,0x0000000715380000,0x00000007a1b00000)
  from space 248320K, 99% used [0x00000007a1b00000,0x00000007b0d7e490,0x00000007b0d80000)
  to   space 248320K, 0% used [0x00000007b0d80000,0x00000007b0d80000,0x00000007c0000000)
 ParOldGen       total 772096K, used 713971K [0x00000005bfa00000, 0x00000005eec00000, 0x0000000715380000)
  object space 772096K, 92% used [0x00000005bfa00000,0x00000005eb33cf10,0x00000005eec00000)
 Metaspace       used 132983K, capacity 135707K, committed 136192K, reserved 1163264K
  class space    used 22072K, capacity 23026K, committed 23040K, reserved 1048576K
}
Event: 52.139 GC heap before
{Heap before GC invocations=37 (full 6):
 PSYoungGen      total 2549760K, used 248313K [0x0000000715380000, 0x00000007c0000000, 0x00000007c0000000)
  eden space 2301440K, 0% used [0x0000000715380000,0x0000000715380000,0x00000007a1b00000)
  from space 248320K, 99% used [0x00000007a1b00000,0x00000007b0d7e490,0x00000007b0d80000)
  to   space 248320K, 0% used [0x00000007b0d80000,0x00000007b0d80000,0x00000007c0000000)
 ParOldGen       total 772096K, used 713971K [0x00000005bfa00000, 0x00000005eec00000, 0x0000000715380000)
  object space 772096K, 92% used [0x00000005bfa00000,0x00000005eb33cf10,0x00000005eec00000)
 Metaspace       used 132983K, capacity 135707K, committed 136192K, reserved 1163264K
  class space    used 22072K, capacity 23026K, committed 23040K, reserved 1048576K
Event: 53.043 GC heap after
Heap after GC invocations=37 (full 6):
 PSYoungGen      total 2549760K, used 52899K [0x0000000715380000, 0x00000007c0000000, 0x00000007c0000000)
  eden space 2301440K, 0% used [0x0000000715380000,0x0000000715380000,0x00000007a1b00000)
  from space 248320K, 21% used [0x00000007a1b00000,0x00000007a4ea8dd8,0x00000007b0d80000)
  to   space 248320K, 0% used [0x00000007b0d80000,0x00000007b0d80000,0x00000007c0000000)
 ParOldGen       total 1227776K, used 771972K [0x00000005bfa00000, 0x000000060a900000, 0x0000000715380000)
  object space 1227776K, 62% used [0x00000005bfa00000,0x00000005eebe1190,0x000000060a900000)
 Metaspace       used 132983K, capacity 135707K, committed 136192K, reserved 1163264K
  class space    used 22072K, capacity 23026K, committed 23040K, reserved 1048576K
}
Event: 56.965 GC heap before
{Heap before GC invocations=38 (full 6):
 PSYoungGen      total 2549760K, used 2354339K [0x0000000715380000, 0x00000007c0000000, 0x00000007c0000000)
  eden space 2301440K, 100% used [0x0000000715380000,0x00000007a1b00000,0x00000007a1b00000)
  from space 248320K, 21% used [0x00000007a1b00000,0x00000007a4ea8dd8,0x00000007b0d80000)
  to   space 248320K, 0% used [0x00000007b0d80000,0x00000007b0d80000,0x00000007c0000000)
 ParOldGen       total 1227776K, used 771972K [0x00000005bfa00000, 0x000000060a900000, 0x0000000715380000)
  object space 1227776K, 62% used [0x00000005bfa00000,0x00000005eebe1190,0x000000060a900000)
 Metaspace       used 133214K, capacity 135905K, committed 136448K, reserved 1163264K
  class space    used 22081K, capacity 23027K, committed 23040K, reserved 1048576K
Event: 57.064 GC heap after
Heap after GC invocations=38 (full 6):
 PSYoungGen      total 2353152K, used 194793K [0x0000000715380000, 0x00000007c0000000, 0x00000007c0000000)
  eden space 2104832K, 0% used [0x0000000715380000,0x0000000715380000,0x0000000795b00000)
  from space 248320K, 78% used [0x00000007b0d80000,0x00000007bcbba4f0,0x00000007c0000000)
  to   space 346624K, 0% used [0x0000000795b00000,0x0000000795b00000,0x00000007aad80000)
 ParOldGen       total 1227776K, used 809036K [0x00000005bfa00000, 0x000000060a900000, 0x0000000715380000)
  object space 1227776K, 65% used [0x00000005bfa00000,0x00000005f1013190,0x000000060a900000)
 Metaspace       used 133214K, capacity 135905K, committed 136448K, reserved 1163264K
  class space    used 22081K, capacity 23027K, committed 23040K, reserved 1048576K
}
Event: 66.969 GC heap before
{Heap before GC invocations=39 (full 6):
 PSYoungGen      total 2353152K, used 2299625K [0x0000000715380000, 0x00000007c0000000, 0x00000007c0000000)
  eden space 2104832K, 100% used [0x0000000715380000,0x0000000795b00000,0x0000000795b00000)
  from space 248320K, 78% used [0x00000007b0d80000,0x00000007bcbba4f0,0x00000007c0000000)
  to   space 346624K, 0% used [0x0000000795b00000,0x0000000795b00000,0x00000007aad80000)
 ParOldGen       total 1227776K, used 809036K [0x00000005bfa00000, 0x000000060a900000, 0x0000000715380000)
  object space 1227776K, 65% used [0x00000005bfa00000,0x00000005f1013190,0x000000060a900000)
 Metaspace       used 134287K, capacity 137121K, committed 137344K, reserved 1163264K
  class space    used 22186K, capacity 23167K, committed 23168K, reserved 1048576K
Event: 67.061 GC heap after
Heap after GC invocations=39 (full 6):
 PSYoungGen      total 2451456K, used 346610K [0x0000000715380000, 0x00000007c0000000, 0x00000007c0000000)
  eden space 2104832K, 0% used [0x0000000715380000,0x0000000715380000,0x0000000795b00000)
  from space 346624K, 99% used [0x0000000795b00000,0x00000007aad7ca40,0x00000007aad80000)
  to   space 346624K, 0% used [0x00000007aad80000,0x00000007aad80000,0x00000007c0000000)
 ParOldGen       total 1227776K, used 830852K [0x00000005bfa00000, 0x000000060a900000, 0x0000000715380000)
  object space 1227776K, 67% used [0x00000005bfa00000,0x00000005f2561238,0x000000060a900000)
 Metaspace       used 134287K, capacity 137121K, committed 137344K, reserved 1163264K
  class space    used 22186K, capacity 23167K, committed 23168K, reserved 1048576K
}

