# JRE version: Java(TM) SE Runtime Environment (8.0_51-b16) (build 1.8.0_51-b16)
# Java VM: Java HotSpot(TM) 64-Bit Server VM (25.51-b03 mixed mode windows-amd64 compressed oops)
Heap:
 PSYoungGen      total 2380800K, used 2000342K [0x0000000715380000, 0x00000007c0000000, 0x00000007c0000000)
  eden space 1963520K, 87% used [0x0000000715380000,0x000000077deab4d8,0x000000078d100000)
  from space 417280K, 68% used [0x000000078d100000,0x000000079e74a328,0x00000007a6880000)
  to   space 417280K, 0% used [0x00000007a6880000,0x00000007a6880000,0x00000007c0000000)
 ParOldGen       total 1264640K, used 793240K [0x00000005bfa00000, 0x000000060cd00000, 0x0000000715380000)
  object space 1264640K, 62% used [0x00000005bfa00000,0x00000005f00a6228,0x000000060cd00000)
 Metaspace       used 140718K, capacity 143725K, committed 143936K, reserved 1169408K
  class space    used 23366K, capacity 24397K, committed 24408K, reserved 1048576K
GC Heap History (10 events):
Event: 64.797 GC heap before
{Heap before GC invocations=35 (full 5):
 PSYoungGen      total 2548224K, used 2548201K [0x0000000715380000, 0x00000007c0000000, 0x00000007c0000000)
  eden space 2298368K, 100% used [0x0000000715380000,0x00000007a1800000,0x00000007a1800000)
  from space 249856K, 99% used [0x00000007a1800000,0x00000007b0bfa718,0x00000007b0c00000)
  to   space 249856K, 0% used [0x00000007b0c00000,0x00000007b0c00000,0x00000007c0000000)
 ParOldGen       total 793600K, used 454551K [0x00000005bfa00000, 0x00000005f0100000, 0x0000000715380000)
  object space 793600K, 57% used [0x00000005bfa00000,0x00000005db5e5cd8,0x00000005f0100000)
 Metaspace       used 138850K, capacity 141809K, committed 142272K, reserved 1167360K
  class space    used 23169K, capacity 24207K, committed 24280K, reserved 1048576K
Event: 64.971 GC heap after
Heap after GC invocations=35 (full 5):
 PSYoungGen      total 2275840K, used 249855K [0x0000000715380000, 0x00000007c0000000, 0x00000007c0000000)
  eden space 2025984K, 0% used [0x0000000715380000,0x0000000715380000,0x0000000790e00000)
  from space 249856K, 99% used [0x00000007b0c00000,0x00000007bfffff00,0x00000007c0000000)
  to   space 386048K, 0% used [0x0000000790e00000,0x0000000790e00000,0x00000007a8700000)
 ParOldGen       total 793600K, used 645678K [0x00000005bfa00000, 0x00000005f0100000, 0x0000000715380000)
  object space 793600K, 81% used [0x00000005bfa00000,0x00000005e708b860,0x00000005f0100000)
 Metaspace       used 138850K, capacity 141809K, committed 142272K, reserved 1167360K
  class space    used 23169K, capacity 24207K, committed 24280K, reserved 1048576K
}
Event: 67.340 GC heap before
{Heap before GC invocations=36 (full 5):
 PSYoungGen      total 2275840K, used 2275839K [0x0000000715380000, 0x00000007c0000000, 0x00000007c0000000)
  eden space 2025984K, 100% used [0x0000000715380000,0x0000000790e00000,0x0000000790e00000)
  from space 249856K, 99% used [0x00000007b0c00000,0x00000007bfffff00,0x00000007c0000000)
  to   space 386048K, 0% used [0x0000000790e00000,0x0000000790e00000,0x00000007a8700000)
 ParOldGen       total 793600K, used 645678K [0x00000005bfa00000, 0x00000005f0100000, 0x0000000715380000)
  object space 793600K, 81% used [0x00000005bfa00000,0x00000005e708b860,0x00000005f0100000)
 Metaspace       used 138911K, capacity 141873K, committed 142528K, reserved 1167360K
  class space    used 23169K, capacity 24207K, committed 24280K, reserved 1048576K
Event: 67.398 GC heap after
Heap after GC invocations=36 (full 5):
 PSYoungGen      total 2412032K, used 154576K [0x0000000715380000, 0x00000007c0000000, 0x00000007c0000000)
  eden space 2025984K, 0% used [0x0000000715380000,0x0000000715380000,0x0000000790e00000)
  from space 386048K, 40% used [0x0000000790e00000,0x000000079a4f4378,0x00000007a8700000)
  to   space 364544K, 0% used [0x00000007a9c00000,0x00000007a9c00000,0x00000007c0000000)
 ParOldGen       total 793600K, used 645686K [0x00000005bfa00000, 0x00000005f0100000, 0x0000000715380000)
  object space 793600K, 81% used [0x00000005bfa00000,0x00000005e708d860,0x00000005f0100000)
 Metaspace       used 138911K, capacity 141873K, committed 142528K, reserved 1167360K
  class space    used 23169K, capacity 24207K, committed 24280K, reserved 1048576K
}
Event: 72.182 GC heap before
{Heap before GC invocations=37 (full 5):
 PSYoungGen      total 2412032K, used 2180560K [0x0000000715380000, 0x00000007c0000000, 0x00000007c0000000)
  eden space 2025984K, 100% used [0x0000000715380000,0x0000000790e00000,0x0000000790e00000)
  from space 386048K, 40% used [0x0000000790e00000,0x000000079a4f4378,0x00000007a8700000)
  to   space 364544K, 0% used [0x00000007a9c00000,0x00000007a9c00000,0x00000007c0000000)
 ParOldGen       total 793600K, used 645686K [0x00000005bfa00000, 0x00000005f0100000, 0x0000000715380000)
  object space 793600K, 81% used [0x00000005bfa00000,0x00000005e708d860,0x00000005f0100000)
 Metaspace       used 139182K, capacity 142071K, committed 142528K, reserved 1167360K
  class space    used 23180K, capacity 24208K, committed 24280K, reserved 1048576K
Event: 72.300 GC heap after
Heap after GC invocations=37 (full 5):
 PSYoungGen      total 2328064K, used 358098K [0x0000000715380000, 0x00000007c0000000, 0x00000007c0000000)
  eden space 1963520K, 0% used [0x0000000715380000,0x0000000715380000,0x000000078d100000)
  from space 364544K, 98% used [0x00000007a9c00000,0x00000007bf9b48f8,0x00000007c0000000)
  to   space 417280K, 0% used [0x000000078d100000,0x000000078d100000,0x00000007a6880000)
 ParOldGen       total 793600K, used 645694K [0x00000005bfa00000, 0x00000005f0100000, 0x0000000715380000)
  object space 793600K, 81% used [0x00000005bfa00000,0x00000005e708f860,0x00000005f0100000)
 Metaspace       used 139182K, capacity 142071K, committed 142528K, reserved 1167360K
  class space    used 23180K, capacity 24208K, committed 24280K, reserved 1048576K
}
Event: 84.130 GC heap before
{Heap before GC invocations=38 (full 5):
 PSYoungGen      total 2328064K, used 2321618K [0x0000000715380000, 0x00000007c0000000, 0x00000007c0000000)
  eden space 1963520K, 100% used [0x0000000715380000,0x000000078d100000,0x000000078d100000)
  from space 364544K, 98% used [0x00000007a9c00000,0x00000007bf9b48f8,0x00000007c0000000)
  to   space 417280K, 0% used [0x000000078d100000,0x000000078d100000,0x00000007a6880000)
 ParOldGen       total 793600K, used 645694K [0x00000005bfa00000, 0x00000005f0100000, 0x0000000715380000)
  object space 793600K, 81% used [0x00000005bfa00000,0x00000005e708f860,0x00000005f0100000)
 Metaspace       used 140285K, capacity 143255K, committed 143680K, reserved 1169408K
  class space    used 23288K, capacity 24316K, committed 24408K, reserved 1048576K
Event: 84.315 GC heap after
Heap after GC invocations=38 (full 5):
 PSYoungGen      total 2380800K, used 417259K [0x0000000715380000, 0x00000007c0000000, 0x00000007c0000000)
  eden space 1963520K, 0% used [0x0000000715380000,0x0000000715380000,0x000000078d100000)
  from space 417280K, 99% used [0x000000078d100000,0x00000007a687ade8,0x00000007a6880000)
  to   space 417280K, 0% used [0x00000007a6880000,0x00000007a6880000,0x00000007c0000000)
 ParOldGen       total 793600K, used 725874K [0x00000005bfa00000, 0x00000005f0100000, 0x0000000715380000)
  object space 793600K, 91% used [0x00000005bfa00000,0x00000005ebedca18,0x00000005f0100000)
 Metaspace       used 140285K, capacity 143255K, committed 143680K, reserved 1169408K
  class space    used 23288K, capacity 24316K, committed 24408K, reserved 1048576K
}
Event: 84.315 GC heap before
{Heap before GC invocations=39 (full 6):
 PSYoungGen      total 2380800K, used 417259K [0x0000000715380000, 0x00000007c0000000, 0x00000007c0000000)
  eden space 1963520K, 0% used [0x0000000715380000,0x0000000715380000,0x000000078d100000)
  from space 417280K, 99% used [0x000000078d100000,0x00000007a687ade8,0x00000007a6880000)
  to   space 417280K, 0% used [0x00000007a6880000,0x00000007a6880000,0x00000007c0000000)
 ParOldGen       total 793600K, used 725874K [0x00000005bfa00000, 0x00000005f0100000, 0x0000000715380000)
  object space 793600K, 91% used [0x00000005bfa00000,0x00000005ebedca18,0x00000005f0100000)
 Metaspace       used 140285K, capacity 143255K, committed 143680K, reserved 1169408K
  class space    used 23288K, capacity 24316K, committed 24408K, reserved 1048576K
Event: 85.775 GC heap after
Heap after GC invocations=39 (full 6):
 PSYoungGen      total 2380800K, used 284968K [0x0000000715380000, 0x00000007c0000000, 0x00000007c0000000)
  eden space 1963520K, 0% used [0x0000000715380000,0x0000000715380000,0x000000078d100000)
  from space 417280K, 68% used [0x000000078d100000,0x000000079e74a328,0x00000007a6880000)
  to   space 417280K, 0% used [0x00000007a6880000,0x00000007a6880000,0x00000007c0000000)
 ParOldGen       total 1264640K, used 793240K [0x00000005bfa00000, 0x000000060cd00000, 0x0000000715380000)
  object space 1264640K, 62% used [0x00000005bfa00000,0x00000005f00a6228,0x000000060cd00000)
 Metaspace       used 140285K, capacity 143255K, committed 143680K, reserved 1169408K
  class space    used 23288K, capacity 24316K, committed 24408K, reserved 1048576K
}

