# JRE version: Java(TM) SE Runtime Environment (8.0_51-b16) (build 1.8.0_51-b16)
# Java VM: Java HotSpot(TM) 64-Bit Server VM (25.51-b03 mixed mode windows-amd64 compressed oops)
Heap:
 PSYoungGen      total 1955328K, used 440829K [0x0000000715380000, 0x00000007c0000000, 0x00000007c0000000)
  eden space 1560064K, 13% used [0x0000000715380000,0x00000007227e8998,0x0000000774700000)
  from space 395264K, 56% used [0x00000007a7e00000,0x00000007b5816d88,0x00000007c0000000)
  to   space 619008K, 0% used [0x0000000774700000,0x0000000774700000,0x000000079a380000)
 ParOldGen       total 1479680K, used 924590K [0x00000005bfa00000, 0x0000000619f00000, 0x0000000715380000)
  object space 1479680K, 62% used [0x00000005bfa00000,0x00000005f80ebab0,0x0000000619f00000)
 Metaspace       used 141509K, capacity 144543K, committed 144640K, reserved 1169408K
  class space    used 23479K, capacity 24572K, committed 24576K, reserved 1048576K
GC Heap History (10 events):
Event: 65.037 GC heap before
{Heap before GC invocations=38 (full 5):
 PSYoungGen      total 2491392K, used 2416863K [0x0000000715380000, 0x00000007c0000000, 0x00000007c0000000)
  eden space 2205184K, 100% used [0x0000000715380000,0x000000079bd00000,0x000000079bd00000)
  from space 286208K, 73% used [0x00000007ae880000,0x00000007bb737dc8,0x00000007c0000000)
  to   space 296448K, 0% used [0x000000079bd00000,0x000000079bd00000,0x00000007ade80000)
 ParOldGen       total 846336K, used 478192K [0x00000005bfa00000, 0x00000005f3480000, 0x0000000715380000)
  object space 846336K, 56% used [0x00000005bfa00000,0x00000005dccfc078,0x00000005f3480000)
 Metaspace       used 139708K, capacity 142659K, committed 143232K, reserved 1167360K
  class space    used 23286K, capacity 24350K, committed 24448K, reserved 1048576K
Event: 65.155 GC heap after
Heap after GC invocations=38 (full 5):
 PSYoungGen      total 2501632K, used 296427K [0x0000000715380000, 0x00000007c0000000, 0x00000007c0000000)
  eden space 2205184K, 0% used [0x0000000715380000,0x0000000715380000,0x000000079bd00000)
  from space 296448K, 99% used [0x000000079bd00000,0x00000007ade7ac60,0x00000007ade80000)
  to   space 296448K, 0% used [0x00000007ade80000,0x00000007ade80000,0x00000007c0000000)
 ParOldGen       total 846336K, used 572656K [0x00000005bfa00000, 0x00000005f3480000, 0x0000000715380000)
  object space 846336K, 67% used [0x00000005bfa00000,0x00000005e293c008,0x00000005f3480000)
 Metaspace       used 139708K, capacity 142659K, committed 143232K, reserved 1167360K
  class space    used 23286K, capacity 24350K, committed 24448K, reserved 1048576K
}
Event: 68.762 GC heap before
{Heap before GC invocations=39 (full 5):
 PSYoungGen      total 2501632K, used 2501611K [0x0000000715380000, 0x00000007c0000000, 0x00000007c0000000)
  eden space 2205184K, 100% used [0x0000000715380000,0x000000079bd00000,0x000000079bd00000)
  from space 296448K, 99% used [0x000000079bd00000,0x00000007ade7ac60,0x00000007ade80000)
  to   space 296448K, 0% used [0x00000007ade80000,0x00000007ade80000,0x00000007c0000000)
 ParOldGen       total 846336K, used 572656K [0x00000005bfa00000, 0x00000005f3480000, 0x0000000715380000)
  object space 846336K, 67% used [0x00000005bfa00000,0x00000005e293c008,0x00000005f3480000)
 Metaspace       used 139968K, capacity 142857K, committed 143232K, reserved 1167360K
  class space    used 23296K, capacity 24351K, committed 24448K, reserved 1048576K
Event: 68.859 GC heap after
Heap after GC invocations=39 (full 5):
 PSYoungGen      total 2304000K, used 294599K [0x0000000715380000, 0x00000007c0000000, 0x00000007c0000000)
  eden space 2007552K, 0% used [0x0000000715380000,0x0000000715380000,0x000000078fc00000)
  from space 296448K, 99% used [0x00000007ade80000,0x00000007bfe31ef0,0x00000007c0000000)
  to   space 395264K, 0% used [0x000000078fc00000,0x000000078fc00000,0x00000007a7e00000)
 ParOldGen       total 846336K, used 572664K [0x00000005bfa00000, 0x00000005f3480000, 0x0000000715380000)
  object space 846336K, 67% used [0x00000005bfa00000,0x00000005e293e008,0x00000005f3480000)
 Metaspace       used 139968K, capacity 142857K, committed 143232K, reserved 1167360K
  class space    used 23296K, capacity 24351K, committed 24448K, reserved 1048576K
}
Event: 80.502 GC heap before
{Heap before GC invocations=40 (full 5):
 PSYoungGen      total 2304000K, used 2302151K [0x0000000715380000, 0x00000007c0000000, 0x00000007c0000000)
  eden space 2007552K, 100% used [0x0000000715380000,0x000000078fc00000,0x000000078fc00000)
  from space 296448K, 99% used [0x00000007ade80000,0x00000007bfe31ef0,0x00000007c0000000)
  to   space 395264K, 0% used [0x000000078fc00000,0x000000078fc00000,0x00000007a7e00000)
 ParOldGen       total 846336K, used 572664K [0x00000005bfa00000, 0x00000005f3480000, 0x0000000715380000)
  object space 846336K, 67% used [0x00000005bfa00000,0x00000005e293e008,0x00000005f3480000)
 Metaspace       used 140790K, capacity 143775K, committed 144128K, reserved 1169408K
  class space    used 23383K, capacity 24452K, committed 24576K, reserved 1048576K
Event: 80.658 GC heap after
Heap after GC invocations=40 (full 5):
 PSYoungGen      total 2402816K, used 395232K [0x0000000715380000, 0x00000007c0000000, 0x00000007c0000000)
  eden space 2007552K, 0% used [0x0000000715380000,0x0000000715380000,0x000000078fc00000)
  from space 395264K, 99% used [0x000000078fc00000,0x00000007a7df80d0,0x00000007a7e00000)
  to   space 395264K, 0% used [0x00000007a7e00000,0x00000007a7e00000,0x00000007c0000000)
 ParOldGen       total 846336K, used 678163K [0x00000005bfa00000, 0x00000005f3480000, 0x0000000715380000)
  object space 846336K, 80% used [0x00000005bfa00000,0x00000005e9044fb8,0x00000005f3480000)
 Metaspace       used 140790K, capacity 143775K, committed 144128K, reserved 1169408K
  class space    used 23383K, capacity 24452K, committed 24576K, reserved 1048576K
}
Event: 82.759 GC heap before
{Heap before GC invocations=41 (full 5):
 PSYoungGen      total 2402816K, used 2402784K [0x0000000715380000, 0x00000007c0000000, 0x00000007c0000000)
  eden space 2007552K, 100% used [0x0000000715380000,0x000000078fc00000,0x000000078fc00000)
  from space 395264K, 99% used [0x000000078fc00000,0x00000007a7df80d0,0x00000007a7e00000)
  to   space 395264K, 0% used [0x00000007a7e00000,0x00000007a7e00000,0x00000007c0000000)
 ParOldGen       total 846336K, used 678163K [0x00000005bfa00000, 0x00000005f3480000, 0x0000000715380000)
  object space 846336K, 80% used [0x00000005bfa00000,0x00000005e9044fb8,0x00000005f3480000)
 Metaspace       used 141173K, capacity 144137K, committed 144384K, reserved 1169408K
  class space    used 23413K, capacity 24491K, committed 24576K, reserved 1048576K
Event: 82.925 GC heap after
Heap after GC invocations=41 (full 5):
 PSYoungGen      total 1955328K, used 395242K [0x0000000715380000, 0x00000007c0000000, 0x00000007c0000000)
  eden space 1560064K, 0% used [0x0000000715380000,0x0000000715380000,0x0000000774700000)
  from space 395264K, 99% used [0x00000007a7e00000,0x00000007bfffab58,0x00000007c0000000)
  to   space 619008K, 0% used [0x0000000774700000,0x0000000774700000,0x000000079a380000)
 ParOldGen       total 924672K, used 922946K [0x00000005bfa00000, 0x00000005f8100000, 0x0000000715380000)
  object space 924672K, 99% used [0x00000005bfa00000,0x00000005f7f50bc0,0x00000005f8100000)
 Metaspace       used 141173K, capacity 144137K, committed 144384K, reserved 1169408K
  class space    used 23413K, capacity 24491K, committed 24576K, reserved 1048576K
}
Event: 82.925 GC heap before
{Heap before GC invocations=42 (full 6):
 PSYoungGen      total 1955328K, used 395242K [0x0000000715380000, 0x00000007c0000000, 0x00000007c0000000)
  eden space 1560064K, 0% used [0x0000000715380000,0x0000000715380000,0x0000000774700000)
  from space 395264K, 99% used [0x00000007a7e00000,0x00000007bfffab58,0x00000007c0000000)
  to   space 619008K, 0% used [0x0000000774700000,0x0000000774700000,0x000000079a380000)
 ParOldGen       total 924672K, used 922946K [0x00000005bfa00000, 0x00000005f8100000, 0x0000000715380000)
  object space 924672K, 99% used [0x00000005bfa00000,0x00000005f7f50bc0,0x00000005f8100000)
 Metaspace       used 141173K, capacity 144137K, committed 144384K, reserved 1169408K
  class space    used 23413K, capacity 24491K, committed 24576K, reserved 1048576K
Event: 84.024 GC heap after
Heap after GC invocations=42 (full 6):
 PSYoungGen      total 1955328K, used 223323K [0x0000000715380000, 0x00000007c0000000, 0x00000007c0000000)
  eden space 1560064K, 0% used [0x0000000715380000,0x0000000715380000,0x0000000774700000)
  from space 395264K, 56% used [0x00000007a7e00000,0x00000007b5816d88,0x00000007c0000000)
  to   space 619008K, 0% used [0x0000000774700000,0x0000000774700000,0x000000079a380000)
 ParOldGen       total 1479680K, used 924590K [0x00000005bfa00000, 0x0000000619f00000, 0x0000000715380000)
  object space 1479680K, 62% used [0x00000005bfa00000,0x00000005f80ebab0,0x0000000619f00000)
 Metaspace       used 141173K, capacity 144137K, committed 144384K, reserved 1169408K
  class space    used 23413K, capacity 24491K, committed 24576K, reserved 1048576K
}

