# JRE version: Java(TM) SE Runtime Environment (8.0_51-b16) (build 1.8.0_51-b16)
# Java VM: Java HotSpot(TM) 64-Bit Server VM (25.51-b03 mixed mode windows-amd64 compressed oops)
Heap:
 PSYoungGen      total 2295296K, used 2274483K [0x0000000715380000, 0x00000007c0000000, 0x00000007c0000000)
  eden space 1915392K, 99% used [0x0000000715380000,0x000000078953ed20,0x000000078a200000)
  from space 379904K, 97% used [0x00000007a8d00000,0x00000007bf86df30,0x00000007c0000000)
  to   space 441344K, 0% used [0x000000078a200000,0x000000078a200000,0x00000007a5100000)
 ParOldGen       total 1263616K, used 793963K [0x00000005bfa00000, 0x000000060cc00000, 0x0000000715380000)
  object space 1263616K, 62% used [0x00000005bfa00000,0x00000005f015af40,0x000000060cc00000)
 Metaspace       used 134944K, capacity 137828K, committed 138232K, reserved 1165312K
  class space    used 22242K, capacity 23245K, committed 23292K, reserved 1048576K
GC Heap History (10 events):
Event: 50.071 GC heap before
{Heap before GC invocations=39 (full 4):
 PSYoungGen      total 2429440K, used 2429424K [0x0000000715380000, 0x00000007c0000000, 0x00000007c0000000)
  eden space 2250240K, 100% used [0x0000000715380000,0x000000079e900000,0x000000079e900000)
  from space 179200K, 99% used [0x00000007b5100000,0x00000007bfffc298,0x00000007c0000000)
  to   space 273920K, 0% used [0x000000079e900000,0x000000079e900000,0x00000007af480000)
 ParOldGen       total 791552K, used 585890K [0x00000005bfa00000, 0x00000005eff00000, 0x0000000715380000)
  object space 791552K, 74% used [0x00000005bfa00000,0x00000005e3628828,0x00000005eff00000)
 Metaspace       used 133034K, capacity 135736K, committed 136184K, reserved 1163264K
  class space    used 22041K, capacity 23019K, committed 23036K, reserved 1048576K
Event: 50.157 GC heap after
Heap after GC invocations=39 (full 4):
 PSYoungGen      total 2474496K, used 224050K [0x0000000715380000, 0x00000007c0000000, 0x00000007c0000000)
  eden space 2250240K, 0% used [0x0000000715380000,0x0000000715380000,0x000000079e900000)
  from space 224256K, 99% used [0x000000079e900000,0x00000007ac3ccbb8,0x00000007ac400000)
  to   space 303104K, 0% used [0x00000007ad800000,0x00000007ad800000,0x00000007c0000000)
 ParOldGen       total 791552K, used 624630K [0x00000005bfa00000, 0x00000005eff00000, 0x0000000715380000)
  object space 791552K, 78% used [0x00000005bfa00000,0x00000005e5bfda08,0x00000005eff00000)
 Metaspace       used 133034K, capacity 135736K, committed 136184K, reserved 1163264K
  class space    used 22041K, capacity 23019K, committed 23036K, reserved 1048576K
}
Event: 53.120 GC heap before
{Heap before GC invocations=40 (full 4):
 PSYoungGen      total 2474496K, used 2474290K [0x0000000715380000, 0x00000007c0000000, 0x00000007c0000000)
  eden space 2250240K, 100% used [0x0000000715380000,0x000000079e900000,0x000000079e900000)
  from space 224256K, 99% used [0x000000079e900000,0x00000007ac3ccbb8,0x00000007ac400000)
  to   space 303104K, 0% used [0x00000007ad800000,0x00000007ad800000,0x00000007c0000000)
 ParOldGen       total 791552K, used 624630K [0x00000005bfa00000, 0x00000005eff00000, 0x0000000715380000)
  object space 791552K, 78% used [0x00000005bfa00000,0x00000005e5bfda08,0x00000005eff00000)
 Metaspace       used 133403K, capacity 136088K, committed 136696K, reserved 1163264K
  class space    used 22065K, capacity 23027K, committed 23036K, reserved 1048576K
Event: 53.234 GC heap after
Heap after GC invocations=40 (full 4):
 PSYoungGen      total 2326016K, used 303078K [0x0000000715380000, 0x00000007c0000000, 0x00000007c0000000)
  eden space 2022912K, 0% used [0x0000000715380000,0x0000000715380000,0x0000000790b00000)
  from space 303104K, 99% used [0x00000007ad800000,0x00000007bfff9b28,0x00000007c0000000)
  to   space 387584K, 0% used [0x0000000790b00000,0x0000000790b00000,0x00000007a8580000)
 ParOldGen       total 791552K, used 713369K [0x00000005bfa00000, 0x00000005eff00000, 0x0000000715380000)
  object space 791552K, 90% used [0x00000005bfa00000,0x00000005eb2a64e0,0x00000005eff00000)
 Metaspace       used 133403K, capacity 136088K, committed 136696K, reserved 1163264K
  class space    used 22065K, capacity 23027K, committed 23036K, reserved 1048576K
}
Event: 53.234 GC heap before
{Heap before GC invocations=41 (full 5):
 PSYoungGen      total 2326016K, used 303078K [0x0000000715380000, 0x00000007c0000000, 0x00000007c0000000)
  eden space 2022912K, 0% used [0x0000000715380000,0x0000000715380000,0x0000000790b00000)
  from space 303104K, 99% used [0x00000007ad800000,0x00000007bfff9b28,0x00000007c0000000)
  to   space 387584K, 0% used [0x0000000790b00000,0x0000000790b00000,0x00000007a8580000)
 ParOldGen       total 791552K, used 713369K [0x00000005bfa00000, 0x00000005eff00000, 0x0000000715380000)
  object space 791552K, 90% used [0x00000005bfa00000,0x00000005eb2a64e0,0x00000005eff00000)
 Metaspace       used 133403K, capacity 136088K, committed 136696K, reserved 1163264K
  class space    used 22065K, capacity 23027K, committed 23036K, reserved 1048576K
Event: 54.190 GC heap after
Heap after GC invocations=41 (full 5):
 PSYoungGen      total 2326016K, used 33001K [0x0000000715380000, 0x00000007c0000000, 0x00000007c0000000)
  eden space 2022912K, 0% used [0x0000000715380000,0x0000000715380000,0x0000000790b00000)
  from space 303104K, 10% used [0x00000007ad800000,0x00000007af83a758,0x00000007c0000000)
  to   space 387584K, 0% used [0x0000000790b00000,0x0000000790b00000,0x00000007a8580000)
 ParOldGen       total 1263616K, used 791390K [0x00000005bfa00000, 0x000000060cc00000, 0x0000000715380000)
  object space 1263616K, 62% used [0x00000005bfa00000,0x00000005efed7b38,0x000000060cc00000)
 Metaspace       used 133403K, capacity 136088K, committed 136696K, reserved 1163264K
  class space    used 22065K, capacity 23027K, committed 23036K, reserved 1048576K
}
Event: 57.700 GC heap before
{Heap before GC invocations=42 (full 5):
 PSYoungGen      total 2326016K, used 2055913K [0x0000000715380000, 0x00000007c0000000, 0x00000007c0000000)
  eden space 2022912K, 100% used [0x0000000715380000,0x0000000790b00000,0x0000000790b00000)
  from space 303104K, 10% used [0x00000007ad800000,0x00000007af83a758,0x00000007c0000000)
  to   space 387584K, 0% used [0x0000000790b00000,0x0000000790b00000,0x00000007a8580000)
 ParOldGen       total 1263616K, used 791390K [0x00000005bfa00000, 0x000000060cc00000, 0x0000000715380000)
  object space 1263616K, 62% used [0x00000005bfa00000,0x00000005efed7b38,0x000000060cc00000)
 Metaspace       used 133515K, capacity 136222K, committed 136696K, reserved 1163264K
  class space    used 22074K, capacity 23028K, committed 23036K, reserved 1048576K
Event: 57.785 GC heap after
Heap after GC invocations=42 (full 5):
 PSYoungGen      total 2410496K, used 184824K [0x0000000715380000, 0x00000007c0000000, 0x00000007c0000000)
  eden space 2022912K, 0% used [0x0000000715380000,0x0000000715380000,0x0000000790b00000)
  from space 387584K, 47% used [0x0000000790b00000,0x000000079bf7e340,0x00000007a8580000)
  to   space 379904K, 0% used [0x00000007a8d00000,0x00000007a8d00000,0x00000007c0000000)
 ParOldGen       total 1263616K, used 793955K [0x00000005bfa00000, 0x000000060cc00000, 0x0000000715380000)
  object space 1263616K, 62% used [0x00000005bfa00000,0x00000005f0158f40,0x000000060cc00000)
 Metaspace       used 133515K, capacity 136222K, committed 136696K, reserved 1163264K
  class space    used 22074K, capacity 23028K, committed 23036K, reserved 1048576K
}
Event: 68.450 GC heap before
{Heap before GC invocations=43 (full 5):
 PSYoungGen      total 2410496K, used 2207736K [0x0000000715380000, 0x00000007c0000000, 0x00000007c0000000)
  eden space 2022912K, 100% used [0x0000000715380000,0x0000000790b00000,0x0000000790b00000)
  from space 387584K, 47% used [0x0000000790b00000,0x000000079bf7e340,0x00000007a8580000)
  to   space 379904K, 0% used [0x00000007a8d00000,0x00000007a8d00000,0x00000007c0000000)
 ParOldGen       total 1263616K, used 793955K [0x00000005bfa00000, 0x000000060cc00000, 0x0000000715380000)
  object space 1263616K, 62% used [0x00000005bfa00000,0x00000005f0158f40,0x000000060cc00000)
 Metaspace       used 134246K, capacity 137050K, committed 137464K, reserved 1163264K
  class space    used 22175K, capacity 23168K, committed 23292K, reserved 1048576K
Event: 68.548 GC heap after
Heap after GC invocations=43 (full 5):
 PSYoungGen      total 2295296K, used 372151K [0x0000000715380000, 0x00000007c0000000, 0x00000007c0000000)
  eden space 1915392K, 0% used [0x0000000715380000,0x0000000715380000,0x000000078a200000)
  from space 379904K, 97% used [0x00000007a8d00000,0x00000007bf86df30,0x00000007c0000000)
  to   space 441344K, 0% used [0x000000078a200000,0x000000078a200000,0x00000007a5100000)
 ParOldGen       total 1263616K, used 793963K [0x00000005bfa00000, 0x000000060cc00000, 0x0000000715380000)
  object space 1263616K, 62% used [0x00000005bfa00000,0x00000005f015af40,0x000000060cc00000)
 Metaspace       used 134246K, capacity 137050K, committed 137464K, reserved 1163264K
  class space    used 22175K, capacity 23168K, committed 23292K, reserved 1048576K
}

