# JRE version: Java(TM) SE Runtime Environment (8.0_51-b16) (build 1.8.0_51-b16)
# Java VM: Java HotSpot(TM) 64-Bit Server VM (25.51-b03 mixed mode windows-amd64 compressed oops)
Heap:
 PSYoungGen      total 2380288K, used 1985525K [0x0000000715380000, 0x00000007c0000000, 0x00000007c0000000)
  eden space 1962496K, 86% used [0x0000000715380000,0x000000077ccbbde8,0x000000078d000000)
  from space 417792K, 69% used [0x000000078d000000,0x000000079e9c1980,0x00000007a6800000)
  to   space 417792K, 0% used [0x00000007a6800000,0x00000007a6800000,0x00000007c0000000)
 ParOldGen       total 1262592K, used 793318K [0x00000005bfa00000, 0x000000060cb00000, 0x0000000715380000)
  object space 1262592K, 62% used [0x00000005bfa00000,0x00000005f00b9970,0x000000060cb00000)
 Metaspace       used 140689K, capacity 143711K, committed 143936K, reserved 1169408K
  class space    used 23363K, capacity 24395K, committed 24408K, reserved 1048576K
GC Heap History (10 events):
Event: 61.207 GC heap before
{Heap before GC invocations=35 (full 5):
 PSYoungGen      total 2544128K, used 2544105K [0x0000000715380000, 0x00000007c0000000, 0x00000007c0000000)
  eden space 2296320K, 100% used [0x0000000715380000,0x00000007a1600000,0x00000007a1600000)
  from space 247808K, 99% used [0x00000007a1600000,0x00000007b07fa610,0x00000007b0800000)
  to   space 253952K, 0% used [0x00000007b0800000,0x00000007b0800000,0x00000007c0000000)
 ParOldGen       total 793600K, used 457939K [0x00000005bfa00000, 0x00000005f0100000, 0x0000000715380000)
  object space 793600K, 57% used [0x00000005bfa00000,0x00000005db934d68,0x00000005f0100000)
 Metaspace       used 138829K, capacity 141731K, committed 142272K, reserved 1167360K
  class space    used 23170K, capacity 24205K, committed 24280K, reserved 1048576K
Event: 61.501 GC heap after
Heap after GC invocations=35 (full 5):
 PSYoungGen      total 2279936K, used 253921K [0x0000000715380000, 0x00000007c0000000, 0x00000007c0000000)
  eden space 2025984K, 0% used [0x0000000715380000,0x0000000715380000,0x0000000790e00000)
  from space 253952K, 99% used [0x00000007b0800000,0x00000007bfff84d8,0x00000007c0000000)
  to   space 386048K, 0% used [0x0000000790e00000,0x0000000790e00000,0x00000007a8700000)
 ParOldGen       total 793600K, used 647660K [0x00000005bfa00000, 0x00000005f0100000, 0x0000000715380000)
  object space 793600K, 81% used [0x00000005bfa00000,0x00000005e727b1a0,0x00000005f0100000)
 Metaspace       used 138829K, capacity 141731K, committed 142272K, reserved 1167360K
  class space    used 23170K, capacity 24205K, committed 24280K, reserved 1048576K
}
Event: 65.060 GC heap before
{Heap before GC invocations=36 (full 5):
 PSYoungGen      total 2279936K, used 2279905K [0x0000000715380000, 0x00000007c0000000, 0x00000007c0000000)
  eden space 2025984K, 100% used [0x0000000715380000,0x0000000790e00000,0x0000000790e00000)
  from space 253952K, 99% used [0x00000007b0800000,0x00000007bfff84d8,0x00000007c0000000)
  to   space 386048K, 0% used [0x0000000790e00000,0x0000000790e00000,0x00000007a8700000)
 ParOldGen       total 793600K, used 647660K [0x00000005bfa00000, 0x00000005f0100000, 0x0000000715380000)
  object space 793600K, 81% used [0x00000005bfa00000,0x00000005e727b1a0,0x00000005f0100000)
 Metaspace       used 138889K, capacity 141859K, committed 142528K, reserved 1167360K
  class space    used 23170K, capacity 24205K, committed 24280K, reserved 1048576K
Event: 65.130 GC heap after
Heap after GC invocations=36 (full 5):
 PSYoungGen      total 2412032K, used 146427K [0x0000000715380000, 0x00000007c0000000, 0x00000007c0000000)
  eden space 2025984K, 0% used [0x0000000715380000,0x0000000715380000,0x0000000790e00000)
  from space 386048K, 37% used [0x0000000790e00000,0x0000000799cfeca8,0x00000007a8700000)
  to   space 365568K, 0% used [0x00000007a9b00000,0x00000007a9b00000,0x00000007c0000000)
 ParOldGen       total 793600K, used 647668K [0x00000005bfa00000, 0x00000005f0100000, 0x0000000715380000)
  object space 793600K, 81% used [0x00000005bfa00000,0x00000005e727d1a0,0x00000005f0100000)
 Metaspace       used 138889K, capacity 141859K, committed 142528K, reserved 1167360K
  class space    used 23170K, capacity 24205K, committed 24280K, reserved 1048576K
}
Event: 70.807 GC heap before
{Heap before GC invocations=37 (full 5):
 PSYoungGen      total 2412032K, used 2172411K [0x0000000715380000, 0x00000007c0000000, 0x00000007c0000000)
  eden space 2025984K, 100% used [0x0000000715380000,0x0000000790e00000,0x0000000790e00000)
  from space 386048K, 37% used [0x0000000790e00000,0x0000000799cfeca8,0x00000007a8700000)
  to   space 365568K, 0% used [0x00000007a9b00000,0x00000007a9b00000,0x00000007c0000000)
 ParOldGen       total 793600K, used 647668K [0x00000005bfa00000, 0x00000005f0100000, 0x0000000715380000)
  object space 793600K, 81% used [0x00000005bfa00000,0x00000005e727d1a0,0x00000005f0100000)
 Metaspace       used 139161K, capacity 142057K, committed 142528K, reserved 1167360K
  class space    used 23181K, capacity 24206K, committed 24280K, reserved 1048576K
Event: 70.919 GC heap after
Heap after GC invocations=37 (full 5):
 PSYoungGen      total 2328064K, used 354049K [0x0000000715380000, 0x00000007c0000000, 0x00000007c0000000)
  eden space 1962496K, 0% used [0x0000000715380000,0x0000000715380000,0x000000078d000000)
  from space 365568K, 96% used [0x00000007a9b00000,0x00000007bf4c07b0,0x00000007c0000000)
  to   space 417792K, 0% used [0x000000078d000000,0x000000078d000000,0x00000007a6800000)
 ParOldGen       total 793600K, used 647676K [0x00000005bfa00000, 0x00000005f0100000, 0x0000000715380000)
  object space 793600K, 81% used [0x00000005bfa00000,0x00000005e727f1a0,0x00000005f0100000)
 Metaspace       used 139161K, capacity 142057K, committed 142528K, reserved 1167360K
  class space    used 23181K, capacity 24206K, committed 24280K, reserved 1048576K
}
Event: 86.448 GC heap before
{Heap before GC invocations=38 (full 5):
 PSYoungGen      total 2328064K, used 2316545K [0x0000000715380000, 0x00000007c0000000, 0x00000007c0000000)
  eden space 1962496K, 100% used [0x0000000715380000,0x000000078d000000,0x000000078d000000)
  from space 365568K, 96% used [0x00000007a9b00000,0x00000007bf4c07b0,0x00000007c0000000)
  to   space 417792K, 0% used [0x000000078d000000,0x000000078d000000,0x00000007a6800000)
 ParOldGen       total 793600K, used 647676K [0x00000005bfa00000, 0x00000005f0100000, 0x0000000715380000)
  object space 793600K, 81% used [0x00000005bfa00000,0x00000005e727f1a0,0x00000005f0100000)
 Metaspace       used 140276K, capacity 143249K, committed 143680K, reserved 1169408K
  class space    used 23291K, capacity 24346K, committed 24408K, reserved 1048576K
Event: 86.842 GC heap after
Heap after GC invocations=38 (full 5):
 PSYoungGen      total 2380288K, used 417783K [0x0000000715380000, 0x00000007c0000000, 0x00000007c0000000)
  eden space 1962496K, 0% used [0x0000000715380000,0x0000000715380000,0x000000078d000000)
  from space 417792K, 99% used [0x000000078d000000,0x00000007a67fdee0,0x00000007a6800000)
  to   space 417792K, 0% used [0x00000007a6800000,0x00000007a6800000,0x00000007c0000000)
 ParOldGen       total 793600K, used 731937K [0x00000005bfa00000, 0x00000005f0100000, 0x0000000715380000)
  object space 793600K, 92% used [0x00000005bfa00000,0x00000005ec4c84a8,0x00000005f0100000)
 Metaspace       used 140276K, capacity 143249K, committed 143680K, reserved 1169408K
  class space    used 23291K, capacity 24346K, committed 24408K, reserved 1048576K
}
Event: 86.842 GC heap before
{Heap before GC invocations=39 (full 6):
 PSYoungGen      total 2380288K, used 417783K [0x0000000715380000, 0x00000007c0000000, 0x00000007c0000000)
  eden space 1962496K, 0% used [0x0000000715380000,0x0000000715380000,0x000000078d000000)
  from space 417792K, 99% used [0x000000078d000000,0x00000007a67fdee0,0x00000007a6800000)
  to   space 417792K, 0% used [0x00000007a6800000,0x00000007a6800000,0x00000007c0000000)
 ParOldGen       total 793600K, used 731937K [0x00000005bfa00000, 0x00000005f0100000, 0x0000000715380000)
  object space 793600K, 92% used [0x00000005bfa00000,0x00000005ec4c84a8,0x00000005f0100000)
 Metaspace       used 140276K, capacity 143249K, committed 143680K, reserved 1169408K
  class space    used 23291K, capacity 24346K, committed 24408K, reserved 1048576K
Event: 88.862 GC heap after
Heap after GC invocations=39 (full 6):
 PSYoungGen      total 2380288K, used 288518K [0x0000000715380000, 0x00000007c0000000, 0x00000007c0000000)
  eden space 1962496K, 0% used [0x0000000715380000,0x0000000715380000,0x000000078d000000)
  from space 417792K, 69% used [0x000000078d000000,0x000000079e9c1980,0x00000007a6800000)
  to   space 417792K, 0% used [0x00000007a6800000,0x00000007a6800000,0x00000007c0000000)
 ParOldGen       total 1262592K, used 793318K [0x00000005bfa00000, 0x000000060cb00000, 0x0000000715380000)
  object space 1262592K, 62% used [0x00000005bfa00000,0x00000005f00b9970,0x000000060cb00000)
 Metaspace       used 140276K, capacity 143249K, committed 143680K, reserved 1169408K
  class space    used 23291K, capacity 24346K, committed 24408K, reserved 1048576K
}

