# JRE version: Java(TM) SE Runtime Environment (8.0_51-b16) (build 1.8.0_51-b16)
# Java VM: Java HotSpot(TM) 64-Bit Server VM (25.51-b03 mixed mode windows-amd64 compressed oops)
Heap:
 PSYoungGen      total 2365952K, used 2096191K [0x0000000715380000, 0x00000007c0000000, 0x00000007c0000000)
  eden space 1933824K, 95% used [0x0000000715380000,0x0000000785f70f98,0x000000078b400000)
  from space 432128K, 57% used [0x000000078b400000,0x000000079a71ef30,0x00000007a5a00000)
  to   space 432128K, 0% used [0x00000007a5a00000,0x00000007a5a00000,0x00000007c0000000)
 ParOldGen       total 1213952K, used 773653K [0x00000005bfa00000, 0x0000000609b80000, 0x0000000715380000)
  object space 1213952K, 63% used [0x00000005bfa00000,0x00000005eed85658,0x0000000609b80000)
 Metaspace       used 134282K, capacity 137136K, committed 137600K, reserved 1163264K
  class space    used 22115K, capacity 23083K, committed 23168K, reserved 1048576K
GC Heap History (10 events):
Event: 52.275 GC heap before
{Heap before GC invocations=33 (full 5):
 PSYoungGen      total 2578944K, used 2578939K [0x0000000715380000, 0x00000007c0000000, 0x00000007c0000000)
  eden space 2359808K, 100% used [0x0000000715380000,0x00000007a5400000,0x00000007a5400000)
  from space 219136K, 99% used [0x00000007a5400000,0x00000007b29fedc8,0x00000007b2a00000)
  to   space 219136K, 0% used [0x00000007b2a00000,0x00000007b2a00000,0x00000007c0000000)
 ParOldGen       total 774144K, used 457678K [0x00000005bfa00000, 0x00000005eee00000, 0x0000000715380000)
  object space 774144K, 59% used [0x00000005bfa00000,0x00000005db8f3b88,0x00000005eee00000)
 Metaspace       used 131815K, capacity 134446K, committed 135040K, reserved 1161216K
  class space    used 21902K, capacity 22854K, committed 22912K, reserved 1048576K
Event: 52.383 GC heap after
Heap after GC invocations=33 (full 5):
 PSYoungGen      total 2432512K, used 219106K [0x0000000715380000, 0x00000007c0000000, 0x00000007c0000000)
  eden space 2213376K, 0% used [0x0000000715380000,0x0000000715380000,0x000000079c500000)
  from space 219136K, 99% used [0x00000007b2a00000,0x00000007bfff89c8,0x00000007c0000000)
  to   space 292352K, 0% used [0x000000079c500000,0x000000079c500000,0x00000007ae280000)
 ParOldGen       total 774144K, used 488729K [0x00000005bfa00000, 0x00000005eee00000, 0x0000000715380000)
  object space 774144K, 63% used [0x00000005bfa00000,0x00000005dd746610,0x00000005eee00000)
 Metaspace       used 131815K, capacity 134446K, committed 135040K, reserved 1161216K
  class space    used 21902K, capacity 22854K, committed 22912K, reserved 1048576K
}
Event: 55.991 GC heap before
{Heap before GC invocations=34 (full 5):
 PSYoungGen      total 2432512K, used 2432482K [0x0000000715380000, 0x00000007c0000000, 0x00000007c0000000)
  eden space 2213376K, 100% used [0x0000000715380000,0x000000079c500000,0x000000079c500000)
  from space 219136K, 99% used [0x00000007b2a00000,0x00000007bfff89c8,0x00000007c0000000)
  to   space 292352K, 0% used [0x000000079c500000,0x000000079c500000,0x00000007ae280000)
 ParOldGen       total 774144K, used 488729K [0x00000005bfa00000, 0x00000005eee00000, 0x0000000715380000)
  object space 774144K, 63% used [0x00000005bfa00000,0x00000005dd746610,0x00000005eee00000)
 Metaspace       used 132300K, capacity 134948K, committed 135552K, reserved 1161216K
  class space    used 21938K, capacity 22865K, committed 22912K, reserved 1048576K
Event: 56.137 GC heap after
Heap after GC invocations=34 (full 5):
 PSYoungGen      total 2505728K, used 292327K [0x0000000715380000, 0x00000007c0000000, 0x00000007c0000000)
  eden space 2213376K, 0% used [0x0000000715380000,0x0000000715380000,0x000000079c500000)
  from space 292352K, 99% used [0x000000079c500000,0x00000007ae279da0,0x00000007ae280000)
  to   space 292352K, 0% used [0x00000007ae280000,0x00000007ae280000,0x00000007c0000000)
 ParOldGen       total 774144K, used 606135K [0x00000005bfa00000, 0x00000005eee00000, 0x0000000715380000)
  object space 774144K, 78% used [0x00000005bfa00000,0x00000005e49edd88,0x00000005eee00000)
 Metaspace       used 132300K, capacity 134948K, committed 135552K, reserved 1161216K
  class space    used 21938K, capacity 22865K, committed 22912K, reserved 1048576K
}
Event: 60.398 GC heap before
{Heap before GC invocations=35 (full 5):
 PSYoungGen      total 2505728K, used 2505703K [0x0000000715380000, 0x00000007c0000000, 0x00000007c0000000)
  eden space 2213376K, 100% used [0x0000000715380000,0x000000079c500000,0x000000079c500000)
  from space 292352K, 99% used [0x000000079c500000,0x00000007ae279da0,0x00000007ae280000)
  to   space 292352K, 0% used [0x00000007ae280000,0x00000007ae280000,0x00000007c0000000)
 ParOldGen       total 774144K, used 606135K [0x00000005bfa00000, 0x00000005eee00000, 0x0000000715380000)
  object space 774144K, 78% used [0x00000005bfa00000,0x00000005e49edd88,0x00000005eee00000)
 Metaspace       used 132539K, capacity 135210K, committed 135808K, reserved 1163264K
  class space    used 21947K, capacity 22866K, committed 22912K, reserved 1048576K
Event: 60.523 GC heap after
Heap after GC invocations=35 (full 5):
 PSYoungGen      total 2226176K, used 292327K [0x0000000715380000, 0x00000007c0000000, 0x00000007c0000000)
  eden space 1933824K, 0% used [0x0000000715380000,0x0000000715380000,0x000000078b400000)
  from space 292352K, 99% used [0x00000007ae280000,0x00000007bfff9f00,0x00000007c0000000)
  to   space 432128K, 0% used [0x000000078b400000,0x000000078b400000,0x00000007a5a00000)
 ParOldGen       total 774144K, used 668258K [0x00000005bfa00000, 0x00000005eee00000, 0x0000000715380000)
  object space 774144K, 86% used [0x00000005bfa00000,0x00000005e8698a30,0x00000005eee00000)
 Metaspace       used 132539K, capacity 135210K, committed 135808K, reserved 1163264K
  class space    used 21947K, capacity 22866K, committed 22912K, reserved 1048576K
}
Event: 71.422 GC heap before
{Heap before GC invocations=36 (full 5):
 PSYoungGen      total 2226176K, used 2226151K [0x0000000715380000, 0x00000007c0000000, 0x00000007c0000000)
  eden space 1933824K, 100% used [0x0000000715380000,0x000000078b400000,0x000000078b400000)
  from space 292352K, 99% used [0x00000007ae280000,0x00000007bfff9f00,0x00000007c0000000)
  to   space 432128K, 0% used [0x000000078b400000,0x000000078b400000,0x00000007a5a00000)
 ParOldGen       total 774144K, used 668258K [0x00000005bfa00000, 0x00000005eee00000, 0x0000000715380000)
  object space 774144K, 86% used [0x00000005bfa00000,0x00000005e8698a30,0x00000005eee00000)
 Metaspace       used 133599K, capacity 136394K, committed 136704K, reserved 1163264K
  class space    used 22051K, capacity 23038K, committed 23040K, reserved 1048576K
Event: 71.571 GC heap after
Heap after GC invocations=36 (full 5):
 PSYoungGen      total 2365952K, used 432111K [0x0000000715380000, 0x00000007c0000000, 0x00000007c0000000)
  eden space 1933824K, 0% used [0x0000000715380000,0x0000000715380000,0x000000078b400000)
  from space 432128K, 99% used [0x000000078b400000,0x00000007a59fbd48,0x00000007a5a00000)
  to   space 432128K, 0% used [0x00000007a5a00000,0x00000007a5a00000,0x00000007c0000000)
 ParOldGen       total 774144K, used 741621K [0x00000005bfa00000, 0x00000005eee00000, 0x0000000715380000)
  object space 774144K, 95% used [0x00000005bfa00000,0x00000005ece3d7f8,0x00000005eee00000)
 Metaspace       used 133599K, capacity 136394K, committed 136704K, reserved 1163264K
  class space    used 22051K, capacity 23038K, committed 23040K, reserved 1048576K
}
Event: 71.571 GC heap before
{Heap before GC invocations=37 (full 6):
 PSYoungGen      total 2365952K, used 432111K [0x0000000715380000, 0x00000007c0000000, 0x00000007c0000000)
  eden space 1933824K, 0% used [0x0000000715380000,0x0000000715380000,0x000000078b400000)
  from space 432128K, 99% used [0x000000078b400000,0x00000007a59fbd48,0x00000007a5a00000)
  to   space 432128K, 0% used [0x00000007a5a00000,0x00000007a5a00000,0x00000007c0000000)
 ParOldGen       total 774144K, used 741621K [0x00000005bfa00000, 0x00000005eee00000, 0x0000000715380000)
  object space 774144K, 95% used [0x00000005bfa00000,0x00000005ece3d7f8,0x00000005eee00000)
 Metaspace       used 133599K, capacity 136394K, committed 136704K, reserved 1163264K
  class space    used 22051K, capacity 23038K, committed 23040K, reserved 1048576K
Event: 72.666 GC heap after
Heap after GC invocations=37 (full 6):
 PSYoungGen      total 2365952K, used 248955K [0x0000000715380000, 0x00000007c0000000, 0x00000007c0000000)
  eden space 1933824K, 0% used [0x0000000715380000,0x0000000715380000,0x000000078b400000)
  from space 432128K, 57% used [0x000000078b400000,0x000000079a71ef30,0x00000007a5a00000)
  to   space 432128K, 0% used [0x00000007a5a00000,0x00000007a5a00000,0x00000007c0000000)
 ParOldGen       total 1213952K, used 773653K [0x00000005bfa00000, 0x0000000609b80000, 0x0000000715380000)
  object space 1213952K, 63% used [0x00000005bfa00000,0x00000005eed85658,0x0000000609b80000)
 Metaspace       used 133599K, capacity 136394K, committed 136704K, reserved 1163264K
  class space    used 22051K, capacity 23038K, committed 23040K, reserved 1048576K
}

