# JRE version: Java(TM) SE Runtime Environment (8.0_51-b16) (build 1.8.0_51-b16)
# Java VM: Java HotSpot(TM) 64-Bit Server VM (25.51-b03 mixed mode windows-amd64 compressed oops)
Heap:
 PSYoungGen      total 2051072K, used 638035K [0x0000000715380000, 0x00000007c0000000, 0x00000007c0000000)
  eden space 1643008K, 13% used [0x0000000715380000,0x0000000723417dd0,0x0000000779800000)
  from space 408064K, 99% used [0x00000007a7180000,0x00000007bfffd178,0x00000007c0000000)
  to   space 577536K, 0% used [0x0000000779800000,0x0000000779800000,0x000000079cc00000)
 ParOldGen       total 1238016K, used 841578K [0x00000005bfa00000, 0x000000060b300000, 0x0000000715380000)
  object space 1238016K, 67% used [0x00000005bfa00000,0x00000005f2fda8e0,0x000000060b300000)
 Metaspace       used 134932K, capacity 137831K, committed 138240K, reserved 1165312K
  class space    used 22242K, capacity 23244K, committed 23296K, reserved 1048576K
GC Heap History (10 events):
Event: 50.334 GC heap before
{Heap before GC invocations=34 (full 5):
 PSYoungGen      total 2476544K, used 2474617K [0x0000000715380000, 0x00000007c0000000, 0x00000007c0000000)
  eden space 2228736K, 100% used [0x0000000715380000,0x000000079d400000,0x000000079d400000)
  from space 247808K, 99% used [0x00000007b0e00000,0x00000007bfe1e580,0x00000007c0000000)
  to   space 284672K, 0% used [0x000000079d400000,0x000000079d400000,0x00000007aea00000)
 ParOldGen       total 784896K, used 448818K [0x00000005bfa00000, 0x00000005ef880000, 0x0000000715380000)
  object space 784896K, 57% used [0x00000005bfa00000,0x00000005db04ca70,0x00000005ef880000)
 Metaspace       used 132976K, capacity 135643K, committed 136192K, reserved 1163264K
  class space    used 22064K, capacity 23026K, committed 23040K, reserved 1048576K
Event: 50.461 GC heap after
Heap after GC invocations=34 (full 5):
 PSYoungGen      total 2513408K, used 284650K [0x0000000715380000, 0x00000007c0000000, 0x00000007c0000000)
  eden space 2228736K, 0% used [0x0000000715380000,0x0000000715380000,0x000000079d400000)
  from space 284672K, 99% used [0x000000079d400000,0x00000007ae9fa868,0x00000007aea00000)
  to   space 284672K, 0% used [0x00000007aea00000,0x00000007aea00000,0x00000007c0000000)
 ParOldGen       total 784896K, used 580858K [0x00000005bfa00000, 0x00000005ef880000, 0x0000000715380000)
  object space 784896K, 74% used [0x00000005bfa00000,0x00000005e313e990,0x00000005ef880000)
 Metaspace       used 132976K, capacity 135643K, committed 136192K, reserved 1163264K
  class space    used 22064K, capacity 23026K, committed 23040K, reserved 1048576K
}
Event: 53.723 GC heap before
{Heap before GC invocations=35 (full 5):
 PSYoungGen      total 2513408K, used 2513386K [0x0000000715380000, 0x00000007c0000000, 0x00000007c0000000)
  eden space 2228736K, 100% used [0x0000000715380000,0x000000079d400000,0x000000079d400000)
  from space 284672K, 99% used [0x000000079d400000,0x00000007ae9fa868,0x00000007aea00000)
  to   space 284672K, 0% used [0x00000007aea00000,0x00000007aea00000,0x00000007c0000000)
 ParOldGen       total 784896K, used 580858K [0x00000005bfa00000, 0x00000005ef880000, 0x0000000715380000)
  object space 784896K, 74% used [0x00000005bfa00000,0x00000005e313e990,0x00000005ef880000)
 Metaspace       used 133203K, capacity 135905K, committed 136448K, reserved 1163264K
  class space    used 22074K, capacity 23027K, committed 23040K, reserved 1048576K
Event: 53.811 GC heap after
Heap after GC invocations=35 (full 5):
 PSYoungGen      total 2266624K, used 284659K [0x0000000715380000, 0x00000007c0000000, 0x00000007c0000000)
  eden space 1981952K, 0% used [0x0000000715380000,0x0000000715380000,0x000000078e300000)
  from space 284672K, 99% used [0x00000007aea00000,0x00000007bfffced8,0x00000007c0000000)
  to   space 408064K, 0% used [0x000000078e300000,0x000000078e300000,0x00000007a7180000)
 ParOldGen       total 784896K, used 593842K [0x00000005bfa00000, 0x00000005ef880000, 0x0000000715380000)
  object space 784896K, 75% used [0x00000005bfa00000,0x00000005e3dec9d8,0x00000005ef880000)
 Metaspace       used 133203K, capacity 135905K, committed 136448K, reserved 1163264K
  class space    used 22074K, capacity 23027K, committed 23040K, reserved 1048576K
}
Event: 64.151 GC heap before
{Heap before GC invocations=36 (full 5):
 PSYoungGen      total 2266624K, used 2266611K [0x0000000715380000, 0x00000007c0000000, 0x00000007c0000000)
  eden space 1981952K, 100% used [0x0000000715380000,0x000000078e300000,0x000000078e300000)
  from space 284672K, 99% used [0x00000007aea00000,0x00000007bfffced8,0x00000007c0000000)
  to   space 408064K, 0% used [0x000000078e300000,0x000000078e300000,0x00000007a7180000)
 ParOldGen       total 784896K, used 593842K [0x00000005bfa00000, 0x00000005ef880000, 0x0000000715380000)
  object space 784896K, 75% used [0x00000005bfa00000,0x00000005e3dec9d8,0x00000005ef880000)
 Metaspace       used 134095K, capacity 136931K, committed 137344K, reserved 1163264K
  class space    used 22168K, capacity 23166K, committed 23168K, reserved 1048576K
Event: 64.306 GC heap after
Heap after GC invocations=36 (full 5):
 PSYoungGen      total 2390016K, used 408034K [0x0000000715380000, 0x00000007c0000000, 0x00000007c0000000)
  eden space 1981952K, 0% used [0x0000000715380000,0x0000000715380000,0x000000078e300000)
  from space 408064K, 99% used [0x000000078e300000,0x00000007a7178bd8,0x00000007a7180000)
  to   space 408064K, 0% used [0x00000007a7180000,0x00000007a7180000,0x00000007c0000000)
 ParOldGen       total 784896K, used 694330K [0x00000005bfa00000, 0x00000005ef880000, 0x0000000715380000)
  object space 784896K, 88% used [0x00000005bfa00000,0x00000005ea00ea28,0x00000005ef880000)
 Metaspace       used 134095K, capacity 136931K, committed 137344K, reserved 1163264K
  class space    used 22168K, capacity 23166K, committed 23168K, reserved 1048576K
}
Event: 64.306 GC heap before
{Heap before GC invocations=37 (full 6):
 PSYoungGen      total 2390016K, used 408034K [0x0000000715380000, 0x00000007c0000000, 0x00000007c0000000)
  eden space 1981952K, 0% used [0x0000000715380000,0x0000000715380000,0x000000078e300000)
  from space 408064K, 99% used [0x000000078e300000,0x00000007a7178bd8,0x00000007a7180000)
  to   space 408064K, 0% used [0x00000007a7180000,0x00000007a7180000,0x00000007c0000000)
 ParOldGen       total 784896K, used 694330K [0x00000005bfa00000, 0x00000005ef880000, 0x0000000715380000)
  object space 784896K, 88% used [0x00000005bfa00000,0x00000005ea00ea28,0x00000005ef880000)
 Metaspace       used 134095K, capacity 136931K, committed 137344K, reserved 1163264K
  class space    used 22168K, capacity 23166K, committed 23168K, reserved 1048576K
Event: 65.234 GC heap after
Heap after GC invocations=37 (full 6):
 PSYoungGen      total 2390016K, used 241257K [0x0000000715380000, 0x00000007c0000000, 0x00000007c0000000)
  eden space 1981952K, 0% used [0x0000000715380000,0x0000000715380000,0x000000078e300000)
  from space 408064K, 59% used [0x000000078e300000,0x000000079ce9a4a8,0x00000007a7180000)
  to   space 408064K, 0% used [0x00000007a7180000,0x00000007a7180000,0x00000007c0000000)
 ParOldGen       total 1238016K, used 784662K [0x00000005bfa00000, 0x000000060b300000, 0x0000000715380000)
  object space 1238016K, 63% used [0x00000005bfa00000,0x00000005ef845a10,0x000000060b300000)
 Metaspace       used 134095K, capacity 136931K, committed 137344K, reserved 1163264K
  class space    used 22168K, capacity 23166K, committed 23168K, reserved 1048576K
}
Event: 67.273 GC heap before
{Heap before GC invocations=38 (full 6):
 PSYoungGen      total 2390016K, used 2223209K [0x0000000715380000, 0x00000007c0000000, 0x00000007c0000000)
  eden space 1981952K, 100% used [0x0000000715380000,0x000000078e300000,0x000000078e300000)
  from space 408064K, 59% used [0x000000078e300000,0x000000079ce9a4a8,0x00000007a7180000)
  to   space 408064K, 0% used [0x00000007a7180000,0x00000007a7180000,0x00000007c0000000)
 ParOldGen       total 1238016K, used 784662K [0x00000005bfa00000, 0x000000060b300000, 0x0000000715380000)
  object space 1238016K, 63% used [0x00000005bfa00000,0x00000005ef845a10,0x000000060b300000)
 Metaspace       used 134471K, capacity 137345K, committed 137728K, reserved 1163264K
  class space    used 22193K, capacity 23199K, committed 23296K, reserved 1048576K
Event: 67.404 GC heap after
Heap after GC invocations=38 (full 6):
 PSYoungGen      total 2051072K, used 408052K [0x0000000715380000, 0x00000007c0000000, 0x00000007c0000000)
  eden space 1643008K, 0% used [0x0000000715380000,0x0000000715380000,0x0000000779800000)
  from space 408064K, 99% used [0x00000007a7180000,0x00000007bfffd178,0x00000007c0000000)
  to   space 577536K, 0% used [0x0000000779800000,0x0000000779800000,0x000000079cc00000)
 ParOldGen       total 1238016K, used 841578K [0x00000005bfa00000, 0x000000060b300000, 0x0000000715380000)
  object space 1238016K, 67% used [0x00000005bfa00000,0x00000005f2fda8e0,0x000000060b300000)
 Metaspace       used 134471K, capacity 137345K, committed 137728K, reserved 1163264K
  class space    used 22193K, capacity 23199K, committed 23296K, reserved 1048576K
}

