# JRE version: Java(TM) SE Runtime Environment (8.0_51-b16) (build 1.8.0_51-b16)
# Java VM: Java HotSpot(TM) 64-Bit Server VM (25.51-b03 mixed mode windows-amd64 compressed oops)
Heap:
 PSYoungGen      total 2432000K, used 1692643K [0x0000000715380000, 0x00000007c0000000, 0x00000007c0000000)
  eden space 2065920K, 64% used [0x0000000715380000,0x00000007662fc548,0x0000000793500000)
  from space 366080K, 99% used [0x0000000793500000,0x00000007a9a7ca70,0x00000007a9a80000)
  to   space 366080K, 0% used [0x00000007a9a80000,0x00000007a9a80000,0x00000007c0000000)
 ParOldGen       total 1339904K, used 888815K [0x00000005bfa00000, 0x0000000611680000, 0x0000000715380000)
  object space 1339904K, 66% used [0x00000005bfa00000,0x00000005f5dfbfd8,0x0000000611680000)
 Metaspace       used 141403K, capacity 144487K, committed 144640K, reserved 1169408K
  class space    used 23469K, capacity 24520K, committed 24576K, reserved 1048576K
GC Heap History (10 events):
Event: 62.239 GC heap before
{Heap before GC invocations=35 (full 5):
 PSYoungGen      total 2588160K, used 2588148K [0x0000000715380000, 0x00000007c0000000, 0x00000007c0000000)
  eden space 2378240K, 100% used [0x0000000715380000,0x00000007a6600000,0x00000007a6600000)
  from space 209920K, 99% used [0x00000007a6600000,0x00000007b32fd2f0,0x00000007b3300000)
  to   space 209920K, 0% used [0x00000007b3300000,0x00000007b3300000,0x00000007c0000000)
 ParOldGen       total 908288K, used 578856K [0x00000005bfa00000, 0x00000005f7100000, 0x0000000715380000)
  object space 908288K, 63% used [0x00000005bfa00000,0x00000005e2f4a0d8,0x00000005f7100000)
 Metaspace       used 139761K, capacity 142701K, committed 143232K, reserved 1167360K
  class space    used 23284K, capacity 24329K, committed 24448K, reserved 1048576K
Event: 62.358 GC heap after
Heap after GC invocations=35 (full 5):
 PSYoungGen      total 2327040K, used 209903K [0x0000000715380000, 0x00000007c0000000, 0x00000007c0000000)
  eden space 2117120K, 0% used [0x0000000715380000,0x0000000715380000,0x0000000796700000)
  from space 209920K, 99% used [0x00000007b3300000,0x00000007bfffbf48,0x00000007c0000000)
  to   space 340480K, 0% used [0x0000000796700000,0x0000000796700000,0x00000007ab380000)
 ParOldGen       total 908288K, used 780141K [0x00000005bfa00000, 0x00000005f7100000, 0x0000000715380000)
  object space 908288K, 85% used [0x00000005bfa00000,0x00000005ef3db760,0x00000005f7100000)
 Metaspace       used 139761K, capacity 142701K, committed 143232K, reserved 1167360K
  class space    used 23284K, capacity 24329K, committed 24448K, reserved 1048576K
}
Event: 62.358 GC heap before
{Heap before GC invocations=36 (full 6):
 PSYoungGen      total 2327040K, used 209903K [0x0000000715380000, 0x00000007c0000000, 0x00000007c0000000)
  eden space 2117120K, 0% used [0x0000000715380000,0x0000000715380000,0x0000000796700000)
  from space 209920K, 99% used [0x00000007b3300000,0x00000007bfffbf48,0x00000007c0000000)
  to   space 340480K, 0% used [0x0000000796700000,0x0000000796700000,0x00000007ab380000)
 ParOldGen       total 908288K, used 780141K [0x00000005bfa00000, 0x00000005f7100000, 0x0000000715380000)
  object space 908288K, 85% used [0x00000005bfa00000,0x00000005ef3db760,0x00000005f7100000)
 Metaspace       used 139761K, capacity 142701K, committed 143232K, reserved 1167360K
  class space    used 23284K, capacity 24329K, committed 24448K, reserved 1048576K
Event: 63.010 GC heap after
Heap after GC invocations=36 (full 6):
 PSYoungGen      total 2327040K, used 0K [0x0000000715380000, 0x00000007c0000000, 0x00000007c0000000)
  eden space 2117120K, 0% used [0x0000000715380000,0x0000000715380000,0x0000000796700000)
  from space 209920K, 0% used [0x00000007b3300000,0x00000007b3300000,0x00000007c0000000)
  to   space 340480K, 0% used [0x0000000796700000,0x0000000796700000,0x00000007ab380000)
 ParOldGen       total 1339904K, used 865322K [0x00000005bfa00000, 0x0000000611680000, 0x0000000715380000)
  object space 1339904K, 64% used [0x00000005bfa00000,0x00000005f470aa08,0x0000000611680000)
 Metaspace       used 139761K, capacity 142701K, committed 143232K, reserved 1167360K
  class space    used 23284K, capacity 24329K, committed 24448K, reserved 1048576K
}
Event: 65.353 GC heap before
{Heap before GC invocations=37 (full 6):
 PSYoungGen      total 2327040K, used 2117120K [0x0000000715380000, 0x00000007c0000000, 0x00000007c0000000)
  eden space 2117120K, 100% used [0x0000000715380000,0x0000000796700000,0x0000000796700000)
  from space 209920K, 0% used [0x00000007b3300000,0x00000007b3300000,0x00000007c0000000)
  to   space 340480K, 0% used [0x0000000796700000,0x0000000796700000,0x00000007ab380000)
 ParOldGen       total 1339904K, used 865322K [0x00000005bfa00000, 0x0000000611680000, 0x0000000715380000)
  object space 1339904K, 64% used [0x00000005bfa00000,0x00000005f470aa08,0x0000000611680000)
 Metaspace       used 139761K, capacity 142701K, committed 143232K, reserved 1167360K
  class space    used 23284K, capacity 24329K, committed 24448K, reserved 1048576K
Event: 65.361 GC heap after
Heap after GC invocations=37 (full 6):
 PSYoungGen      total 2127872K, used 10619K [0x0000000715380000, 0x00000007c0000000, 0x00000007c0000000)
  eden space 2117120K, 0% used [0x0000000715380000,0x0000000715380000,0x0000000796700000)
  from space 10752K, 98% used [0x0000000796700000,0x000000079715ee28,0x0000000797180000)
  to   space 345088K, 0% used [0x00000007aaf00000,0x00000007aaf00000,0x00000007c0000000)
 ParOldGen       total 1339904K, used 865322K [0x00000005bfa00000, 0x0000000611680000, 0x0000000715380000)
  object space 1339904K, 64% used [0x00000005bfa00000,0x00000005f470aa08,0x0000000611680000)
 Metaspace       used 139761K, capacity 142701K, committed 143232K, reserved 1167360K
  class space    used 23284K, capacity 24329K, committed 24448K, reserved 1048576K
}
Event: 69.634 GC heap before
{Heap before GC invocations=38 (full 6):
 PSYoungGen      total 2127872K, used 2127739K [0x0000000715380000, 0x00000007c0000000, 0x00000007c0000000)
  eden space 2117120K, 100% used [0x0000000715380000,0x0000000796700000,0x0000000796700000)
  from space 10752K, 98% used [0x0000000796700000,0x000000079715ee28,0x0000000797180000)
  to   space 345088K, 0% used [0x00000007aaf00000,0x00000007aaf00000,0x00000007c0000000)
 ParOldGen       total 1339904K, used 865322K [0x00000005bfa00000, 0x0000000611680000, 0x0000000715380000)
  object space 1339904K, 64% used [0x00000005bfa00000,0x00000005f470aa08,0x0000000611680000)
 Metaspace       used 139890K, capacity 142835K, committed 143232K, reserved 1167360K
  class space    used 23294K, capacity 24330K, committed 24448K, reserved 1048576K
Event: 69.720 GC heap after
Heap after GC invocations=38 (full 6):
 PSYoungGen      total 2411008K, used 248565K [0x0000000715380000, 0x00000007c0000000, 0x00000007c0000000)
  eden space 2065920K, 0% used [0x0000000715380000,0x0000000715380000,0x0000000793500000)
  from space 345088K, 72% used [0x00000007aaf00000,0x00000007ba1bd560,0x00000007c0000000)
  to   space 366080K, 0% used [0x0000000793500000,0x0000000793500000,0x00000007a9a80000)
 ParOldGen       total 1339904K, used 865330K [0x00000005bfa00000, 0x0000000611680000, 0x0000000715380000)
  object space 1339904K, 64% used [0x00000005bfa00000,0x00000005f470ca08,0x0000000611680000)
 Metaspace       used 139890K, capacity 142835K, committed 143232K, reserved 1167360K
  class space    used 23294K, capacity 24330K, committed 24448K, reserved 1048576K
}
Event: 79.887 GC heap before
{Heap before GC invocations=39 (full 6):
 PSYoungGen      total 2411008K, used 2314485K [0x0000000715380000, 0x00000007c0000000, 0x00000007c0000000)
  eden space 2065920K, 100% used [0x0000000715380000,0x0000000793500000,0x0000000793500000)
  from space 345088K, 72% used [0x00000007aaf00000,0x00000007ba1bd560,0x00000007c0000000)
  to   space 366080K, 0% used [0x0000000793500000,0x0000000793500000,0x00000007a9a80000)
 ParOldGen       total 1339904K, used 865330K [0x00000005bfa00000, 0x0000000611680000, 0x0000000715380000)
  object space 1339904K, 64% used [0x00000005bfa00000,0x00000005f470ca08,0x0000000611680000)
 Metaspace       used 140775K, capacity 143759K, committed 144000K, reserved 1169408K
  class space    used 23397K, capacity 24438K, committed 24448K, reserved 1048576K
Event: 79.977 GC heap after
Heap after GC invocations=39 (full 6):
 PSYoungGen      total 2432000K, used 366066K [0x0000000715380000, 0x00000007c0000000, 0x00000007c0000000)
  eden space 2065920K, 0% used [0x0000000715380000,0x0000000715380000,0x0000000793500000)
  from space 366080K, 99% used [0x0000000793500000,0x00000007a9a7ca70,0x00000007a9a80000)
  to   space 366080K, 0% used [0x00000007a9a80000,0x00000007a9a80000,0x00000007c0000000)
 ParOldGen       total 1339904K, used 888815K [0x00000005bfa00000, 0x0000000611680000, 0x0000000715380000)
  object space 1339904K, 66% used [0x00000005bfa00000,0x00000005f5dfbfd8,0x0000000611680000)
 Metaspace       used 140775K, capacity 143759K, committed 144000K, reserved 1169408K
  class space    used 23397K, capacity 24438K, committed 24448K, reserved 1048576K
}

