# JRE version: Java(TM) SE Runtime Environment (8.0_51-b16) (build 1.8.0_51-b16)
# Java VM: Java HotSpot(TM) 64-Bit Server VM (25.51-b03 mixed mode windows-amd64 compressed oops)
Heap:
 PSYoungGen      total 2029056K, used 1360211K [0x0000000715380000, 0x00000007c0000000, 0x00000007c0000000)
  eden space 1656320K, 69% used [0x0000000715380000,0x000000075bc65ad8,0x000000077a500000)
  from space 372736K, 54% used [0x00000007a9400000,0x00000007b5b6f418,0x00000007c0000000)
  to   space 570880K, 0% used [0x000000077a500000,0x000000077a500000,0x000000079d280000)
 ParOldGen       total 1334272K, used 864557K [0x00000005bfa00000, 0x0000000611100000, 0x0000000715380000)
  object space 1334272K, 64% used [0x00000005bfa00000,0x00000005f464b750,0x0000000611100000)
 Metaspace       used 140177K, capacity 143133K, committed 143604K, reserved 1169408K
  class space    used 23268K, capacity 24311K, committed 24320K, reserved 1048576K
GC Heap History (10 events):
Event: 64.427 GC heap before
{Heap before GC invocations=34 (full 5):
 PSYoungGen      total 2470912K, used 2389270K [0x0000000715380000, 0x00000007c0000000, 0x00000007c0000000)
  eden space 2170368K, 100% used [0x0000000715380000,0x0000000799b00000,0x0000000799b00000)
  from space 300544K, 72% used [0x00000007ada80000,0x00000007bb045ab0,0x00000007c0000000)
  to   space 313856K, 0% used [0x0000000799b00000,0x0000000799b00000,0x00000007acd80000)
 ParOldGen       total 823296K, used 504988K [0x00000005bfa00000, 0x00000005f1e00000, 0x0000000715380000)
  object space 823296K, 61% used [0x00000005bfa00000,0x00000005de7270a0,0x00000005f1e00000)
 Metaspace       used 138458K, capacity 141343K, committed 141940K, reserved 1167360K
  class space    used 23084K, capacity 24120K, committed 24192K, reserved 1048576K
Event: 64.551 GC heap after
Heap after GC invocations=34 (full 5):
 PSYoungGen      total 2484224K, used 313846K [0x0000000715380000, 0x00000007c0000000, 0x00000007c0000000)
  eden space 2170368K, 0% used [0x0000000715380000,0x0000000715380000,0x0000000799b00000)
  from space 313856K, 99% used [0x0000000799b00000,0x00000007acd7d9b8,0x00000007acd80000)
  to   space 313856K, 0% used [0x00000007acd80000,0x00000007acd80000,0x00000007c0000000)
 ParOldGen       total 823296K, used 576360K [0x00000005bfa00000, 0x00000005f1e00000, 0x0000000715380000)
  object space 823296K, 70% used [0x00000005bfa00000,0x00000005e2cda268,0x00000005f1e00000)
 Metaspace       used 138458K, capacity 141343K, committed 141940K, reserved 1167360K
  class space    used 23084K, capacity 24120K, committed 24192K, reserved 1048576K
}
Event: 66.863 GC heap before
{Heap before GC invocations=35 (full 5):
 PSYoungGen      total 2484224K, used 2484214K [0x0000000715380000, 0x00000007c0000000, 0x00000007c0000000)
  eden space 2170368K, 100% used [0x0000000715380000,0x0000000799b00000,0x0000000799b00000)
  from space 313856K, 99% used [0x0000000799b00000,0x00000007acd7d9b8,0x00000007acd80000)
  to   space 313856K, 0% used [0x00000007acd80000,0x00000007acd80000,0x00000007c0000000)
 ParOldGen       total 823296K, used 576360K [0x00000005bfa00000, 0x00000005f1e00000, 0x0000000715380000)
  object space 823296K, 70% used [0x00000005bfa00000,0x00000005e2cda268,0x00000005f1e00000)
 Metaspace       used 138500K, capacity 141407K, committed 141940K, reserved 1167360K
  class space    used 23084K, capacity 24120K, committed 24192K, reserved 1048576K
Event: 66.926 GC heap after
Heap after GC invocations=35 (full 5):
 PSYoungGen      total 2366464K, used 195585K [0x0000000715380000, 0x00000007c0000000, 0x00000007c0000000)
  eden space 2052608K, 0% used [0x0000000715380000,0x0000000715380000,0x0000000792800000)
  from space 313856K, 62% used [0x00000007acd80000,0x00000007b8c80500,0x00000007c0000000)
  to   space 372736K, 0% used [0x0000000792800000,0x0000000792800000,0x00000007a9400000)
 ParOldGen       total 823296K, used 576368K [0x00000005bfa00000, 0x00000005f1e00000, 0x0000000715380000)
  object space 823296K, 70% used [0x00000005bfa00000,0x00000005e2cdc268,0x00000005f1e00000)
 Metaspace       used 138500K, capacity 141407K, committed 141940K, reserved 1167360K
  class space    used 23084K, capacity 24120K, committed 24192K, reserved 1048576K
}
Event: 71.672 GC heap before
{Heap before GC invocations=36 (full 5):
 PSYoungGen      total 2366464K, used 2248193K [0x0000000715380000, 0x00000007c0000000, 0x00000007c0000000)
  eden space 2052608K, 100% used [0x0000000715380000,0x0000000792800000,0x0000000792800000)
  from space 313856K, 62% used [0x00000007acd80000,0x00000007b8c80500,0x00000007c0000000)
  to   space 372736K, 0% used [0x0000000792800000,0x0000000792800000,0x00000007a9400000)
 ParOldGen       total 823296K, used 576368K [0x00000005bfa00000, 0x00000005f1e00000, 0x0000000715380000)
  object space 823296K, 70% used [0x00000005bfa00000,0x00000005e2cdc268,0x00000005f1e00000)
 Metaspace       used 138785K, capacity 141605K, committed 142196K, reserved 1167360K
  class space    used 23094K, capacity 24121K, committed 24192K, reserved 1048576K
Event: 71.827 GC heap after
Heap after GC invocations=36 (full 5):
 PSYoungGen      total 2425344K, used 372733K [0x0000000715380000, 0x00000007c0000000, 0x00000007c0000000)
  eden space 2052608K, 0% used [0x0000000715380000,0x0000000715380000,0x0000000792800000)
  from space 372736K, 99% used [0x0000000792800000,0x00000007a93ff550,0x00000007a9400000)
  to   space 372736K, 0% used [0x00000007a9400000,0x00000007a9400000,0x00000007c0000000)
 ParOldGen       total 823296K, used 659100K [0x00000005bfa00000, 0x00000005f1e00000, 0x0000000715380000)
  object space 823296K, 80% used [0x00000005bfa00000,0x00000005e7da7070,0x00000005f1e00000)
 Metaspace       used 138785K, capacity 141605K, committed 142196K, reserved 1167360K
  class space    used 23094K, capacity 24121K, committed 24192K, reserved 1048576K
}
Event: 82.042 GC heap before
{Heap before GC invocations=37 (full 5):
 PSYoungGen      total 2425344K, used 2425341K [0x0000000715380000, 0x00000007c0000000, 0x00000007c0000000)
  eden space 2052608K, 100% used [0x0000000715380000,0x0000000792800000,0x0000000792800000)
  from space 372736K, 99% used [0x0000000792800000,0x00000007a93ff550,0x00000007a9400000)
  to   space 372736K, 0% used [0x00000007a9400000,0x00000007a9400000,0x00000007c0000000)
 ParOldGen       total 823296K, used 659100K [0x00000005bfa00000, 0x00000005f1e00000, 0x0000000715380000)
  object space 823296K, 80% used [0x00000005bfa00000,0x00000005e7da7070,0x00000005f1e00000)
 Metaspace       used 139798K, capacity 142725K, committed 143092K, reserved 1167360K
  class space    used 23198K, capacity 24229K, committed 24320K, reserved 1048576K
Event: 82.208 GC heap after
Heap after GC invocations=37 (full 5):
 PSYoungGen      total 2029056K, used 372712K [0x0000000715380000, 0x00000007c0000000, 0x00000007c0000000)
  eden space 1656320K, 0% used [0x0000000715380000,0x0000000715380000,0x000000077a500000)
  from space 372736K, 99% used [0x00000007a9400000,0x00000007bfffa048,0x00000007c0000000)
  to   space 570880K, 0% used [0x000000077a500000,0x000000077a500000,0x000000079d280000)
 ParOldGen       total 864768K, used 864760K [0x00000005bfa00000, 0x00000005f4680000, 0x0000000715380000)
  object space 864768K, 99% used [0x00000005bfa00000,0x00000005f467e020,0x00000005f4680000)
 Metaspace       used 139798K, capacity 142725K, committed 143092K, reserved 1167360K
  class space    used 23198K, capacity 24229K, committed 24320K, reserved 1048576K
}
Event: 82.208 GC heap before
{Heap before GC invocations=38 (full 6):
 PSYoungGen      total 2029056K, used 372712K [0x0000000715380000, 0x00000007c0000000, 0x00000007c0000000)
  eden space 1656320K, 0% used [0x0000000715380000,0x0000000715380000,0x000000077a500000)
  from space 372736K, 99% used [0x00000007a9400000,0x00000007bfffa048,0x00000007c0000000)
  to   space 570880K, 0% used [0x000000077a500000,0x000000077a500000,0x000000079d280000)
 ParOldGen       total 864768K, used 864760K [0x00000005bfa00000, 0x00000005f4680000, 0x0000000715380000)
  object space 864768K, 99% used [0x00000005bfa00000,0x00000005f467e020,0x00000005f4680000)
 Metaspace       used 139798K, capacity 142725K, committed 143092K, reserved 1167360K
  class space    used 23198K, capacity 24229K, committed 24320K, reserved 1048576K
Event: 83.216 GC heap after
Heap after GC invocations=38 (full 6):
 PSYoungGen      total 2029056K, used 204221K [0x0000000715380000, 0x00000007c0000000, 0x00000007c0000000)
  eden space 1656320K, 0% used [0x0000000715380000,0x0000000715380000,0x000000077a500000)
  from space 372736K, 54% used [0x00000007a9400000,0x00000007b5b6f418,0x00000007c0000000)
  to   space 570880K, 0% used [0x000000077a500000,0x000000077a500000,0x000000079d280000)
 ParOldGen       total 1334272K, used 864557K [0x00000005bfa00000, 0x0000000611100000, 0x0000000715380000)
  object space 1334272K, 64% used [0x00000005bfa00000,0x00000005f464b750,0x0000000611100000)
 Metaspace       used 139798K, capacity 142725K, committed 143092K, reserved 1167360K
  class space    used 23198K, capacity 24229K, committed 24320K, reserved 1048576K
}

