# JRE version: Java(TM) SE Runtime Environment (8.0_51-b16) (build 1.8.0_51-b16)
# Java VM: Java HotSpot(TM) 64-Bit Server VM (25.51-b03 mixed mode windows-amd64 compressed oops)
Heap:
 PSYoungGen      total 1922048K, used 507744K [0x0000000715380000, 0x00000007c0000000, 0x00000007c0000000)
  eden space 1486336K, 14% used [0x0000000715380000,0x0000000722c387b8,0x000000076ff00000)
  from space 435712K, 65% used [0x00000007a5680000,0x00000007b6d9fb90,0x00000007c0000000)
  to   space 655872K, 0% used [0x000000076ff00000,0x000000076ff00000,0x0000000797f80000)
 ParOldGen       total 1410560K, used 899879K [0x00000005bfa00000, 0x0000000615b80000, 0x0000000715380000)
  object space 1410560K, 63% used [0x00000005bfa00000,0x00000005f68c9ce8,0x0000000615b80000)
 Metaspace       used 140805K, capacity 143857K, committed 144216K, reserved 1169408K
  class space    used 23366K, capacity 24397K, committed 24448K, reserved 1048576K
GC Heap History (10 events):
Event: 56.185 GC heap before
{Heap before GC invocations=38 (full 5):
 PSYoungGen      total 2453504K, used 2453486K [0x0000000715380000, 0x00000007c0000000, 0x00000007c0000000)
  eden space 2190848K, 100% used [0x0000000715380000,0x000000079af00000,0x000000079af00000)
  from space 262656K, 99% used [0x00000007aff80000,0x00000007bfffb850,0x00000007c0000000)
  to   space 303616K, 0% used [0x000000079af00000,0x000000079af00000,0x00000007ad780000)
 ParOldGen       total 796672K, used 456136K [0x00000005bfa00000, 0x00000005f0400000, 0x0000000715380000)
  object space 796672K, 57% used [0x00000005bfa00000,0x00000005db772050,0x00000005f0400000)
 Metaspace       used 138960K, capacity 141877K, committed 142552K, reserved 1167360K
  class space    used 23169K, capacity 24207K, committed 24320K, reserved 1048576K
Event: 56.327 GC heap after
Heap after GC invocations=38 (full 5):
 PSYoungGen      total 2494464K, used 303597K [0x0000000715380000, 0x00000007c0000000, 0x00000007c0000000)
  eden space 2190848K, 0% used [0x0000000715380000,0x0000000715380000,0x000000079af00000)
  from space 303616K, 99% used [0x000000079af00000,0x00000007ad77b608,0x00000007ad780000)
  to   space 303616K, 0% used [0x00000007ad780000,0x00000007ad780000,0x00000007c0000000)
 ParOldGen       total 796672K, used 597381K [0x00000005bfa00000, 0x00000005f0400000, 0x0000000715380000)
  object space 796672K, 74% used [0x00000005bfa00000,0x00000005e41615f0,0x00000005f0400000)
 Metaspace       used 138960K, capacity 141877K, committed 142552K, reserved 1167360K
  class space    used 23169K, capacity 24207K, committed 24320K, reserved 1048576K
}
Event: 60.110 GC heap before
{Heap before GC invocations=39 (full 5):
 PSYoungGen      total 2494464K, used 2494445K [0x0000000715380000, 0x00000007c0000000, 0x00000007c0000000)
  eden space 2190848K, 100% used [0x0000000715380000,0x000000079af00000,0x000000079af00000)
  from space 303616K, 99% used [0x000000079af00000,0x00000007ad77b608,0x00000007ad780000)
  to   space 303616K, 0% used [0x00000007ad780000,0x00000007ad780000,0x00000007c0000000)
 ParOldGen       total 796672K, used 597381K [0x00000005bfa00000, 0x00000005f0400000, 0x0000000715380000)
  object space 796672K, 74% used [0x00000005bfa00000,0x00000005e41615f0,0x00000005f0400000)
 Metaspace       used 139223K, capacity 142139K, committed 142808K, reserved 1167360K
  class space    used 23180K, capacity 24208K, committed 24320K, reserved 1048576K
Event: 60.211 GC heap after
Heap after GC invocations=39 (full 5):
 PSYoungGen      total 2230272K, used 303587K [0x0000000715380000, 0x00000007c0000000, 0x00000007c0000000)
  eden space 1926656K, 0% used [0x0000000715380000,0x0000000715380000,0x000000078ad00000)
  from space 303616K, 99% used [0x00000007ad780000,0x00000007bfff8f78,0x00000007c0000000)
  to   space 435712K, 0% used [0x000000078ad00000,0x000000078ad00000,0x00000007a5680000)
 ParOldGen       total 796672K, used 621953K [0x00000005bfa00000, 0x00000005f0400000, 0x0000000715380000)
  object space 796672K, 78% used [0x00000005bfa00000,0x00000005e59607c0,0x00000005f0400000)
 Metaspace       used 139223K, capacity 142139K, committed 142808K, reserved 1167360K
  class space    used 23180K, capacity 24208K, committed 24320K, reserved 1048576K
}
Event: 71.449 GC heap before
{Heap before GC invocations=40 (full 5):
 PSYoungGen      total 2230272K, used 2230243K [0x0000000715380000, 0x00000007c0000000, 0x00000007c0000000)
  eden space 1926656K, 100% used [0x0000000715380000,0x000000078ad00000,0x000000078ad00000)
  from space 303616K, 99% used [0x00000007ad780000,0x00000007bfff8f78,0x00000007c0000000)
  to   space 435712K, 0% used [0x000000078ad00000,0x000000078ad00000,0x00000007a5680000)
 ParOldGen       total 796672K, used 621953K [0x00000005bfa00000, 0x00000005f0400000, 0x0000000715380000)
  object space 796672K, 78% used [0x00000005bfa00000,0x00000005e59607c0,0x00000005f0400000)
 Metaspace       used 140172K, capacity 143163K, committed 143576K, reserved 1169408K
  class space    used 23277K, capacity 24316K, committed 24320K, reserved 1048576K
Event: 71.598 GC heap after
Heap after GC invocations=40 (full 5):
 PSYoungGen      total 2362368K, used 435694K [0x0000000715380000, 0x00000007c0000000, 0x00000007c0000000)
  eden space 1926656K, 0% used [0x0000000715380000,0x0000000715380000,0x000000078ad00000)
  from space 435712K, 99% used [0x000000078ad00000,0x00000007a567ba78,0x00000007a5680000)
  to   space 435712K, 0% used [0x00000007a5680000,0x00000007a5680000,0x00000007c0000000)
 ParOldGen       total 796672K, used 689950K [0x00000005bfa00000, 0x00000005f0400000, 0x0000000715380000)
  object space 796672K, 86% used [0x00000005bfa00000,0x00000005e9bc7b60,0x00000005f0400000)
 Metaspace       used 140172K, capacity 143163K, committed 143576K, reserved 1169408K
  class space    used 23277K, capacity 24316K, committed 24320K, reserved 1048576K
}
Event: 73.520 GC heap before
{Heap before GC invocations=41 (full 5):
 PSYoungGen      total 2362368K, used 2362350K [0x0000000715380000, 0x00000007c0000000, 0x00000007c0000000)
  eden space 1926656K, 100% used [0x0000000715380000,0x000000078ad00000,0x000000078ad00000)
  from space 435712K, 99% used [0x000000078ad00000,0x00000007a567ba78,0x00000007a5680000)
  to   space 435712K, 0% used [0x00000007a5680000,0x00000007a5680000,0x00000007c0000000)
 ParOldGen       total 796672K, used 689950K [0x00000005bfa00000, 0x00000005f0400000, 0x0000000715380000)
  object space 796672K, 86% used [0x00000005bfa00000,0x00000005e9bc7b60,0x00000005f0400000)
 Metaspace       used 140493K, capacity 143483K, committed 143960K, reserved 1169408K
  class space    used 23299K, capacity 24348K, committed 24448K, reserved 1048576K
Event: 73.693 GC heap after
Heap after GC invocations=41 (full 5):
 PSYoungGen      total 1922048K, used 435705K [0x0000000715380000, 0x00000007c0000000, 0x00000007c0000000)
  eden space 1486336K, 0% used [0x0000000715380000,0x0000000715380000,0x000000076ff00000)
  from space 435712K, 99% used [0x00000007a5680000,0x00000007bfffe7c8,0x00000007c0000000)
  to   space 655872K, 0% used [0x000000076ff00000,0x000000076ff00000,0x0000000797f80000)
 ParOldGen       total 900096K, used 900057K [0x00000005bfa00000, 0x00000005f6900000, 0x0000000715380000)
  object space 900096K, 99% used [0x00000005bfa00000,0x00000005f68f6670,0x00000005f6900000)
 Metaspace       used 140493K, capacity 143483K, committed 143960K, reserved 1169408K
  class space    used 23299K, capacity 24348K, committed 24448K, reserved 1048576K
}
Event: 73.693 GC heap before
{Heap before GC invocations=42 (full 6):
 PSYoungGen      total 1922048K, used 435705K [0x0000000715380000, 0x00000007c0000000, 0x00000007c0000000)
  eden space 1486336K, 0% used [0x0000000715380000,0x0000000715380000,0x000000076ff00000)
  from space 435712K, 99% used [0x00000007a5680000,0x00000007bfffe7c8,0x00000007c0000000)
  to   space 655872K, 0% used [0x000000076ff00000,0x000000076ff00000,0x0000000797f80000)
 ParOldGen       total 900096K, used 900057K [0x00000005bfa00000, 0x00000005f6900000, 0x0000000715380000)
  object space 900096K, 99% used [0x00000005bfa00000,0x00000005f68f6670,0x00000005f6900000)
 Metaspace       used 140493K, capacity 143483K, committed 143960K, reserved 1169408K
  class space    used 23299K, capacity 24348K, committed 24448K, reserved 1048576K
Event: 74.931 GC heap after
Heap after GC invocations=42 (full 6):
 PSYoungGen      total 1922048K, used 285822K [0x0000000715380000, 0x00000007c0000000, 0x00000007c0000000)
  eden space 1486336K, 0% used [0x0000000715380000,0x0000000715380000,0x000000076ff00000)
  from space 435712K, 65% used [0x00000007a5680000,0x00000007b6d9fb90,0x00000007c0000000)
  to   space 655872K, 0% used [0x000000076ff00000,0x000000076ff00000,0x0000000797f80000)
 ParOldGen       total 1410560K, used 899879K [0x00000005bfa00000, 0x0000000615b80000, 0x0000000715380000)
  object space 1410560K, 63% used [0x00000005bfa00000,0x00000005f68c9ce8,0x0000000615b80000)
 Metaspace       used 140493K, capacity 143483K, committed 143960K, reserved 1169408K
  class space    used 23299K, capacity 24348K, committed 24448K, reserved 1048576K
}

