# JRE version: Java(TM) SE Runtime Environment (8.0_51-b16) (build 1.8.0_51-b16)
# Java VM: Java HotSpot(TM) 64-Bit Server VM (25.51-b03 mixed mode windows-amd64 compressed oops)
Heap:
 PSYoungGen      total 2371584K, used 2131305K [0x0000000715380000, 0x00000007c0000000, 0x00000007c0000000)
  eden space 1945088K, 87% used [0x0000000715380000,0x000000077d45cbf8,0x000000078bf00000)
  from space 426496K, 99% used [0x000000078bf00000,0x00000007a5f7db18,0x00000007a5f80000)
  to   space 426496K, 0% used [0x00000007a5f80000,0x00000007a5f80000,0x00000007c0000000)
 ParOldGen       total 829952K, used 717198K [0x00000005bfa00000, 0x00000005f2480000, 0x0000000715380000)
  object space 829952K, 86% used [0x00000005bfa00000,0x00000005eb663988,0x00000005f2480000)
 Metaspace       used 134950K, capacity 137819K, committed 138240K, reserved 1165312K
  class space    used 22243K, capacity 23244K, committed 23296K, reserved 1048576K
GC Heap History (10 events):
Event: 44.763 GC heap before
{Heap before GC invocations=36 (full 5):
 PSYoungGen      total 2091520K, used 2050336K [0x0000000715380000, 0x00000007a6480000, 0x00000007c0000000)
  eden space 1869824K, 100% used [0x0000000715380000,0x0000000787580000,0x0000000787580000)
  from space 221696K, 81% used [0x0000000795e80000,0x00000007a0ec8358,0x00000007a3700000)
  to   space 238592K, 0% used [0x0000000787580000,0x0000000787580000,0x0000000795e80000)
 ParOldGen       total 829952K, used 444564K [0x00000005bfa00000, 0x00000005f2480000, 0x0000000715380000)
  object space 829952K, 53% used [0x00000005bfa00000,0x00000005dac253c8,0x00000005f2480000)
 Metaspace       used 130723K, capacity 133395K, committed 134016K, reserved 1161216K
  class space    used 21853K, capacity 22812K, committed 22912K, reserved 1048576K
Event: 44.849 GC heap after
Heap after GC invocations=36 (full 5):
 PSYoungGen      total 2108416K, used 230571K [0x0000000715380000, 0x00000007b5c00000, 0x00000007c0000000)
  eden space 1869824K, 0% used [0x0000000715380000,0x0000000715380000,0x0000000787580000)
  from space 238592K, 96% used [0x0000000787580000,0x00000007956aad28,0x0000000795e80000)
  to   space 269824K, 0% used [0x00000007a5480000,0x00000007a5480000,0x00000007b5c00000)
 ParOldGen       total 829952K, used 444572K [0x00000005bfa00000, 0x00000005f2480000, 0x0000000715380000)
  object space 829952K, 53% used [0x00000005bfa00000,0x00000005dac273c8,0x00000005f2480000)
 Metaspace       used 130723K, capacity 133395K, committed 134016K, reserved 1161216K
  class space    used 21853K, capacity 22812K, committed 22912K, reserved 1048576K
}
Event: 48.366 GC heap before
{Heap before GC invocations=37 (full 5):
 PSYoungGen      total 2108416K, used 2100395K [0x0000000715380000, 0x00000007b5c00000, 0x00000007c0000000)
  eden space 1869824K, 100% used [0x0000000715380000,0x0000000787580000,0x0000000787580000)
  from space 238592K, 96% used [0x0000000787580000,0x00000007956aad28,0x0000000795e80000)
  to   space 269824K, 0% used [0x00000007a5480000,0x00000007a5480000,0x00000007b5c00000)
 ParOldGen       total 829952K, used 444572K [0x00000005bfa00000, 0x00000005f2480000, 0x0000000715380000)
  object space 829952K, 53% used [0x00000005bfa00000,0x00000005dac273c8,0x00000005f2480000)
 Metaspace       used 132774K, capacity 135503K, committed 135936K, reserved 1163264K
  class space    used 22059K, capacity 23026K, committed 23040K, reserved 1048576K
Event: 48.507 GC heap after
Heap after GC invocations=37 (full 5):
 PSYoungGen      total 2276864K, used 269806K [0x0000000715380000, 0x00000007c0000000, 0x00000007c0000000)
  eden space 2007040K, 0% used [0x0000000715380000,0x0000000715380000,0x000000078fb80000)
  from space 269824K, 99% used [0x00000007a5480000,0x00000007b5bfbbb0,0x00000007b5c00000)
  to   space 353280K, 0% used [0x000000078fb80000,0x000000078fb80000,0x00000007a5480000)
 ParOldGen       total 829952K, used 562343K [0x00000005bfa00000, 0x00000005f2480000, 0x0000000715380000)
  object space 829952K, 67% used [0x00000005bfa00000,0x00000005e1f29c48,0x00000005f2480000)
 Metaspace       used 132774K, capacity 135503K, committed 135936K, reserved 1163264K
  class space    used 22059K, capacity 23026K, committed 23040K, reserved 1048576K
}
Event: 50.609 GC heap before
{Heap before GC invocations=38 (full 5):
 PSYoungGen      total 2276864K, used 2276846K [0x0000000715380000, 0x00000007c0000000, 0x00000007c0000000)
  eden space 2007040K, 100% used [0x0000000715380000,0x000000078fb80000,0x000000078fb80000)
  from space 269824K, 99% used [0x00000007a5480000,0x00000007b5bfbbb0,0x00000007b5c00000)
  to   space 353280K, 0% used [0x000000078fb80000,0x000000078fb80000,0x00000007a5480000)
 ParOldGen       total 829952K, used 562343K [0x00000005bfa00000, 0x00000005f2480000, 0x0000000715380000)
  object space 829952K, 67% used [0x00000005bfa00000,0x00000005e1f29c48,0x00000005f2480000)
 Metaspace       used 132989K, capacity 135695K, committed 136192K, reserved 1163264K
  class space    used 22066K, capacity 23026K, committed 23040K, reserved 1048576K
Event: 50.672 GC heap after
Heap after GC invocations=38 (full 5):
 PSYoungGen      total 2360320K, used 222540K [0x0000000715380000, 0x00000007c0000000, 0x00000007c0000000)
  eden space 2007040K, 0% used [0x0000000715380000,0x0000000715380000,0x000000078fb80000)
  from space 353280K, 62% used [0x000000078fb80000,0x000000079d4d31e0,0x00000007a5480000)
  to   space 359936K, 0% used [0x00000007aa080000,0x00000007aa080000,0x00000007c0000000)
 ParOldGen       total 829952K, used 562351K [0x00000005bfa00000, 0x00000005f2480000, 0x0000000715380000)
  object space 829952K, 67% used [0x00000005bfa00000,0x00000005e1f2bc48,0x00000005f2480000)
 Metaspace       used 132989K, capacity 135695K, committed 136192K, reserved 1163264K
  class space    used 22066K, capacity 23026K, committed 23040K, reserved 1048576K
}
Event: 54.370 GC heap before
{Heap before GC invocations=39 (full 5):
 PSYoungGen      total 2360320K, used 2229580K [0x0000000715380000, 0x00000007c0000000, 0x00000007c0000000)
  eden space 2007040K, 100% used [0x0000000715380000,0x000000078fb80000,0x000000078fb80000)
  from space 353280K, 62% used [0x000000078fb80000,0x000000079d4d31e0,0x00000007a5480000)
  to   space 359936K, 0% used [0x00000007aa080000,0x00000007aa080000,0x00000007c0000000)
 ParOldGen       total 829952K, used 562351K [0x00000005bfa00000, 0x00000005f2480000, 0x0000000715380000)
  object space 829952K, 67% used [0x00000005bfa00000,0x00000005e1f2bc48,0x00000005f2480000)
 Metaspace       used 133222K, capacity 135893K, committed 136448K, reserved 1163264K
  class space    used 22075K, capacity 23027K, committed 23040K, reserved 1048576K
Event: 54.507 GC heap after
Heap after GC invocations=39 (full 5):
 PSYoungGen      total 2305024K, used 359929K [0x0000000715380000, 0x00000007c0000000, 0x00000007c0000000)
  eden space 1945088K, 0% used [0x0000000715380000,0x0000000715380000,0x000000078bf00000)
  from space 359936K, 99% used [0x00000007aa080000,0x00000007bfffe7b8,0x00000007c0000000)
  to   space 426496K, 0% used [0x000000078bf00000,0x000000078bf00000,0x00000007a5f80000)
 ParOldGen       total 829952K, used 594631K [0x00000005bfa00000, 0x00000005f2480000, 0x0000000715380000)
  object space 829952K, 71% used [0x00000005bfa00000,0x00000005e3eb1dc0,0x00000005f2480000)
 Metaspace       used 133222K, capacity 135893K, committed 136448K, reserved 1163264K
  class space    used 22075K, capacity 23027K, committed 23040K, reserved 1048576K
}
Event: 64.164 GC heap before
{Heap before GC invocations=40 (full 5):
 PSYoungGen      total 2305024K, used 2305017K [0x0000000715380000, 0x00000007c0000000, 0x00000007c0000000)
  eden space 1945088K, 100% used [0x0000000715380000,0x000000078bf00000,0x000000078bf00000)
  from space 359936K, 99% used [0x00000007aa080000,0x00000007bfffe7b8,0x00000007c0000000)
  to   space 426496K, 0% used [0x000000078bf00000,0x000000078bf00000,0x00000007a5f80000)
 ParOldGen       total 829952K, used 594631K [0x00000005bfa00000, 0x00000005f2480000, 0x0000000715380000)
  object space 829952K, 71% used [0x00000005bfa00000,0x00000005e3eb1dc0,0x00000005f2480000)
 Metaspace       used 134301K, capacity 137085K, committed 137344K, reserved 1163264K
  class space    used 22184K, capacity 23167K, committed 23168K, reserved 1048576K
Event: 64.334 GC heap after
Heap after GC invocations=40 (full 5):
 PSYoungGen      total 2371584K, used 426486K [0x0000000715380000, 0x00000007c0000000, 0x00000007c0000000)
  eden space 1945088K, 0% used [0x0000000715380000,0x0000000715380000,0x000000078bf00000)
  from space 426496K, 99% used [0x000000078bf00000,0x00000007a5f7db18,0x00000007a5f80000)
  to   space 426496K, 0% used [0x00000007a5f80000,0x00000007a5f80000,0x00000007c0000000)
 ParOldGen       total 829952K, used 717198K [0x00000005bfa00000, 0x00000005f2480000, 0x0000000715380000)
  object space 829952K, 86% used [0x00000005bfa00000,0x00000005eb663988,0x00000005f2480000)
 Metaspace       used 134301K, capacity 137085K, committed 137344K, reserved 1163264K
  class space    used 22184K, capacity 23167K, committed 23168K, reserved 1048576K
}

