# JRE version: Java(TM) SE Runtime Environment (8.0_51-b16) (build 1.8.0_51-b16)
# Java VM: Java HotSpot(TM) 64-Bit Server VM (25.51-b03 mixed mode windows-amd64 compressed oops)
Heap:
 PSYoungGen      total 1841152K, used 900751K [0x0000000717700000, 0x00000007c0000000, 0x00000007c0000000)
  eden space 920576K, 32% used [0x0000000717700000,0x00000007299197c0,0x000000074fa00000)
  from space 920576K, 65% used [0x000000074fa00000,0x000000077478a6a0,0x0000000787d00000)
  to   space 920576K, 0% used [0x0000000787d00000,0x0000000787d00000,0x00000007c0000000)
 ParOldGen       total 1737728K, used 1238040K [0x00000005c6400000, 0x0000000630500000, 0x0000000717700000)
  object space 1737728K, 71% used [0x00000005c6400000,0x0000000611d061a8,0x0000000630500000)
 Metaspace       used 144769K, capacity 147839K, committed 148372K, reserved 1173504K
  class space    used 23904K, capacity 24954K, committed 25020K, reserved 1048576K
GC Heap History (10 events):
Event: 88.939 GC heap before
{Heap before GC invocations=46 (full 6):
 PSYoungGen      total 1951744K, used 1951335K [0x0000000717700000, 0x00000007c0000000, 0x00000007c0000000)
  eden space 1329152K, 100% used [0x0000000717700000,0x0000000768900000,0x0000000768900000)
  from space 622592K, 99% used [0x0000000768900000,0x000000078e899fd8,0x000000078e900000)
  to   space 788992K, 0% used [0x000000078fd80000,0x000000078fd80000,0x00000007c0000000)
 ParOldGen       total 1239040K, used 864175K [0x00000005c6400000, 0x0000000611e00000, 0x0000000717700000)
  object space 1239040K, 69% used [0x00000005c6400000,0x00000005fafebc38,0x0000000611e00000)
 Metaspace       used 144148K, capacity 147155K, committed 147604K, reserved 1171456K
  class space    used 23846K, capacity 24908K, committed 25020K, reserved 1048576K
Event: 89.090 GC heap after
Heap after GC invocations=46 (full 6):
 PSYoungGen      total 1800704K, used 700604K [0x0000000717700000, 0x00000007c0000000, 0x00000007c0000000)
  eden space 1011712K, 0% used [0x0000000717700000,0x0000000717700000,0x0000000755300000)
  from space 788992K, 88% used [0x000000078fd80000,0x00000007ba9af350,0x00000007c0000000)
  to   space 875008K, 0% used [0x0000000755300000,0x0000000755300000,0x000000078a980000)
 ParOldGen       total 1239040K, used 914455K [0x00000005c6400000, 0x0000000611e00000, 0x0000000717700000)
  object space 1239040K, 73% used [0x00000005c6400000,0x00000005fe105c98,0x0000000611e00000)
 Metaspace       used 144148K, capacity 147155K, committed 147604K, reserved 1171456K
  class space    used 23846K, capacity 24908K, committed 25020K, reserved 1048576K
}
Event: 89.854 GC heap before
{Heap before GC invocations=47 (full 6):
 PSYoungGen      total 1800704K, used 1712316K [0x0000000717700000, 0x00000007c0000000, 0x00000007c0000000)
  eden space 1011712K, 100% used [0x0000000717700000,0x0000000755300000,0x0000000755300000)
  from space 788992K, 88% used [0x000000078fd80000,0x00000007ba9af350,0x00000007c0000000)
  to   space 875008K, 0% used [0x0000000755300000,0x0000000755300000,0x000000078a980000)
 ParOldGen       total 1239040K, used 914455K [0x00000005c6400000, 0x0000000611e00000, 0x0000000717700000)
  object space 1239040K, 73% used [0x00000005c6400000,0x00000005fe105c98,0x0000000611e00000)
 Metaspace       used 144196K, capacity 147219K, committed 147860K, reserved 1171456K
  class space    used 23848K, capacity 24908K, committed 25020K, reserved 1048576K
Event: 90.001 GC heap after
Heap after GC invocations=47 (full 6):
 PSYoungGen      total 1713664K, used 701624K [0x0000000717700000, 0x00000007c0000000, 0x00000007c0000000)
  eden space 1011712K, 0% used [0x0000000717700000,0x0000000717700000,0x0000000755300000)
  from space 701952K, 99% used [0x0000000755300000,0x000000078002e290,0x0000000780080000)
  to   space 920576K, 0% used [0x0000000787d00000,0x0000000787d00000,0x00000007c0000000)
 ParOldGen       total 1239040K, used 1005787K [0x00000005c6400000, 0x0000000611e00000, 0x0000000717700000)
  object space 1239040K, 81% used [0x00000005c6400000,0x0000000603a36d18,0x0000000611e00000)
 Metaspace       used 144196K, capacity 147219K, committed 147860K, reserved 1171456K
  class space    used 23848K, capacity 24908K, committed 25020K, reserved 1048576K
}
Event: 90.796 GC heap before
{Heap before GC invocations=48 (full 6):
 PSYoungGen      total 1713664K, used 1713336K [0x0000000717700000, 0x00000007c0000000, 0x00000007c0000000)
  eden space 1011712K, 100% used [0x0000000717700000,0x0000000755300000,0x0000000755300000)
  from space 701952K, 99% used [0x0000000755300000,0x000000078002e290,0x0000000780080000)
  to   space 920576K, 0% used [0x0000000787d00000,0x0000000787d00000,0x00000007c0000000)
 ParOldGen       total 1239040K, used 1005787K [0x00000005c6400000, 0x0000000611e00000, 0x0000000717700000)
  object space 1239040K, 81% used [0x00000005c6400000,0x0000000603a36d18,0x0000000611e00000)
 Metaspace       used 144212K, capacity 147283K, committed 147860K, reserved 1171456K
  class space    used 23849K, capacity 24908K, committed 25020K, reserved 1048576K
Event: 90.935 GC heap after
Heap after GC invocations=48 (full 6):
 PSYoungGen      total 1841152K, used 763076K [0x0000000717700000, 0x00000007c0000000, 0x00000007c0000000)
  eden space 920576K, 0% used [0x0000000717700000,0x0000000717700000,0x000000074fa00000)
  from space 920576K, 82% used [0x0000000787d00000,0x00000007b66311a8,0x00000007c0000000)
  to   space 920576K, 0% used [0x000000074fa00000,0x000000074fa00000,0x0000000787d00000)
 ParOldGen       total 1239040K, used 1038028K [0x00000005c6400000, 0x0000000611e00000, 0x0000000717700000)
  object space 1239040K, 83% used [0x00000005c6400000,0x00000006059b30c8,0x0000000611e00000)
 Metaspace       used 144212K, capacity 147283K, committed 147860K, reserved 1171456K
  class space    used 23849K, capacity 24908K, committed 25020K, reserved 1048576K
}
Event: 91.627 GC heap before
{Heap before GC invocations=49 (full 6):
 PSYoungGen      total 1841152K, used 1683652K [0x0000000717700000, 0x00000007c0000000, 0x00000007c0000000)
  eden space 920576K, 100% used [0x0000000717700000,0x000000074fa00000,0x000000074fa00000)
  from space 920576K, 82% used [0x0000000787d00000,0x00000007b66311a8,0x00000007c0000000)
  to   space 920576K, 0% used [0x000000074fa00000,0x000000074fa00000,0x0000000787d00000)
 ParOldGen       total 1239040K, used 1038028K [0x00000005c6400000, 0x0000000611e00000, 0x0000000717700000)
  object space 1239040K, 83% used [0x00000005c6400000,0x00000006059b30c8,0x0000000611e00000)
 Metaspace       used 144278K, capacity 147287K, committed 147860K, reserved 1171456K
  class space    used 23852K, capacity 24908K, committed 25020K, reserved 1048576K
Event: 91.771 GC heap after
Heap after GC invocations=49 (full 6):
 PSYoungGen      total 1841152K, used 725651K [0x0000000717700000, 0x00000007c0000000, 0x00000007c0000000)
  eden space 920576K, 0% used [0x0000000717700000,0x0000000717700000,0x000000074fa00000)
  from space 920576K, 78% used [0x000000074fa00000,0x000000077bea4c60,0x0000000787d00000)
  to   space 920576K, 0% used [0x0000000787d00000,0x0000000787d00000,0x00000007c0000000)
 ParOldGen       total 1239040K, used 1163483K [0x00000005c6400000, 0x0000000611e00000, 0x0000000717700000)
  object space 1239040K, 93% used [0x00000005c6400000,0x000000060d436fd0,0x0000000611e00000)
 Metaspace       used 144278K, capacity 147287K, committed 147860K, reserved 1171456K
  class space    used 23852K, capacity 24908K, committed 25020K, reserved 1048576K
}
Event: 91.771 GC heap before
{Heap before GC invocations=50 (full 7):
 PSYoungGen      total 1841152K, used 725651K [0x0000000717700000, 0x00000007c0000000, 0x00000007c0000000)
  eden space 920576K, 0% used [0x0000000717700000,0x0000000717700000,0x000000074fa00000)
  from space 920576K, 78% used [0x000000074fa00000,0x000000077bea4c60,0x0000000787d00000)
  to   space 920576K, 0% used [0x0000000787d00000,0x0000000787d00000,0x00000007c0000000)
 ParOldGen       total 1239040K, used 1163483K [0x00000005c6400000, 0x0000000611e00000, 0x0000000717700000)
  object space 1239040K, 93% used [0x00000005c6400000,0x000000060d436fd0,0x0000000611e00000)
 Metaspace       used 144278K, capacity 147287K, committed 147860K, reserved 1171456K
  class space    used 23852K, capacity 24908K, committed 25020K, reserved 1048576K
Event: 94.275 GC heap after
Heap after GC invocations=50 (full 7):
 PSYoungGen      total 1841152K, used 603689K [0x0000000717700000, 0x00000007c0000000, 0x00000007c0000000)
  eden space 920576K, 0% used [0x0000000717700000,0x0000000717700000,0x000000074fa00000)
  from space 920576K, 65% used [0x000000074fa00000,0x000000077478a6a0,0x0000000787d00000)
  to   space 920576K, 0% used [0x0000000787d00000,0x0000000787d00000,0x00000007c0000000)
 ParOldGen       total 1737728K, used 1238040K [0x00000005c6400000, 0x0000000630500000, 0x0000000717700000)
  object space 1737728K, 71% used [0x00000005c6400000,0x0000000611d061a8,0x0000000630500000)
 Metaspace       used 144278K, capacity 147287K, committed 147860K, reserved 1171456K
  class space    used 23852K, capacity 24908K, committed 25020K, reserved 1048576K
}

