# JRE version: Java(TM) SE Runtime Environment (8.0_51-b16) (build 1.8.0_51-b16)
# Java VM: Java HotSpot(TM) 64-Bit Server VM (25.51-b03 mixed mode windows-amd64 compressed oops)
Heap:
 PSYoungGen      total 1896448K, used 924593K [0x0000000715380000, 0x00000007c0000000, 0x00000007c0000000)
  eden space 1427968K, 42% used [0x0000000715380000,0x0000000739e9b368,0x000000076c600000)
  from space 468480K, 69% used [0x00000007a3680000,0x00000007b72513f8,0x00000007c0000000)
  to   space 685056K, 0% used [0x000000076c600000,0x000000076c600000,0x0000000796300000)
 ParOldGen       total 1417728K, used 902677K [0x00000005bfa00000, 0x0000000616280000, 0x0000000715380000)
  object space 1417728K, 63% used [0x00000005bfa00000,0x00000005f6b855b0,0x0000000616280000)
 Metaspace       used 140200K, capacity 143153K, committed 143636K, reserved 1169408K
  class space    used 23296K, capacity 24329K, committed 24380K, reserved 1048576K
GC Heap History (10 events):
Event: 56.476 GC heap before
{Heap before GC invocations=40 (full 5):
 PSYoungGen      total 2293760K, used 2293745K [0x0000000715380000, 0x00000007c0000000, 0x00000007c0000000)
  eden space 1984000K, 100% used [0x0000000715380000,0x000000078e500000,0x000000078e500000)
  from space 309760K, 99% used [0x00000007ad180000,0x00000007bfffc4d0,0x00000007c0000000)
  to   space 407040K, 0% used [0x000000078e500000,0x000000078e500000,0x00000007a7280000)
 ParOldGen       total 799744K, used 624822K [0x00000005bfa00000, 0x00000005f0700000, 0x0000000715380000)
  object space 799744K, 78% used [0x00000005bfa00000,0x00000005e5c2d838,0x00000005f0700000)
 Metaspace       used 138565K, capacity 141285K, committed 141844K, reserved 1167360K
  class space    used 23124K, capacity 24111K, committed 24124K, reserved 1048576K
Event: 56.539 GC heap after
Heap after GC invocations=40 (full 5):
 PSYoungGen      total 2391040K, used 212652K [0x0000000715380000, 0x00000007c0000000, 0x00000007c0000000)
  eden space 1984000K, 0% used [0x0000000715380000,0x0000000715380000,0x000000078e500000)
  from space 407040K, 52% used [0x000000078e500000,0x000000079b4ab190,0x00000007a7280000)
  to   space 397312K, 0% used [0x00000007a7c00000,0x00000007a7c00000,0x00000007c0000000)
 ParOldGen       total 799744K, used 624830K [0x00000005bfa00000, 0x00000005f0700000, 0x0000000715380000)
  object space 799744K, 78% used [0x00000005bfa00000,0x00000005e5c2f838,0x00000005f0700000)
 Metaspace       used 138565K, capacity 141285K, committed 141844K, reserved 1167360K
  class space    used 23124K, capacity 24111K, committed 24124K, reserved 1048576K
}
Event: 61.023 GC heap before
{Heap before GC invocations=41 (full 5):
 PSYoungGen      total 2391040K, used 2196652K [0x0000000715380000, 0x00000007c0000000, 0x00000007c0000000)
  eden space 1984000K, 100% used [0x0000000715380000,0x000000078e500000,0x000000078e500000)
  from space 407040K, 52% used [0x000000078e500000,0x000000079b4ab190,0x00000007a7280000)
  to   space 397312K, 0% used [0x00000007a7c00000,0x00000007a7c00000,0x00000007c0000000)
 ParOldGen       total 799744K, used 624830K [0x00000005bfa00000, 0x00000005f0700000, 0x0000000715380000)
  object space 799744K, 78% used [0x00000005bfa00000,0x00000005e5c2f838,0x00000005f0700000)
 Metaspace       used 138684K, capacity 141413K, committed 141844K, reserved 1167360K
  class space    used 23127K, capacity 24111K, committed 24124K, reserved 1048576K
Event: 61.147 GC heap after
Heap after GC invocations=41 (full 5):
 PSYoungGen      total 2258432K, used 397303K [0x0000000715380000, 0x00000007c0000000, 0x00000007c0000000)
  eden space 1861120K, 0% used [0x0000000715380000,0x0000000715380000,0x0000000786d00000)
  from space 397312K, 99% used [0x00000007a7c00000,0x00000007bfffdc88,0x00000007c0000000)
  to   space 468480K, 0% used [0x0000000786d00000,0x0000000786d00000,0x00000007a3680000)
 ParOldGen       total 799744K, used 656713K [0x00000005bfa00000, 0x00000005f0700000, 0x0000000715380000)
  object space 799744K, 82% used [0x00000005bfa00000,0x00000005e7b52508,0x00000005f0700000)
 Metaspace       used 138684K, capacity 141413K, committed 141844K, reserved 1167360K
  class space    used 23127K, capacity 24111K, committed 24124K, reserved 1048576K
}
Event: 71.354 GC heap before
{Heap before GC invocations=42 (full 5):
 PSYoungGen      total 2258432K, used 2258423K [0x0000000715380000, 0x00000007c0000000, 0x00000007c0000000)
  eden space 1861120K, 100% used [0x0000000715380000,0x0000000786d00000,0x0000000786d00000)
  from space 397312K, 99% used [0x00000007a7c00000,0x00000007bfffdc88,0x00000007c0000000)
  to   space 468480K, 0% used [0x0000000786d00000,0x0000000786d00000,0x00000007a3680000)
 ParOldGen       total 799744K, used 656713K [0x00000005bfa00000, 0x00000005f0700000, 0x0000000715380000)
  object space 799744K, 82% used [0x00000005bfa00000,0x00000005e7b52508,0x00000005f0700000)
 Metaspace       used 139549K, capacity 142363K, committed 142740K, reserved 1167360K
  class space    used 23222K, capacity 24250K, committed 24252K, reserved 1048576K
Event: 71.475 GC heap after
Heap after GC invocations=42 (full 5):
 PSYoungGen      total 2329600K, used 468472K [0x0000000715380000, 0x00000007c0000000, 0x00000007c0000000)
  eden space 1861120K, 0% used [0x0000000715380000,0x0000000715380000,0x0000000786d00000)
  from space 468480K, 99% used [0x0000000786d00000,0x00000007a367e268,0x00000007a3680000)
  to   space 468480K, 0% used [0x00000007a3680000,0x00000007a3680000,0x00000007c0000000)
 ParOldGen       total 799744K, used 698332K [0x00000005bfa00000, 0x00000005f0700000, 0x0000000715380000)
  object space 799744K, 87% used [0x00000005bfa00000,0x00000005ea3f73e8,0x00000005f0700000)
 Metaspace       used 139549K, capacity 142363K, committed 142740K, reserved 1167360K
  class space    used 23222K, capacity 24250K, committed 24252K, reserved 1048576K
}
Event: 73.355 GC heap before
{Heap before GC invocations=43 (full 5):
 PSYoungGen      total 2329600K, used 2329592K [0x0000000715380000, 0x00000007c0000000, 0x00000007c0000000)
  eden space 1861120K, 100% used [0x0000000715380000,0x0000000786d00000,0x0000000786d00000)
  from space 468480K, 99% used [0x0000000786d00000,0x00000007a367e268,0x00000007a3680000)
  to   space 468480K, 0% used [0x00000007a3680000,0x00000007a3680000,0x00000007c0000000)
 ParOldGen       total 799744K, used 698332K [0x00000005bfa00000, 0x00000005f0700000, 0x0000000715380000)
  object space 799744K, 87% used [0x00000005bfa00000,0x00000005ea3f73e8,0x00000005f0700000)
 Metaspace       used 139929K, capacity 142853K, committed 143380K, reserved 1169408K
  class space    used 23246K, capacity 24283K, committed 24380K, reserved 1048576K
Event: 73.510 GC heap after
Heap after GC invocations=43 (full 5):
 PSYoungGen      total 1896448K, used 468465K [0x0000000715380000, 0x00000007c0000000, 0x00000007c0000000)
  eden space 1427968K, 0% used [0x0000000715380000,0x0000000715380000,0x000000076c600000)
  from space 468480K, 99% used [0x00000007a3680000,0x00000007bfffc6d8,0x00000007c0000000)
  to   space 685056K, 0% used [0x000000076c600000,0x000000076c600000,0x0000000796300000)
 ParOldGen       total 903168K, used 903046K [0x00000005bfa00000, 0x00000005f6c00000, 0x0000000715380000)
  object space 903168K, 99% used [0x00000005bfa00000,0x00000005f6be1800,0x00000005f6c00000)
 Metaspace       used 139929K, capacity 142853K, committed 143380K, reserved 1169408K
  class space    used 23246K, capacity 24283K, committed 24380K, reserved 1048576K
}
Event: 73.510 GC heap before
{Heap before GC invocations=44 (full 6):
 PSYoungGen      total 1896448K, used 468465K [0x0000000715380000, 0x00000007c0000000, 0x00000007c0000000)
  eden space 1427968K, 0% used [0x0000000715380000,0x0000000715380000,0x000000076c600000)
  from space 468480K, 99% used [0x00000007a3680000,0x00000007bfffc6d8,0x00000007c0000000)
  to   space 685056K, 0% used [0x000000076c600000,0x000000076c600000,0x0000000796300000)
 ParOldGen       total 903168K, used 903046K [0x00000005bfa00000, 0x00000005f6c00000, 0x0000000715380000)
  object space 903168K, 99% used [0x00000005bfa00000,0x00000005f6be1800,0x00000005f6c00000)
 Metaspace       used 139929K, capacity 142853K, committed 143380K, reserved 1169408K
  class space    used 23246K, capacity 24283K, committed 24380K, reserved 1048576K
Event: 74.746 GC heap after
Heap after GC invocations=44 (full 6):
 PSYoungGen      total 1896448K, used 323396K [0x0000000715380000, 0x00000007c0000000, 0x00000007c0000000)
  eden space 1427968K, 0% used [0x0000000715380000,0x0000000715380000,0x000000076c600000)
  from space 468480K, 69% used [0x00000007a3680000,0x00000007b72513f8,0x00000007c0000000)
  to   space 685056K, 0% used [0x000000076c600000,0x000000076c600000,0x0000000796300000)
 ParOldGen       total 1417728K, used 902677K [0x00000005bfa00000, 0x0000000616280000, 0x0000000715380000)
  object space 1417728K, 63% used [0x00000005bfa00000,0x00000005f6b855b0,0x0000000616280000)
 Metaspace       used 139929K, capacity 142853K, committed 143380K, reserved 1169408K
  class space    used 23246K, capacity 24283K, committed 24380K, reserved 1048576K
}

