# JRE version: Java(TM) SE Runtime Environment (8.0_51-b16) (build 1.8.0_51-b16)
# Java VM: Java HotSpot(TM) 64-Bit Server VM (25.51-b03 mixed mode windows-amd64 compressed oops)
Heap:
 PSYoungGen      total 2349056K, used 1552251K [0x0000000715380000, 0x00000007c0000000, 0x00000007c0000000)
  eden space 1900032K, 68% used [0x0000000715380000,0x000000076431f328,0x0000000789300000)
  from space 449024K, 57% used [0x0000000789300000,0x0000000798f3fb10,0x00000007a4980000)
  to   space 449024K, 0% used [0x00000007a4980000,0x00000007a4980000,0x00000007c0000000)
 ParOldGen       total 1342976K, used 815261K [0x00000005bfa00000, 0x0000000611980000, 0x0000000715380000)
  object space 1342976K, 60% used [0x00000005bfa00000,0x00000005f1627500,0x0000000611980000)
 Metaspace       used 134660K, capacity 137511K, committed 137984K, reserved 1163264K
  class space    used 22206K, capacity 23185K, committed 23296K, reserved 1048576K
GC Heap History (10 events):
Event: 53.392 GC heap before
{Heap before GC invocations=37 (full 5):
 PSYoungGen      total 2202112K, used 2202111K [0x0000000715380000, 0x00000007bda00000, 0x00000007c0000000)
  eden space 1958400K, 100% used [0x0000000715380000,0x000000078cc00000,0x000000078cc00000)
  from space 243712K, 99% used [0x000000078cc00000,0x000000079b9ffd80,0x000000079ba00000)
  to   space 279552K, 0% used [0x00000007ac900000,0x00000007ac900000,0x00000007bda00000)
 ParOldGen       total 815616K, used 442962K [0x00000005bfa00000, 0x00000005f1680000, 0x0000000715380000)
  object space 815616K, 54% used [0x00000005bfa00000,0x00000005daa94950,0x00000005f1680000)
 Metaspace       used 132647K, capacity 135259K, committed 135680K, reserved 1161216K
  class space    used 22028K, capacity 22967K, committed 23040K, reserved 1048576K
Event: 53.547 GC heap after
Heap after GC invocations=37 (full 5):
 PSYoungGen      total 2337280K, used 279528K [0x0000000715380000, 0x00000007c0000000, 0x00000007c0000000)
  eden space 2057728K, 0% used [0x0000000715380000,0x0000000715380000,0x0000000792d00000)
  from space 279552K, 99% used [0x00000007ac900000,0x00000007bd9fa378,0x00000007bda00000)
  to   space 370176K, 0% used [0x0000000792d00000,0x0000000792d00000,0x00000007a9680000)
 ParOldGen       total 815616K, used 577231K [0x00000005bfa00000, 0x00000005f1680000, 0x0000000715380000)
  object space 815616K, 70% used [0x00000005bfa00000,0x00000005e2db3c40,0x00000005f1680000)
 Metaspace       used 132647K, capacity 135259K, committed 135680K, reserved 1161216K
  class space    used 22028K, capacity 22967K, committed 23040K, reserved 1048576K
}
Event: 55.778 GC heap before
{Heap before GC invocations=38 (full 5):
 PSYoungGen      total 2337280K, used 2337256K [0x0000000715380000, 0x00000007c0000000, 0x00000007c0000000)
  eden space 2057728K, 100% used [0x0000000715380000,0x0000000792d00000,0x0000000792d00000)
  from space 279552K, 99% used [0x00000007ac900000,0x00000007bd9fa378,0x00000007bda00000)
  to   space 370176K, 0% used [0x0000000792d00000,0x0000000792d00000,0x00000007a9680000)
 ParOldGen       total 815616K, used 577231K [0x00000005bfa00000, 0x00000005f1680000, 0x0000000715380000)
  object space 815616K, 70% used [0x00000005bfa00000,0x00000005e2db3c40,0x00000005f1680000)
 Metaspace       used 132695K, capacity 135323K, committed 135936K, reserved 1163264K
  class space    used 22028K, capacity 22967K, committed 23040K, reserved 1048576K
Event: 55.836 GC heap after
Heap after GC invocations=38 (full 5):
 PSYoungGen      total 2427904K, used 189797K [0x0000000715380000, 0x00000007c0000000, 0x00000007c0000000)
  eden space 2057728K, 0% used [0x0000000715380000,0x0000000715380000,0x0000000792d00000)
  from space 370176K, 51% used [0x0000000792d00000,0x000000079e6597d0,0x00000007a9680000)
  to   space 361472K, 0% used [0x00000007a9f00000,0x00000007a9f00000,0x00000007c0000000)
 ParOldGen       total 815616K, used 577239K [0x00000005bfa00000, 0x00000005f1680000, 0x0000000715380000)
  object space 815616K, 70% used [0x00000005bfa00000,0x00000005e2db5c40,0x00000005f1680000)
 Metaspace       used 132695K, capacity 135323K, committed 135936K, reserved 1163264K
  class space    used 22028K, capacity 22967K, committed 23040K, reserved 1048576K
}
Event: 60.636 GC heap before
{Heap before GC invocations=39 (full 5):
 PSYoungGen      total 2427904K, used 2247525K [0x0000000715380000, 0x00000007c0000000, 0x00000007c0000000)
  eden space 2057728K, 100% used [0x0000000715380000,0x0000000792d00000,0x0000000792d00000)
  from space 370176K, 51% used [0x0000000792d00000,0x000000079e6597d0,0x00000007a9680000)
  to   space 361472K, 0% used [0x00000007a9f00000,0x00000007a9f00000,0x00000007c0000000)
 ParOldGen       total 815616K, used 577239K [0x00000005bfa00000, 0x00000005f1680000, 0x0000000715380000)
  object space 815616K, 70% used [0x00000005bfa00000,0x00000005e2db5c40,0x00000005f1680000)
 Metaspace       used 132948K, capacity 135585K, committed 136192K, reserved 1163264K
  class space    used 22038K, capacity 22968K, committed 23040K, reserved 1048576K
Event: 60.796 GC heap after
Heap after GC invocations=39 (full 5):
 PSYoungGen      total 2261504K, used 361467K [0x0000000715380000, 0x00000007c0000000, 0x00000007c0000000)
  eden space 1900032K, 0% used [0x0000000715380000,0x0000000715380000,0x0000000789300000)
  from space 361472K, 99% used [0x00000007a9f00000,0x00000007bfffedc8,0x00000007c0000000)
  to   space 449024K, 0% used [0x0000000789300000,0x0000000789300000,0x00000007a4980000)
 ParOldGen       total 815616K, used 665674K [0x00000005bfa00000, 0x00000005f1680000, 0x0000000715380000)
  object space 815616K, 81% used [0x00000005bfa00000,0x00000005e8412918,0x00000005f1680000)
 Metaspace       used 132948K, capacity 135585K, committed 136192K, reserved 1163264K
  class space    used 22038K, capacity 22968K, committed 23040K, reserved 1048576K
}
Event: 70.367 GC heap before
{Heap before GC invocations=40 (full 5):
 PSYoungGen      total 2261504K, used 2261499K [0x0000000715380000, 0x00000007c0000000, 0x00000007c0000000)
  eden space 1900032K, 100% used [0x0000000715380000,0x0000000789300000,0x0000000789300000)
  from space 361472K, 99% used [0x00000007a9f00000,0x00000007bfffedc8,0x00000007c0000000)
  to   space 449024K, 0% used [0x0000000789300000,0x0000000789300000,0x00000007a4980000)
 ParOldGen       total 815616K, used 665674K [0x00000005bfa00000, 0x00000005f1680000, 0x0000000715380000)
  object space 815616K, 81% used [0x00000005bfa00000,0x00000005e8412918,0x00000005f1680000)
 Metaspace       used 134105K, capacity 136929K, committed 137344K, reserved 1163264K
  class space    used 22151K, capacity 23108K, committed 23168K, reserved 1048576K
Event: 70.514 GC heap after
Heap after GC invocations=40 (full 5):
 PSYoungGen      total 2349056K, used 449001K [0x0000000715380000, 0x00000007c0000000, 0x00000007c0000000)
  eden space 1900032K, 0% used [0x0000000715380000,0x0000000715380000,0x0000000789300000)
  from space 449024K, 99% used [0x0000000789300000,0x00000007a497a480,0x00000007a4980000)
  to   space 449024K, 0% used [0x00000007a4980000,0x00000007a4980000,0x00000007c0000000)
 ParOldGen       total 815616K, used 770176K [0x00000005bfa00000, 0x00000005f1680000, 0x0000000715380000)
  object space 815616K, 94% used [0x00000005bfa00000,0x00000005eea200e0,0x00000005f1680000)
 Metaspace       used 134105K, capacity 136929K, committed 137344K, reserved 1163264K
  class space    used 22151K, capacity 23108K, committed 23168K, reserved 1048576K
}
Event: 70.514 GC heap before
{Heap before GC invocations=41 (full 6):
 PSYoungGen      total 2349056K, used 449001K [0x0000000715380000, 0x00000007c0000000, 0x00000007c0000000)
  eden space 1900032K, 0% used [0x0000000715380000,0x0000000715380000,0x0000000789300000)
  from space 449024K, 99% used [0x0000000789300000,0x00000007a497a480,0x00000007a4980000)
  to   space 449024K, 0% used [0x00000007a4980000,0x00000007a4980000,0x00000007c0000000)
 ParOldGen       total 815616K, used 770176K [0x00000005bfa00000, 0x00000005f1680000, 0x0000000715380000)
  object space 815616K, 94% used [0x00000005bfa00000,0x00000005eea200e0,0x00000005f1680000)
 Metaspace       used 134105K, capacity 136929K, committed 137344K, reserved 1163264K
  class space    used 22151K, capacity 23108K, committed 23168K, reserved 1048576K
Event: 71.581 GC heap after
Heap after GC invocations=41 (full 6):
 PSYoungGen      total 2349056K, used 258302K [0x0000000715380000, 0x00000007c0000000, 0x00000007c0000000)
  eden space 1900032K, 0% used [0x0000000715380000,0x0000000715380000,0x0000000789300000)
  from space 449024K, 57% used [0x0000000789300000,0x0000000798f3fb10,0x00000007a4980000)
  to   space 449024K, 0% used [0x00000007a4980000,0x00000007a4980000,0x00000007c0000000)
 ParOldGen       total 1342976K, used 815261K [0x00000005bfa00000, 0x0000000611980000, 0x0000000715380000)
  object space 1342976K, 60% used [0x00000005bfa00000,0x00000005f1627500,0x0000000611980000)
 Metaspace       used 134105K, capacity 136929K, committed 137344K, reserved 1163264K
  class space    used 22151K, capacity 23108K, committed 23168K, reserved 1048576K
}

