# JRE version: Java(TM) SE Runtime Environment (8.0_51-b16) (build 1.8.0_51-b16)
# Java VM: Java HotSpot(TM) 64-Bit Server VM (25.51-b03 mixed mode windows-amd64 compressed oops)
Heap:
 PSYoungGen      total 2262016K, used 1270467K [0x0000000715380000, 0x00000007c0000000, 0x00000007c0000000)
  eden space 1908224K, 48% used [0x0000000715380000,0x000000074d2b3d50,0x0000000789b00000)
  from space 353792K, 99% used [0x00000007aa680000,0x00000007bfffd198,0x00000007c0000000)
  to   space 444928K, 0% used [0x0000000789b00000,0x0000000789b00000,0x00000007a4d80000)
 ParOldGen       total 1234432K, used 923004K [0x00000005bfa00000, 0x000000060af80000, 0x0000000715380000)
  object space 1234432K, 74% used [0x00000005bfa00000,0x00000005f7f5f1f0,0x000000060af80000)
 Metaspace       used 137609K, capacity 140531K, committed 141056K, reserved 1167360K
  class space    used 22742K, capacity 23722K, committed 23808K, reserved 1048576K
GC Heap History (10 events):
Event: 57.328 GC heap before
{Heap before GC invocations=36 (full 5):
 PSYoungGen      total 2491904K, used 2491895K [0x0000000715380000, 0x00000007c0000000, 0x00000007c0000000)
  eden space 2305536K, 100% used [0x0000000715380000,0x00000007a1f00000,0x00000007a1f00000)
  from space 186368K, 99% used [0x00000007b4a00000,0x00000007bfffde70,0x00000007c0000000)
  to   space 246272K, 0% used [0x00000007a1f00000,0x00000007a1f00000,0x00000007b0f80000)
 ParOldGen       total 776704K, used 571109K [0x00000005bfa00000, 0x00000005ef080000, 0x0000000715380000)
  object space 776704K, 73% used [0x00000005bfa00000,0x00000005e27b9758,0x00000005ef080000)
 Metaspace       used 135700K, capacity 138465K, committed 139264K, reserved 1165312K
  class space    used 22563K, capacity 23503K, committed 23552K, reserved 1048576K
Event: 57.455 GC heap after
Heap after GC invocations=36 (full 5):
 PSYoungGen      total 2551808K, used 246269K [0x0000000715380000, 0x00000007c0000000, 0x00000007c0000000)
  eden space 2305536K, 0% used [0x0000000715380000,0x0000000715380000,0x00000007a1f00000)
  from space 246272K, 99% used [0x00000007a1f00000,0x00000007b0f7f770,0x00000007b0f80000)
  to   space 246272K, 0% used [0x00000007b0f80000,0x00000007b0f80000,0x00000007c0000000)
 ParOldGen       total 776704K, used 703691K [0x00000005bfa00000, 0x00000005ef080000, 0x0000000715380000)
  object space 776704K, 90% used [0x00000005bfa00000,0x00000005ea932cd0,0x00000005ef080000)
 Metaspace       used 135700K, capacity 138465K, committed 139264K, reserved 1165312K
  class space    used 22563K, capacity 23503K, committed 23552K, reserved 1048576K
}
Event: 57.455 GC heap before
{Heap before GC invocations=37 (full 6):
 PSYoungGen      total 2551808K, used 246269K [0x0000000715380000, 0x00000007c0000000, 0x00000007c0000000)
  eden space 2305536K, 0% used [0x0000000715380000,0x0000000715380000,0x00000007a1f00000)
  from space 246272K, 99% used [0x00000007a1f00000,0x00000007b0f7f770,0x00000007b0f80000)
  to   space 246272K, 0% used [0x00000007b0f80000,0x00000007b0f80000,0x00000007c0000000)
 ParOldGen       total 776704K, used 703691K [0x00000005bfa00000, 0x00000005ef080000, 0x0000000715380000)
  object space 776704K, 90% used [0x00000005bfa00000,0x00000005ea932cd0,0x00000005ef080000)
 Metaspace       used 135700K, capacity 138465K, committed 139264K, reserved 1165312K
  class space    used 22563K, capacity 23503K, committed 23552K, reserved 1048576K
Event: 58.465 GC heap after
Heap after GC invocations=37 (full 6):
 PSYoungGen      total 2551808K, used 63005K [0x0000000715380000, 0x00000007c0000000, 0x00000007c0000000)
  eden space 2305536K, 0% used [0x0000000715380000,0x0000000715380000,0x00000007a1f00000)
  from space 246272K, 25% used [0x00000007a1f00000,0x00000007a5c87450,0x00000007b0f80000)
  to   space 246272K, 0% used [0x00000007b0f80000,0x00000007b0f80000,0x00000007c0000000)
 ParOldGen       total 1234432K, used 776497K [0x00000005bfa00000, 0x000000060af80000, 0x0000000715380000)
  object space 1234432K, 62% used [0x00000005bfa00000,0x00000005ef04c498,0x000000060af80000)
 Metaspace       used 135700K, capacity 138465K, committed 139264K, reserved 1165312K
  class space    used 22563K, capacity 23503K, committed 23552K, reserved 1048576K
}
Event: 62.451 GC heap before
{Heap before GC invocations=38 (full 6):
 PSYoungGen      total 2551808K, used 2368541K [0x0000000715380000, 0x00000007c0000000, 0x00000007c0000000)
  eden space 2305536K, 100% used [0x0000000715380000,0x00000007a1f00000,0x00000007a1f00000)
  from space 246272K, 25% used [0x00000007a1f00000,0x00000007a5c87450,0x00000007b0f80000)
  to   space 246272K, 0% used [0x00000007b0f80000,0x00000007b0f80000,0x00000007c0000000)
 ParOldGen       total 1234432K, used 776497K [0x00000005bfa00000, 0x000000060af80000, 0x0000000715380000)
  object space 1234432K, 62% used [0x00000005bfa00000,0x00000005ef04c498,0x000000060af80000)
 Metaspace       used 135846K, capacity 138535K, committed 139264K, reserved 1165312K
  class space    used 22572K, capacity 23504K, committed 23552K, reserved 1048576K
Event: 62.536 GC heap after
Heap after GC invocations=38 (full 6):
 PSYoungGen      total 2413568K, used 119682K [0x0000000715380000, 0x00000007c0000000, 0x00000007c0000000)
  eden space 2167296K, 0% used [0x0000000715380000,0x0000000715380000,0x0000000799800000)
  from space 246272K, 48% used [0x00000007b0f80000,0x00000007b84608c0,0x00000007c0000000)
  to   space 315392K, 0% used [0x0000000799800000,0x0000000799800000,0x00000007acc00000)
 ParOldGen       total 1234432K, used 834972K [0x00000005bfa00000, 0x000000060af80000, 0x0000000715380000)
  object space 1234432K, 67% used [0x00000005bfa00000,0x00000005f2967048,0x000000060af80000)
 Metaspace       used 135846K, capacity 138535K, committed 139264K, reserved 1165312K
  class space    used 22572K, capacity 23504K, committed 23552K, reserved 1048576K
}
Event: 67.344 GC heap before
{Heap before GC invocations=39 (full 6):
 PSYoungGen      total 2413568K, used 2286978K [0x0000000715380000, 0x00000007c0000000, 0x00000007c0000000)
  eden space 2167296K, 100% used [0x0000000715380000,0x0000000799800000,0x0000000799800000)
  from space 246272K, 48% used [0x00000007b0f80000,0x00000007b84608c0,0x00000007c0000000)
  to   space 315392K, 0% used [0x0000000799800000,0x0000000799800000,0x00000007acc00000)
 ParOldGen       total 1234432K, used 834972K [0x00000005bfa00000, 0x000000060af80000, 0x0000000715380000)
  object space 1234432K, 67% used [0x00000005bfa00000,0x00000005f2967048,0x000000060af80000)
 Metaspace       used 135887K, capacity 138599K, committed 139264K, reserved 1165312K
  class space    used 22572K, capacity 23504K, committed 23552K, reserved 1048576K
Event: 67.427 GC heap after
Heap after GC invocations=39 (full 6):
 PSYoungGen      total 2443776K, used 276130K [0x0000000715380000, 0x00000007c0000000, 0x00000007c0000000)
  eden space 2167296K, 0% used [0x0000000715380000,0x0000000715380000,0x0000000799800000)
  from space 276480K, 99% used [0x0000000799800000,0x00000007aa5a8b08,0x00000007aa600000)
  to   space 353792K, 0% used [0x00000007aa680000,0x00000007aa680000,0x00000007c0000000)
 ParOldGen       total 1234432K, used 834980K [0x00000005bfa00000, 0x000000060af80000, 0x0000000715380000)
  object space 1234432K, 67% used [0x00000005bfa00000,0x00000005f2969048,0x000000060af80000)
 Metaspace       used 135887K, capacity 138599K, committed 139264K, reserved 1165312K
  class space    used 22572K, capacity 23504K, committed 23552K, reserved 1048576K
}
Event: 77.743 GC heap before
{Heap before GC invocations=40 (full 6):
 PSYoungGen      total 2443776K, used 2443426K [0x0000000715380000, 0x00000007c0000000, 0x00000007c0000000)
  eden space 2167296K, 100% used [0x0000000715380000,0x0000000799800000,0x0000000799800000)
  from space 276480K, 99% used [0x0000000799800000,0x00000007aa5a8b08,0x00000007aa600000)
  to   space 353792K, 0% used [0x00000007aa680000,0x00000007aa680000,0x00000007c0000000)
 ParOldGen       total 1234432K, used 834980K [0x00000005bfa00000, 0x000000060af80000, 0x0000000715380000)
  object space 1234432K, 67% used [0x00000005bfa00000,0x00000005f2969048,0x000000060af80000)
 Metaspace       used 137033K, capacity 139975K, committed 140416K, reserved 1165312K
  class space    used 22686K, capacity 23676K, committed 23680K, reserved 1048576K
Event: 77.844 GC heap after
Heap after GC invocations=40 (full 6):
 PSYoungGen      total 2262016K, used 353780K [0x0000000715380000, 0x00000007c0000000, 0x00000007c0000000)
  eden space 1908224K, 0% used [0x0000000715380000,0x0000000715380000,0x0000000789b00000)
  from space 353792K, 99% used [0x00000007aa680000,0x00000007bfffd198,0x00000007c0000000)
  to   space 444928K, 0% used [0x0000000789b00000,0x0000000789b00000,0x00000007a4d80000)
 ParOldGen       total 1234432K, used 923004K [0x00000005bfa00000, 0x000000060af80000, 0x0000000715380000)
  object space 1234432K, 74% used [0x00000005bfa00000,0x00000005f7f5f1f0,0x000000060af80000)
 Metaspace       used 137033K, capacity 139975K, committed 140416K, reserved 1165312K
  class space    used 22686K, capacity 23676K, committed 23680K, reserved 1048576K
}

