# JRE version: Java(TM) SE Runtime Environment (8.0_51-b16) (build 1.8.0_51-b16)
# Java VM: Java HotSpot(TM) 64-Bit Server VM (25.51-b03 mixed mode windows-amd64 compressed oops)
Heap:
 PSYoungGen      total 1965056K, used 461856K [0x0000000715380000, 0x00000007c0000000, 0x00000007c0000000)
  eden space 1574400K, 15% used [0x0000000715380000,0x00000007247f8ac0,0x0000000775500000)
  from space 390656K, 54% used [0x00000007a8280000,0x00000007b510f770,0x00000007c0000000)
  to   space 611840K, 0% used [0x0000000775500000,0x0000000775500000,0x000000079aa80000)
 ParOldGen       total 1482752K, used 927701K [0x00000005bfa00000, 0x000000061a200000, 0x0000000715380000)
  object space 1482752K, 62% used [0x00000005bfa00000,0x00000005f83f5748,0x000000061a200000)
 Metaspace       used 141495K, capacity 144527K, committed 144640K, reserved 1169408K
  class space    used 23478K, capacity 24540K, committed 24576K, reserved 1048576K
GC Heap History (10 events):
Event: 66.840 GC heap before
{Heap before GC invocations=38 (full 5):
 PSYoungGen      total 2489344K, used 2419828K [0x0000000715380000, 0x00000007c0000000, 0x00000007c0000000)
  eden space 2205184K, 100% used [0x0000000715380000,0x000000079bd00000,0x000000079bd00000)
  from space 284160K, 75% used [0x00000007aea80000,0x00000007bbc1d2e8,0x00000007c0000000)
  to   space 296448K, 0% used [0x000000079bd00000,0x000000079bd00000,0x00000007ade80000)
 ParOldGen       total 850944K, used 481775K [0x00000005bfa00000, 0x00000005f3900000, 0x0000000715380000)
  object space 850944K, 56% used [0x00000005bfa00000,0x00000005dd07bce0,0x00000005f3900000)
 Metaspace       used 139725K, capacity 142675K, committed 143232K, reserved 1167360K
  class space    used 23285K, capacity 24350K, committed 24448K, reserved 1048576K
Event: 66.960 GC heap after
Heap after GC invocations=38 (full 5):
 PSYoungGen      total 2501632K, used 296437K [0x0000000715380000, 0x00000007c0000000, 0x00000007c0000000)
  eden space 2205184K, 0% used [0x0000000715380000,0x0000000715380000,0x000000079bd00000)
  from space 296448K, 99% used [0x000000079bd00000,0x00000007ade7d4f8,0x00000007ade80000)
  to   space 296448K, 0% used [0x00000007ade80000,0x00000007ade80000,0x00000007c0000000)
 ParOldGen       total 850944K, used 579955K [0x00000005bfa00000, 0x00000005f3900000, 0x0000000715380000)
  object space 850944K, 68% used [0x00000005bfa00000,0x00000005e305ccf0,0x00000005f3900000)
 Metaspace       used 139725K, capacity 142675K, committed 143232K, reserved 1167360K
  class space    used 23285K, capacity 24350K, committed 24448K, reserved 1048576K
}
Event: 70.446 GC heap before
{Heap before GC invocations=39 (full 5):
 PSYoungGen      total 2501632K, used 2501621K [0x0000000715380000, 0x00000007c0000000, 0x00000007c0000000)
  eden space 2205184K, 100% used [0x0000000715380000,0x000000079bd00000,0x000000079bd00000)
  from space 296448K, 99% used [0x000000079bd00000,0x00000007ade7d4f8,0x00000007ade80000)
  to   space 296448K, 0% used [0x00000007ade80000,0x00000007ade80000,0x00000007c0000000)
 ParOldGen       total 850944K, used 579955K [0x00000005bfa00000, 0x00000005f3900000, 0x0000000715380000)
  object space 850944K, 68% used [0x00000005bfa00000,0x00000005e305ccf0,0x00000005f3900000)
 Metaspace       used 139982K, capacity 142873K, committed 143232K, reserved 1167360K
  class space    used 23295K, capacity 24351K, committed 24448K, reserved 1048576K
Event: 70.536 GC heap after
Heap after GC invocations=39 (full 5):
 PSYoungGen      total 2313216K, used 278772K [0x0000000715380000, 0x00000007c0000000, 0x00000007c0000000)
  eden space 2016768K, 0% used [0x0000000715380000,0x0000000715380000,0x0000000790500000)
  from space 296448K, 94% used [0x00000007ade80000,0x00000007beebd0a0,0x00000007c0000000)
  to   space 390656K, 0% used [0x0000000790500000,0x0000000790500000,0x00000007a8280000)
 ParOldGen       total 850944K, used 579963K [0x00000005bfa00000, 0x00000005f3900000, 0x0000000715380000)
  object space 850944K, 68% used [0x00000005bfa00000,0x00000005e305ecf0,0x00000005f3900000)
 Metaspace       used 139982K, capacity 142873K, committed 143232K, reserved 1167360K
  class space    used 23295K, capacity 24351K, committed 24448K, reserved 1048576K
}
Event: 82.110 GC heap before
{Heap before GC invocations=40 (full 5):
 PSYoungGen      total 2313216K, used 2295540K [0x0000000715380000, 0x00000007c0000000, 0x00000007c0000000)
  eden space 2016768K, 100% used [0x0000000715380000,0x0000000790500000,0x0000000790500000)
  from space 296448K, 94% used [0x00000007ade80000,0x00000007beebd0a0,0x00000007c0000000)
  to   space 390656K, 0% used [0x0000000790500000,0x0000000790500000,0x00000007a8280000)
 ParOldGen       total 850944K, used 579963K [0x00000005bfa00000, 0x00000005f3900000, 0x0000000715380000)
  object space 850944K, 68% used [0x00000005bfa00000,0x00000005e305ecf0,0x00000005f3900000)
 Metaspace       used 140728K, capacity 143717K, committed 144128K, reserved 1169408K
  class space    used 23381K, capacity 24457K, committed 24576K, reserved 1048576K
Event: 82.267 GC heap after
Heap after GC invocations=40 (full 5):
 PSYoungGen      total 2407424K, used 390627K [0x0000000715380000, 0x00000007c0000000, 0x00000007c0000000)
  eden space 2016768K, 0% used [0x0000000715380000,0x0000000715380000,0x0000000790500000)
  from space 390656K, 99% used [0x0000000790500000,0x00000007a8278d80,0x00000007a8280000)
  to   space 390656K, 0% used [0x00000007a8280000,0x00000007a8280000,0x00000007c0000000)
 ParOldGen       total 850944K, used 688718K [0x00000005bfa00000, 0x00000005f3900000, 0x0000000715380000)
  object space 850944K, 80% used [0x00000005bfa00000,0x00000005e9a93af8,0x00000005f3900000)
 Metaspace       used 140728K, capacity 143717K, committed 144128K, reserved 1169408K
  class space    used 23381K, capacity 24457K, committed 24576K, reserved 1048576K
}
Event: 84.395 GC heap before
{Heap before GC invocations=41 (full 5):
 PSYoungGen      total 2407424K, used 2407395K [0x0000000715380000, 0x00000007c0000000, 0x00000007c0000000)
  eden space 2016768K, 100% used [0x0000000715380000,0x0000000790500000,0x0000000790500000)
  from space 390656K, 99% used [0x0000000790500000,0x00000007a8278d80,0x00000007a8280000)
  to   space 390656K, 0% used [0x00000007a8280000,0x00000007a8280000,0x00000007c0000000)
 ParOldGen       total 850944K, used 688718K [0x00000005bfa00000, 0x00000005f3900000, 0x0000000715380000)
  object space 850944K, 80% used [0x00000005bfa00000,0x00000005e9a93af8,0x00000005f3900000)
 Metaspace       used 141189K, capacity 144217K, committed 144640K, reserved 1169408K
  class space    used 23413K, capacity 24491K, committed 24576K, reserved 1048576K
Event: 84.584 GC heap after
Heap after GC invocations=41 (full 5):
 PSYoungGen      total 1965056K, used 390630K [0x0000000715380000, 0x00000007c0000000, 0x00000007c0000000)
  eden space 1574400K, 0% used [0x0000000715380000,0x0000000715380000,0x0000000775500000)
  from space 390656K, 99% used [0x00000007a8280000,0x00000007bfff9b60,0x00000007c0000000)
  to   space 611840K, 0% used [0x0000000775500000,0x0000000775500000,0x000000079aa80000)
 ParOldGen       total 927744K, used 927412K [0x00000005bfa00000, 0x00000005f8400000, 0x0000000715380000)
  object space 927744K, 99% used [0x00000005bfa00000,0x00000005f83ad308,0x00000005f8400000)
 Metaspace       used 141189K, capacity 144217K, committed 144640K, reserved 1169408K
  class space    used 23413K, capacity 24491K, committed 24576K, reserved 1048576K
}
Event: 84.584 GC heap before
{Heap before GC invocations=42 (full 6):
 PSYoungGen      total 1965056K, used 390630K [0x0000000715380000, 0x00000007c0000000, 0x00000007c0000000)
  eden space 1574400K, 0% used [0x0000000715380000,0x0000000715380000,0x0000000775500000)
  from space 390656K, 99% used [0x00000007a8280000,0x00000007bfff9b60,0x00000007c0000000)
  to   space 611840K, 0% used [0x0000000775500000,0x0000000775500000,0x000000079aa80000)
 ParOldGen       total 927744K, used 927412K [0x00000005bfa00000, 0x00000005f8400000, 0x0000000715380000)
  object space 927744K, 99% used [0x00000005bfa00000,0x00000005f83ad308,0x00000005f8400000)
 Metaspace       used 141189K, capacity 144217K, committed 144640K, reserved 1169408K
  class space    used 23413K, capacity 24491K, committed 24576K, reserved 1048576K
Event: 85.720 GC heap after
Heap after GC invocations=42 (full 6):
 PSYoungGen      total 1965056K, used 211517K [0x0000000715380000, 0x00000007c0000000, 0x00000007c0000000)
  eden space 1574400K, 0% used [0x0000000715380000,0x0000000715380000,0x0000000775500000)
  from space 390656K, 54% used [0x00000007a8280000,0x00000007b510f770,0x00000007c0000000)
  to   space 611840K, 0% used [0x0000000775500000,0x0000000775500000,0x000000079aa80000)
 ParOldGen       total 1482752K, used 927701K [0x00000005bfa00000, 0x000000061a200000, 0x0000000715380000)
  object space 1482752K, 62% used [0x00000005bfa00000,0x00000005f83f5748,0x000000061a200000)
 Metaspace       used 141189K, capacity 144217K, committed 144640K, reserved 1169408K
  class space    used 23413K, capacity 24491K, committed 24576K, reserved 1048576K
}

