# JRE version: Java(TM) SE Runtime Environment (8.0_51-b16) (build 1.8.0_51-b16)
# Java VM: Java HotSpot(TM) 64-Bit Server VM (25.51-b03 mixed mode windows-amd64 compressed oops)
Heap:
 PSYoungGen      total 1916416K, used 469528K [0x0000000715380000, 0x00000007c0000000, 0x00000007c0000000)
  eden space 1477120K, 12% used [0x0000000715380000,0x0000000720eb1730,0x000000076f600000)
  from space 439296K, 63% used [0x00000007a5300000,0x00000007b6254990,0x00000007c0000000)
  to   space 660480K, 0% used [0x000000076f600000,0x000000076f600000,0x0000000797b00000)
 ParOldGen       total 1431040K, used 908620K [0x00000005bfa00000, 0x0000000616f80000, 0x0000000715380000)
  object space 1431040K, 63% used [0x00000005bfa00000,0x00000005f71531f8,0x0000000616f80000)
 Metaspace       used 140687K, capacity 143783K, committed 143960K, reserved 1169408K
  class space    used 23337K, capacity 24396K, committed 24408K, reserved 1048576K
GC Heap History (10 events):
Event: 63.268 GC heap before
{Heap before GC invocations=36 (full 5):
 PSYoungGen      total 2451968K, used 2451945K [0x0000000715380000, 0x00000007c0000000, 0x00000007c0000000)
  eden space 2189824K, 100% used [0x0000000715380000,0x000000079ae00000,0x000000079ae00000)
  from space 262144K, 99% used [0x00000007b0000000,0x00000007bfffa620,0x00000007c0000000)
  to   space 304128K, 0% used [0x000000079ae00000,0x000000079ae00000,0x00000007ad700000)
 ParOldGen       total 816128K, used 469479K [0x00000005bfa00000, 0x00000005f1700000, 0x0000000715380000)
  object space 816128K, 57% used [0x00000005bfa00000,0x00000005dc479c10,0x00000005f1700000)
 Metaspace       used 138842K, capacity 141771K, committed 142296K, reserved 1167360K
  class space    used 23143K, capacity 24174K, committed 24280K, reserved 1048576K
Event: 63.428 GC heap after
Heap after GC invocations=36 (full 5):
 PSYoungGen      total 2493952K, used 304110K [0x0000000715380000, 0x00000007c0000000, 0x00000007c0000000)
  eden space 2189824K, 0% used [0x0000000715380000,0x0000000715380000,0x000000079ae00000)
  from space 304128K, 99% used [0x000000079ae00000,0x00000007ad6fb878,0x00000007ad700000)
  to   space 304128K, 0% used [0x00000007ad700000,0x00000007ad700000,0x00000007c0000000)
 ParOldGen       total 816128K, used 608936K [0x00000005bfa00000, 0x00000005f1700000, 0x0000000715380000)
  object space 816128K, 74% used [0x00000005bfa00000,0x00000005e4caa130,0x00000005f1700000)
 Metaspace       used 138842K, capacity 141771K, committed 142296K, reserved 1167360K
  class space    used 23143K, capacity 24174K, committed 24280K, reserved 1048576K
}
Event: 68.091 GC heap before
{Heap before GC invocations=37 (full 5):
 PSYoungGen      total 2493952K, used 2493934K [0x0000000715380000, 0x00000007c0000000, 0x00000007c0000000)
  eden space 2189824K, 100% used [0x0000000715380000,0x000000079ae00000,0x000000079ae00000)
  from space 304128K, 99% used [0x000000079ae00000,0x00000007ad6fb878,0x00000007ad700000)
  to   space 304128K, 0% used [0x00000007ad700000,0x00000007ad700000,0x00000007c0000000)
 ParOldGen       total 816128K, used 608938K [0x00000005bfa00000, 0x00000005f1700000, 0x0000000715380000)
  object space 816128K, 74% used [0x00000005bfa00000,0x00000005e4caaaa8,0x00000005f1700000)
 Metaspace       used 139109K, capacity 142065K, committed 142552K, reserved 1167360K
  class space    used 23154K, capacity 24207K, committed 24280K, reserved 1048576K
Event: 68.203 GC heap after
Heap after GC invocations=37 (full 5):
 PSYoungGen      total 2223616K, used 304096K [0x0000000715380000, 0x00000007c0000000, 0x00000007c0000000)
  eden space 1919488K, 0% used [0x0000000715380000,0x0000000715380000,0x000000078a600000)
  from space 304128K, 99% used [0x00000007ad700000,0x00000007bfff81f8,0x00000007c0000000)
  to   space 439296K, 0% used [0x000000078a600000,0x000000078a600000,0x00000007a5300000)
 ParOldGen       total 816128K, used 636284K [0x00000005bfa00000, 0x00000005f1700000, 0x0000000715380000)
  object space 816128K, 77% used [0x00000005bfa00000,0x00000005e675f1b0,0x00000005f1700000)
 Metaspace       used 139109K, capacity 142065K, committed 142552K, reserved 1167360K
  class space    used 23154K, capacity 24207K, committed 24280K, reserved 1048576K
}
Event: 81.078 GC heap before
{Heap before GC invocations=38 (full 5):
 PSYoungGen      total 2223616K, used 2223584K [0x0000000715380000, 0x00000007c0000000, 0x00000007c0000000)
  eden space 1919488K, 100% used [0x0000000715380000,0x000000078a600000,0x000000078a600000)
  from space 304128K, 99% used [0x00000007ad700000,0x00000007bfff81f8,0x00000007c0000000)
  to   space 439296K, 0% used [0x000000078a600000,0x000000078a600000,0x00000007a5300000)
 ParOldGen       total 816128K, used 636284K [0x00000005bfa00000, 0x00000005f1700000, 0x0000000715380000)
  object space 816128K, 77% used [0x00000005bfa00000,0x00000005e675f1b0,0x00000005f1700000)
 Metaspace       used 140106K, capacity 143147K, committed 143448K, reserved 1169408K
  class space    used 23256K, capacity 24314K, committed 24408K, reserved 1048576K
Event: 81.224 GC heap after
Heap after GC invocations=38 (full 5):
 PSYoungGen      total 2358784K, used 439288K [0x0000000715380000, 0x00000007c0000000, 0x00000007c0000000)
  eden space 1919488K, 0% used [0x0000000715380000,0x0000000715380000,0x000000078a600000)
  from space 439296K, 99% used [0x000000078a600000,0x00000007a52fe158,0x00000007a5300000)
  to   space 439296K, 0% used [0x00000007a5300000,0x00000007a5300000,0x00000007c0000000)
 ParOldGen       total 816128K, used 698943K [0x00000005bfa00000, 0x00000005f1700000, 0x0000000715380000)
  object space 816128K, 85% used [0x00000005bfa00000,0x00000005ea48fdd8,0x00000005f1700000)
 Metaspace       used 140106K, capacity 143147K, committed 143448K, reserved 1169408K
  class space    used 23256K, capacity 24314K, committed 24408K, reserved 1048576K
}
Event: 83.320 GC heap before
{Heap before GC invocations=39 (full 5):
 PSYoungGen      total 2358784K, used 2358776K [0x0000000715380000, 0x00000007c0000000, 0x00000007c0000000)
  eden space 1919488K, 100% used [0x0000000715380000,0x000000078a600000,0x000000078a600000)
  from space 439296K, 99% used [0x000000078a600000,0x00000007a52fe158,0x00000007a5300000)
  to   space 439296K, 0% used [0x00000007a5300000,0x00000007a5300000,0x00000007c0000000)
 ParOldGen       total 816128K, used 698943K [0x00000005bfa00000, 0x00000005f1700000, 0x0000000715380000)
  object space 816128K, 85% used [0x00000005bfa00000,0x00000005ea48fdd8,0x00000005f1700000)
 Metaspace       used 140374K, capacity 143381K, committed 143704K, reserved 1169408K
  class space    used 23273K, capacity 24315K, committed 24408K, reserved 1048576K
Event: 83.497 GC heap after
Heap after GC invocations=39 (full 5):
 PSYoungGen      total 1916416K, used 439275K [0x0000000715380000, 0x00000007c0000000, 0x00000007c0000000)
  eden space 1477120K, 0% used [0x0000000715380000,0x0000000715380000,0x000000076f600000)
  from space 439296K, 99% used [0x00000007a5300000,0x00000007bfffadc0,0x00000007c0000000)
  to   space 660480K, 0% used [0x000000076f600000,0x000000076f600000,0x0000000797b00000)
 ParOldGen       total 908800K, used 907247K [0x00000005bfa00000, 0x00000005f7180000, 0x0000000715380000)
  object space 908800K, 99% used [0x00000005bfa00000,0x00000005f6ffbec8,0x00000005f7180000)
 Metaspace       used 140374K, capacity 143381K, committed 143704K, reserved 1169408K
  class space    used 23273K, capacity 24315K, committed 24408K, reserved 1048576K
}
Event: 83.497 GC heap before
{Heap before GC invocations=40 (full 6):
 PSYoungGen      total 1916416K, used 439275K [0x0000000715380000, 0x00000007c0000000, 0x00000007c0000000)
  eden space 1477120K, 0% used [0x0000000715380000,0x0000000715380000,0x000000076f600000)
  from space 439296K, 99% used [0x00000007a5300000,0x00000007bfffadc0,0x00000007c0000000)
  to   space 660480K, 0% used [0x000000076f600000,0x000000076f600000,0x0000000797b00000)
 ParOldGen       total 908800K, used 907247K [0x00000005bfa00000, 0x00000005f7180000, 0x0000000715380000)
  object space 908800K, 99% used [0x00000005bfa00000,0x00000005f6ffbec8,0x00000005f7180000)
 Metaspace       used 140374K, capacity 143381K, committed 143704K, reserved 1169408K
  class space    used 23273K, capacity 24315K, committed 24408K, reserved 1048576K
Event: 84.760 GC heap after
Heap after GC invocations=40 (full 6):
 PSYoungGen      total 1916416K, used 277842K [0x0000000715380000, 0x00000007c0000000, 0x00000007c0000000)
  eden space 1477120K, 0% used [0x0000000715380000,0x0000000715380000,0x000000076f600000)
  from space 439296K, 63% used [0x00000007a5300000,0x00000007b6254990,0x00000007c0000000)
  to   space 660480K, 0% used [0x000000076f600000,0x000000076f600000,0x0000000797b00000)
 ParOldGen       total 1431040K, used 908620K [0x00000005bfa00000, 0x0000000616f80000, 0x0000000715380000)
  object space 1431040K, 63% used [0x00000005bfa00000,0x00000005f71531f8,0x0000000616f80000)
 Metaspace       used 140374K, capacity 143381K, committed 143704K, reserved 1169408K
  class space    used 23273K, capacity 24315K, committed 24408K, reserved 1048576K
}

