# JRE version: Java(TM) SE Runtime Environment (8.0_51-b16) (build 1.8.0_51-b16)
# Java VM: Java HotSpot(TM) 64-Bit Server VM (25.51-b03 mixed mode windows-amd64 compressed oops)
Heap:
 PSYoungGen      total 1843712K, used 404864K [0x0000000715380000, 0x00000007c0000000, 0x00000007c0000000)
  eden space 1380864K, 10% used [0x0000000715380000,0x000000071dd4ce38,0x0000000769800000)
  from space 462848K, 56% used [0x00000007a3c00000,0x00000007b3d931f0,0x00000007c0000000)
  to   space 708608K, 0% used [0x0000000769800000,0x0000000769800000,0x0000000794c00000)
 ParOldGen       total 1430528K, used 917732K [0x00000005bfa00000, 0x0000000616f00000, 0x0000000715380000)
  object space 1430528K, 64% used [0x00000005bfa00000,0x00000005f7a390a8,0x0000000616f00000)
 Metaspace       used 140788K, capacity 143857K, committed 144216K, reserved 1169408K
  class space    used 23362K, capacity 24397K, committed 24448K, reserved 1048576K
GC Heap History (10 events):
Event: 62.896 GC heap before
{Heap before GC invocations=36 (full 5):
 PSYoungGen      total 2377216K, used 2377192K [0x0000000715380000, 0x00000007c0000000, 0x00000007c0000000)
  eden space 2100736K, 100% used [0x0000000715380000,0x0000000795700000,0x0000000795700000)
  from space 276480K, 99% used [0x00000007af200000,0x00000007bfffa388,0x00000007c0000000)
  to   space 348672K, 0% used [0x0000000795700000,0x0000000795700000,0x00000007aab80000)
 ParOldGen       total 791552K, used 549976K [0x00000005bfa00000, 0x00000005eff00000, 0x0000000715380000)
  object space 791552K, 69% used [0x00000005bfa00000,0x00000005e13161d0,0x00000005eff00000)
 Metaspace       used 138955K, capacity 141877K, committed 142552K, reserved 1167360K
  class space    used 23170K, capacity 24207K, committed 24320K, reserved 1048576K
Event: 62.979 GC heap after
Heap after GC invocations=36 (full 5):
 PSYoungGen      total 2422784K, used 321916K [0x0000000715380000, 0x00000007c0000000, 0x00000007c0000000)
  eden space 2100736K, 0% used [0x0000000715380000,0x0000000715380000,0x0000000795700000)
  from space 322048K, 99% used [0x0000000795700000,0x00000007a915f228,0x00000007a9180000)
  to   space 375296K, 0% used [0x00000007a9180000,0x00000007a9180000,0x00000007c0000000)
 ParOldGen       total 791552K, used 549984K [0x00000005bfa00000, 0x00000005eff00000, 0x0000000715380000)
  object space 791552K, 69% used [0x00000005bfa00000,0x00000005e13181d0,0x00000005eff00000)
 Metaspace       used 138955K, capacity 141877K, committed 142552K, reserved 1167360K
  class space    used 23170K, capacity 24207K, committed 24320K, reserved 1048576K
}
Event: 66.909 GC heap before
{Heap before GC invocations=37 (full 5):
 PSYoungGen      total 2422784K, used 2422652K [0x0000000715380000, 0x00000007c0000000, 0x00000007c0000000)
  eden space 2100736K, 100% used [0x0000000715380000,0x0000000795700000,0x0000000795700000)
  from space 322048K, 99% used [0x0000000795700000,0x00000007a915f228,0x00000007a9180000)
  to   space 375296K, 0% used [0x00000007a9180000,0x00000007a9180000,0x00000007c0000000)
 ParOldGen       total 791552K, used 549984K [0x00000005bfa00000, 0x00000005eff00000, 0x0000000715380000)
  object space 791552K, 69% used [0x00000005bfa00000,0x00000005e13181d0,0x00000005eff00000)
 Metaspace       used 139220K, capacity 142139K, committed 142808K, reserved 1167360K
  class space    used 23181K, capacity 24208K, committed 24320K, reserved 1048576K
Event: 67.042 GC heap after
Heap after GC invocations=37 (full 5):
 PSYoungGen      total 2247680K, used 375269K [0x0000000715380000, 0x00000007c0000000, 0x00000007c0000000)
  eden space 1872384K, 0% used [0x0000000715380000,0x0000000715380000,0x0000000787800000)
  from space 375296K, 99% used [0x00000007a9180000,0x00000007bfff96f8,0x00000007c0000000)
  to   space 462848K, 0% used [0x0000000787800000,0x0000000787800000,0x00000007a3c00000)
 ParOldGen       total 791552K, used 592421K [0x00000005bfa00000, 0x00000005eff00000, 0x0000000715380000)
  object space 791552K, 74% used [0x00000005bfa00000,0x00000005e3c89410,0x00000005eff00000)
 Metaspace       used 139220K, capacity 142139K, committed 142808K, reserved 1167360K
  class space    used 23181K, capacity 24208K, committed 24320K, reserved 1048576K
}
Event: 78.073 GC heap before
{Heap before GC invocations=38 (full 5):
 PSYoungGen      total 2247680K, used 2247653K [0x0000000715380000, 0x00000007c0000000, 0x00000007c0000000)
  eden space 1872384K, 100% used [0x0000000715380000,0x0000000787800000,0x0000000787800000)
  from space 375296K, 99% used [0x00000007a9180000,0x00000007bfff96f8,0x00000007c0000000)
  to   space 462848K, 0% used [0x0000000787800000,0x0000000787800000,0x00000007a3c00000)
 ParOldGen       total 791552K, used 592421K [0x00000005bfa00000, 0x00000005eff00000, 0x0000000715380000)
  object space 791552K, 74% used [0x00000005bfa00000,0x00000005e3c89410,0x00000005eff00000)
 Metaspace       used 140276K, capacity 143291K, committed 143576K, reserved 1169408K
  class space    used 23288K, capacity 24316K, committed 24320K, reserved 1048576K
Event: 78.239 GC heap after
Heap after GC invocations=38 (full 5):
 PSYoungGen      total 2335232K, used 462825K [0x0000000715380000, 0x00000007c0000000, 0x00000007c0000000)
  eden space 1872384K, 0% used [0x0000000715380000,0x0000000715380000,0x0000000787800000)
  from space 462848K, 99% used [0x0000000787800000,0x00000007a3bfa570,0x00000007a3c00000)
  to   space 462848K, 0% used [0x00000007a3c00000,0x00000007a3c00000,0x00000007c0000000)
 ParOldGen       total 791552K, used 690648K [0x00000005bfa00000, 0x00000005eff00000, 0x0000000715380000)
  object space 791552K, 87% used [0x00000005bfa00000,0x00000005e9c76008,0x00000005eff00000)
 Metaspace       used 140276K, capacity 143291K, committed 143576K, reserved 1169408K
  class space    used 23288K, capacity 24316K, committed 24320K, reserved 1048576K
}
Event: 81.054 GC heap before
{Heap before GC invocations=39 (full 5):
 PSYoungGen      total 2335232K, used 2335209K [0x0000000715380000, 0x00000007c0000000, 0x00000007c0000000)
  eden space 1872384K, 100% used [0x0000000715380000,0x0000000787800000,0x0000000787800000)
  from space 462848K, 99% used [0x0000000787800000,0x00000007a3bfa570,0x00000007a3c00000)
  to   space 462848K, 0% used [0x00000007a3c00000,0x00000007a3c00000,0x00000007c0000000)
 ParOldGen       total 791552K, used 690648K [0x00000005bfa00000, 0x00000005eff00000, 0x0000000715380000)
  object space 791552K, 87% used [0x00000005bfa00000,0x00000005e9c76008,0x00000005eff00000)
 Metaspace       used 140485K, capacity 143487K, committed 143960K, reserved 1169408K
  class space    used 23299K, capacity 24348K, committed 24448K, reserved 1048576K
Event: 81.267 GC heap after
Heap after GC invocations=39 (full 5):
 PSYoungGen      total 1843712K, used 462818K [0x0000000715380000, 0x00000007c0000000, 0x00000007c0000000)
  eden space 1380864K, 0% used [0x0000000715380000,0x0000000715380000,0x0000000769800000)
  from space 462848K, 99% used [0x00000007a3c00000,0x00000007bfff8ae0,0x00000007c0000000)
  to   space 708608K, 0% used [0x0000000769800000,0x0000000769800000,0x0000000794c00000)
 ParOldGen       total 918016K, used 917741K [0x00000005bfa00000, 0x00000005f7a80000, 0x0000000715380000)
  object space 918016K, 99% used [0x00000005bfa00000,0x00000005f7a3b6b8,0x00000005f7a80000)
 Metaspace       used 140485K, capacity 143487K, committed 143960K, reserved 1169408K
  class space    used 23299K, capacity 24348K, committed 24448K, reserved 1048576K
}
Event: 81.267 GC heap before
{Heap before GC invocations=40 (full 6):
 PSYoungGen      total 1843712K, used 462818K [0x0000000715380000, 0x00000007c0000000, 0x00000007c0000000)
  eden space 1380864K, 0% used [0x0000000715380000,0x0000000715380000,0x0000000769800000)
  from space 462848K, 99% used [0x00000007a3c00000,0x00000007bfff8ae0,0x00000007c0000000)
  to   space 708608K, 0% used [0x0000000769800000,0x0000000769800000,0x0000000794c00000)
 ParOldGen       total 918016K, used 917741K [0x00000005bfa00000, 0x00000005f7a80000, 0x0000000715380000)
  object space 918016K, 99% used [0x00000005bfa00000,0x00000005f7a3b6b8,0x00000005f7a80000)
 Metaspace       used 140485K, capacity 143487K, committed 143960K, reserved 1169408K
  class space    used 23299K, capacity 24348K, committed 24448K, reserved 1048576K
Event: 82.882 GC heap after
Heap after GC invocations=40 (full 6):
 PSYoungGen      total 1843712K, used 263756K [0x0000000715380000, 0x00000007c0000000, 0x00000007c0000000)
  eden space 1380864K, 0% used [0x0000000715380000,0x0000000715380000,0x0000000769800000)
  from space 462848K, 56% used [0x00000007a3c00000,0x00000007b3d931f0,0x00000007c0000000)
  to   space 708608K, 0% used [0x0000000769800000,0x0000000769800000,0x0000000794c00000)
 ParOldGen       total 1430528K, used 917732K [0x00000005bfa00000, 0x0000000616f00000, 0x0000000715380000)
  object space 1430528K, 64% used [0x00000005bfa00000,0x00000005f7a390a8,0x0000000616f00000)
 Metaspace       used 140485K, capacity 143487K, committed 143960K, reserved 1169408K
  class space    used 23299K, capacity 24348K, committed 24448K, reserved 1048576K
}

