# JRE version: Java(TM) SE Runtime Environment (8.0_51-b16) (build 1.8.0_51-b16)
# Java VM: Java HotSpot(TM) 64-Bit Server VM (25.51-b03 mixed mode windows-amd64 compressed oops)
Heap:
 PSYoungGen      total 2318848K, used 966032K [0x0000000715380000, 0x00000007c0000000, 0x00000007c0000000)
  eden space 1839616K, 40% used [0x0000000715380000,0x000000074235b900,0x0000000785800000)
  from space 479232K, 47% used [0x0000000785800000,0x0000000793788700,0x00000007a2c00000)
  to   space 479232K, 0% used [0x00000007a2c00000,0x00000007a2c00000,0x00000007c0000000)
 ParOldGen       total 1404416K, used 874225K [0x00000005bfa00000, 0x0000000615580000, 0x0000000715380000)
  object space 1404416K, 62% used [0x00000005bfa00000,0x00000005f4fbc638,0x0000000615580000)
 Metaspace       used 134196K, capacity 137015K, committed 137344K, reserved 1163264K
  class space    used 22110K, capacity 23080K, committed 23168K, reserved 1048576K
GC Heap History (10 events):
Event: 51.045 GC heap before
{Heap before GC invocations=37 (full 5):
 PSYoungGen      total 2266112K, used 2260150K [0x0000000715380000, 0x00000007c0000000, 0x00000007c0000000)
  eden space 2016768K, 100% used [0x0000000715380000,0x0000000790500000,0x0000000790500000)
  from space 249344K, 97% used [0x0000000790500000,0x000000079f2ad8c0,0x000000079f880000)
  to   space 283136K, 0% used [0x00000007aeb80000,0x00000007aeb80000,0x00000007c0000000)
 ParOldGen       total 874496K, used 499971K [0x00000005bfa00000, 0x00000005f5000000, 0x0000000715380000)
  object space 874496K, 57% used [0x00000005bfa00000,0x00000005de240dd0,0x00000005f5000000)
 Metaspace       used 132218K, capacity 134891K, committed 135552K, reserved 1161216K
  class space    used 21933K, capacity 22862K, committed 22912K, reserved 1048576K
Event: 51.196 GC heap after
Heap after GC invocations=37 (full 5):
 PSYoungGen      total 2336768K, used 283118K [0x0000000715380000, 0x00000007c0000000, 0x00000007c0000000)
  eden space 2053632K, 0% used [0x0000000715380000,0x0000000715380000,0x0000000792900000)
  from space 283136K, 99% used [0x00000007aeb80000,0x00000007bfffb9e8,0x00000007c0000000)
  to   space 372224K, 0% used [0x0000000792900000,0x0000000792900000,0x00000007a9480000)
 ParOldGen       total 874496K, used 627610K [0x00000005bfa00000, 0x00000005f5000000, 0x0000000715380000)
  object space 874496K, 71% used [0x00000005bfa00000,0x00000005e5ee6960,0x00000005f5000000)
 Metaspace       used 132218K, capacity 134891K, committed 135552K, reserved 1161216K
  class space    used 21933K, capacity 22862K, committed 22912K, reserved 1048576K
}
Event: 53.804 GC heap before
{Heap before GC invocations=38 (full 5):
 PSYoungGen      total 2336768K, used 2336750K [0x0000000715380000, 0x00000007c0000000, 0x00000007c0000000)
  eden space 2053632K, 100% used [0x0000000715380000,0x0000000792900000,0x0000000792900000)
  from space 283136K, 99% used [0x00000007aeb80000,0x00000007bfffb9e8,0x00000007c0000000)
  to   space 372224K, 0% used [0x0000000792900000,0x0000000792900000,0x00000007a9480000)
 ParOldGen       total 874496K, used 627610K [0x00000005bfa00000, 0x00000005f5000000, 0x0000000715380000)
  object space 874496K, 71% used [0x00000005bfa00000,0x00000005e5ee6960,0x00000005f5000000)
 Metaspace       used 132401K, capacity 135025K, committed 135552K, reserved 1161216K
  class space    used 21940K, capacity 22863K, committed 22912K, reserved 1048576K
Event: 53.877 GC heap after
Heap after GC invocations=38 (full 5):
 PSYoungGen      total 2285056K, used 230931K [0x0000000715380000, 0x00000007c0000000, 0x00000007c0000000)
  eden space 2053632K, 0% used [0x0000000715380000,0x0000000715380000,0x0000000792900000)
  from space 231424K, 99% used [0x0000000792900000,0x00000007a0a84dd8,0x00000007a0b00000)
  to   space 377856K, 0% used [0x00000007a8f00000,0x00000007a8f00000,0x00000007c0000000)
 ParOldGen       total 874496K, used 627618K [0x00000005bfa00000, 0x00000005f5000000, 0x0000000715380000)
  object space 874496K, 71% used [0x00000005bfa00000,0x00000005e5ee8960,0x00000005f5000000)
 Metaspace       used 132401K, capacity 135025K, committed 135552K, reserved 1161216K
  class space    used 21940K, capacity 22863K, committed 22912K, reserved 1048576K
}
Event: 58.427 GC heap before
{Heap before GC invocations=39 (full 5):
 PSYoungGen      total 2285056K, used 2284563K [0x0000000715380000, 0x00000007c0000000, 0x00000007c0000000)
  eden space 2053632K, 100% used [0x0000000715380000,0x0000000792900000,0x0000000792900000)
  from space 231424K, 99% used [0x0000000792900000,0x00000007a0a84dd8,0x00000007a0b00000)
  to   space 377856K, 0% used [0x00000007a8f00000,0x00000007a8f00000,0x00000007c0000000)
 ParOldGen       total 874496K, used 627618K [0x00000005bfa00000, 0x00000005f5000000, 0x0000000715380000)
  object space 874496K, 71% used [0x00000005bfa00000,0x00000005e5ee8960,0x00000005f5000000)
 Metaspace       used 132499K, capacity 135153K, committed 135808K, reserved 1163264K
  class space    used 21943K, capacity 22863K, committed 22912K, reserved 1048576K
Event: 58.601 GC heap after
Heap after GC invocations=39 (full 5):
 PSYoungGen      total 2217472K, used 377855K [0x0000000715380000, 0x00000007c0000000, 0x00000007c0000000)
  eden space 1839616K, 0% used [0x0000000715380000,0x0000000715380000,0x0000000785800000)
  from space 377856K, 99% used [0x00000007a8f00000,0x00000007bffffef0,0x00000007c0000000)
  to   space 479232K, 0% used [0x0000000785800000,0x0000000785800000,0x00000007a2c00000)
 ParOldGen       total 874496K, used 745651K [0x00000005bfa00000, 0x00000005f5000000, 0x0000000715380000)
  object space 874496K, 85% used [0x00000005bfa00000,0x00000005ed22cfc8,0x00000005f5000000)
 Metaspace       used 132499K, capacity 135153K, committed 135808K, reserved 1163264K
  class space    used 21943K, capacity 22863K, committed 22912K, reserved 1048576K
}
Event: 67.362 GC heap before
{Heap before GC invocations=40 (full 5):
 PSYoungGen      total 2217472K, used 2217471K [0x0000000715380000, 0x00000007c0000000, 0x00000007c0000000)
  eden space 1839616K, 100% used [0x0000000715380000,0x0000000785800000,0x0000000785800000)
  from space 377856K, 99% used [0x00000007a8f00000,0x00000007bffffef0,0x00000007c0000000)
  to   space 479232K, 0% used [0x0000000785800000,0x0000000785800000,0x00000007a2c00000)
 ParOldGen       total 874496K, used 745651K [0x00000005bfa00000, 0x00000005f5000000, 0x0000000715380000)
  object space 874496K, 85% used [0x00000005bfa00000,0x00000005ed22cfc8,0x00000005f5000000)
 Metaspace       used 133721K, capacity 136593K, committed 136960K, reserved 1163264K
  class space    used 22061K, capacity 23035K, committed 23040K, reserved 1048576K
Event: 67.503 GC heap after
Heap after GC invocations=40 (full 5):
 PSYoungGen      total 2318848K, used 479222K [0x0000000715380000, 0x00000007c0000000, 0x00000007c0000000)
  eden space 1839616K, 0% used [0x0000000715380000,0x0000000715380000,0x0000000785800000)
  from space 479232K, 99% used [0x0000000785800000,0x00000007a2bfd898,0x00000007a2c00000)
  to   space 479232K, 0% used [0x00000007a2c00000,0x00000007a2c00000,0x00000007c0000000)
 ParOldGen       total 874496K, used 851410K [0x00000005bfa00000, 0x00000005f5000000, 0x0000000715380000)
  object space 874496K, 97% used [0x00000005bfa00000,0x00000005f3974b70,0x00000005f5000000)
 Metaspace       used 133721K, capacity 136593K, committed 136960K, reserved 1163264K
  class space    used 22061K, capacity 23035K, committed 23040K, reserved 1048576K
}
Event: 67.503 GC heap before
{Heap before GC invocations=41 (full 6):
 PSYoungGen      total 2318848K, used 479222K [0x0000000715380000, 0x00000007c0000000, 0x00000007c0000000)
  eden space 1839616K, 0% used [0x0000000715380000,0x0000000715380000,0x0000000785800000)
  from space 479232K, 99% used [0x0000000785800000,0x00000007a2bfd898,0x00000007a2c00000)
  to   space 479232K, 0% used [0x00000007a2c00000,0x00000007a2c00000,0x00000007c0000000)
 ParOldGen       total 874496K, used 851410K [0x00000005bfa00000, 0x00000005f5000000, 0x0000000715380000)
  object space 874496K, 97% used [0x00000005bfa00000,0x00000005f3974b70,0x00000005f5000000)
 Metaspace       used 133721K, capacity 136593K, committed 136960K, reserved 1163264K
  class space    used 22061K, capacity 23035K, committed 23040K, reserved 1048576K
Event: 68.544 GC heap after
Heap after GC invocations=41 (full 6):
 PSYoungGen      total 2318848K, used 228897K [0x0000000715380000, 0x00000007c0000000, 0x00000007c0000000)
  eden space 1839616K, 0% used [0x0000000715380000,0x0000000715380000,0x0000000785800000)
  from space 479232K, 47% used [0x0000000785800000,0x0000000793788700,0x00000007a2c00000)
  to   space 479232K, 0% used [0x00000007a2c00000,0x00000007a2c00000,0x00000007c0000000)
 ParOldGen       total 1404416K, used 874225K [0x00000005bfa00000, 0x0000000615580000, 0x0000000715380000)
  object space 1404416K, 62% used [0x00000005bfa00000,0x00000005f4fbc638,0x0000000615580000)
 Metaspace       used 133721K, capacity 136593K, committed 136960K, reserved 1163264K
  class space    used 22061K, capacity 23035K, committed 23040K, reserved 1048576K
}

