# JRE version: Java(TM) SE Runtime Environment (8.0_51-b16) (build 1.8.0_51-b16)
# Java VM: Java HotSpot(TM) 64-Bit Server VM (25.51-b03 mixed mode windows-amd64 compressed oops)
Heap:
 PSYoungGen      total 2289152K, used 1130402K [0x0000000715380000, 0x00000007c0000000, 0x00000007c0000000)
  eden space 1780224K, 46% used [0x0000000715380000,0x000000074747b648,0x0000000781e00000)
  from space 508928K, 60% used [0x0000000781e00000,0x0000000794ced310,0x00000007a0f00000)
  to   space 508928K, 0% used [0x00000007a0f00000,0x00000007a0f00000,0x00000007c0000000)
 ParOldGen       total 1315840K, used 807874K [0x00000005bfa00000, 0x000000060ff00000, 0x0000000715380000)
  object space 1315840K, 61% used [0x00000005bfa00000,0x00000005f0ef08c0,0x000000060ff00000)
 Metaspace       used 137644K, capacity 140591K, committed 141056K, reserved 1167360K
  class space    used 22740K, capacity 23722K, committed 23808K, reserved 1048576K
GC Heap History (10 events):
Event: 53.505 GC heap before
{Heap before GC invocations=37 (full 5):
 PSYoungGen      total 2351104K, used 2351072K [0x0000000715380000, 0x00000007c0000000, 0x00000007c0000000)
  eden space 2066944K, 100% used [0x0000000715380000,0x0000000793600000,0x0000000793600000)
  from space 284160K, 99% used [0x0000000793600000,0x00000007a4b78268,0x00000007a4b80000)
  to   space 376320K, 0% used [0x00000007a9080000,0x00000007a9080000,0x00000007c0000000)
 ParOldGen       total 807936K, used 579462K [0x00000005bfa00000, 0x00000005f0f00000, 0x0000000715380000)
  object space 807936K, 71% used [0x00000005bfa00000,0x00000005e2fe19d0,0x00000005f0f00000)
 Metaspace       used 135736K, capacity 138461K, committed 139264K, reserved 1165312K
  class space    used 22560K, capacity 23503K, committed 23552K, reserved 1048576K
Event: 53.566 GC heap after
Heap after GC invocations=37 (full 5):
 PSYoungGen      total 2428416K, used 198651K [0x0000000715380000, 0x00000007c0000000, 0x00000007c0000000)
  eden space 2052096K, 0% used [0x0000000715380000,0x0000000715380000,0x0000000792780000)
  from space 376320K, 52% used [0x00000007a9080000,0x00000007b527ed40,0x00000007c0000000)
  to   space 369664K, 0% used [0x0000000792780000,0x0000000792780000,0x00000007a9080000)
 ParOldGen       total 807936K, used 579470K [0x00000005bfa00000, 0x00000005f0f00000, 0x0000000715380000)
  object space 807936K, 71% used [0x00000005bfa00000,0x00000005e2fe39d0,0x00000005f0f00000)
 Metaspace       used 135736K, capacity 138461K, committed 139264K, reserved 1165312K
  class space    used 22560K, capacity 23503K, committed 23552K, reserved 1048576K
}
Event: 57.631 GC heap before
{Heap before GC invocations=38 (full 5):
 PSYoungGen      total 2428416K, used 2250747K [0x0000000715380000, 0x00000007c0000000, 0x00000007c0000000)
  eden space 2052096K, 100% used [0x0000000715380000,0x0000000792780000,0x0000000792780000)
  from space 376320K, 52% used [0x00000007a9080000,0x00000007b527ed40,0x00000007c0000000)
  to   space 369664K, 0% used [0x0000000792780000,0x0000000792780000,0x00000007a9080000)
 ParOldGen       total 807936K, used 579470K [0x00000005bfa00000, 0x00000005f0f00000, 0x0000000715380000)
  object space 807936K, 71% used [0x00000005bfa00000,0x00000005e2fe39d0,0x00000005f0f00000)
 Metaspace       used 135976K, capacity 138659K, committed 139264K, reserved 1165312K
  class space    used 22570K, capacity 23504K, committed 23552K, reserved 1048576K
Event: 57.724 GC heap after
Heap after GC invocations=38 (full 5):
 PSYoungGen      total 2401280K, used 349066K [0x0000000715380000, 0x00000007c0000000, 0x00000007c0000000)
  eden space 2052096K, 0% used [0x0000000715380000,0x0000000715380000,0x0000000792780000)
  from space 349184K, 99% used [0x0000000792780000,0x00000007a7c628a8,0x00000007a7c80000)
  to   space 396800K, 0% used [0x00000007a7c80000,0x00000007a7c80000,0x00000007c0000000)
 ParOldGen       total 807936K, used 579478K [0x00000005bfa00000, 0x00000005f0f00000, 0x0000000715380000)
  object space 807936K, 71% used [0x00000005bfa00000,0x00000005e2fe59d0,0x00000005f0f00000)
 Metaspace       used 135976K, capacity 138659K, committed 139264K, reserved 1165312K
  class space    used 22570K, capacity 23504K, committed 23552K, reserved 1048576K
}
Event: 61.969 GC heap before
{Heap before GC invocations=39 (full 5):
 PSYoungGen      total 2401280K, used 2401162K [0x0000000715380000, 0x00000007c0000000, 0x00000007c0000000)
  eden space 2052096K, 100% used [0x0000000715380000,0x0000000792780000,0x0000000792780000)
  from space 349184K, 99% used [0x0000000792780000,0x00000007a7c628a8,0x00000007a7c80000)
  to   space 396800K, 0% used [0x00000007a7c80000,0x00000007a7c80000,0x00000007c0000000)
 ParOldGen       total 807936K, used 579478K [0x00000005bfa00000, 0x00000005f0f00000, 0x0000000715380000)
  object space 807936K, 71% used [0x00000005bfa00000,0x00000005e2fe59d0,0x00000005f0f00000)
 Metaspace       used 136021K, capacity 138723K, committed 139520K, reserved 1165312K
  class space    used 22570K, capacity 23504K, committed 23552K, reserved 1048576K
Event: 62.121 GC heap after
Heap after GC invocations=39 (full 5):
 PSYoungGen      total 2177024K, used 396786K [0x0000000715380000, 0x00000007c0000000, 0x00000007c0000000)
  eden space 1780224K, 0% used [0x0000000715380000,0x0000000715380000,0x0000000781e00000)
  from space 396800K, 99% used [0x00000007a7c80000,0x00000007bfffc9e0,0x00000007c0000000)
  to   space 508928K, 0% used [0x0000000781e00000,0x0000000781e00000,0x00000007a0f00000)
 ParOldGen       total 807936K, used 673547K [0x00000005bfa00000, 0x00000005f0f00000, 0x0000000715380000)
  object space 807936K, 83% used [0x00000005bfa00000,0x00000005e8bc2eb8,0x00000005f0f00000)
 Metaspace       used 136021K, capacity 138723K, committed 139520K, reserved 1165312K
  class space    used 22570K, capacity 23504K, committed 23552K, reserved 1048576K
}
Event: 71.095 GC heap before
{Heap before GC invocations=40 (full 5):
 PSYoungGen      total 2177024K, used 2177010K [0x0000000715380000, 0x00000007c0000000, 0x00000007c0000000)
  eden space 1780224K, 100% used [0x0000000715380000,0x0000000781e00000,0x0000000781e00000)
  from space 396800K, 99% used [0x00000007a7c80000,0x00000007bfffc9e0,0x00000007c0000000)
  to   space 508928K, 0% used [0x0000000781e00000,0x0000000781e00000,0x00000007a0f00000)
 ParOldGen       total 807936K, used 673547K [0x00000005bfa00000, 0x00000005f0f00000, 0x0000000715380000)
  object space 807936K, 83% used [0x00000005bfa00000,0x00000005e8bc2eb8,0x00000005f0f00000)
 Metaspace       used 137194K, capacity 140099K, committed 140672K, reserved 1167360K
  class space    used 22684K, capacity 23676K, committed 23680K, reserved 1048576K
Event: 71.224 GC heap after
Heap after GC invocations=40 (full 5):
 PSYoungGen      total 2289152K, used 508902K [0x0000000715380000, 0x00000007c0000000, 0x00000007c0000000)
  eden space 1780224K, 0% used [0x0000000715380000,0x0000000715380000,0x0000000781e00000)
  from space 508928K, 99% used [0x0000000781e00000,0x00000007a0ef9bd8,0x00000007a0f00000)
  to   space 508928K, 0% used [0x00000007a0f00000,0x00000007a0f00000,0x00000007c0000000)
 ParOldGen       total 807936K, used 756117K [0x00000005bfa00000, 0x00000005f0f00000, 0x0000000715380000)
  object space 807936K, 93% used [0x00000005bfa00000,0x00000005edc65718,0x00000005f0f00000)
 Metaspace       used 137194K, capacity 140099K, committed 140672K, reserved 1167360K
  class space    used 22684K, capacity 23676K, committed 23680K, reserved 1048576K
}
Event: 71.224 GC heap before
{Heap before GC invocations=41 (full 6):
 PSYoungGen      total 2289152K, used 508902K [0x0000000715380000, 0x00000007c0000000, 0x00000007c0000000)
  eden space 1780224K, 0% used [0x0000000715380000,0x0000000715380000,0x0000000781e00000)
  from space 508928K, 99% used [0x0000000781e00000,0x00000007a0ef9bd8,0x00000007a0f00000)
  to   space 508928K, 0% used [0x00000007a0f00000,0x00000007a0f00000,0x00000007c0000000)
 ParOldGen       total 807936K, used 756117K [0x00000005bfa00000, 0x00000005f0f00000, 0x0000000715380000)
  object space 807936K, 93% used [0x00000005bfa00000,0x00000005edc65718,0x00000005f0f00000)
 Metaspace       used 137194K, capacity 140099K, committed 140672K, reserved 1167360K
  class space    used 22684K, capacity 23676K, committed 23680K, reserved 1048576K
Event: 72.351 GC heap after
Heap after GC invocations=41 (full 6):
 PSYoungGen      total 2289152K, used 310196K [0x0000000715380000, 0x00000007c0000000, 0x00000007c0000000)
  eden space 1780224K, 0% used [0x0000000715380000,0x0000000715380000,0x0000000781e00000)
  from space 508928K, 60% used [0x0000000781e00000,0x0000000794ced310,0x00000007a0f00000)
  to   space 508928K, 0% used [0x00000007a0f00000,0x00000007a0f00000,0x00000007c0000000)
 ParOldGen       total 1315840K, used 807874K [0x00000005bfa00000, 0x000000060ff00000, 0x0000000715380000)
  object space 1315840K, 61% used [0x00000005bfa00000,0x00000005f0ef08c0,0x000000060ff00000)
 Metaspace       used 137194K, capacity 140099K, committed 140672K, reserved 1167360K
  class space    used 22684K, capacity 23676K, committed 23680K, reserved 1048576K
}

