# JRE version: Java(TM) SE Runtime Environment (8.0_51-b16) (build 1.8.0_51-b16)
# Java VM: Java HotSpot(TM) 64-Bit Server VM (25.51-b03 mixed mode windows-amd64 compressed oops)
Heap:
 PSYoungGen      total 2252288K, used 961351K [0x0000000715380000, 0x00000007c0000000, 0x00000007c0000000)
  eden space 1706496K, 24% used [0x0000000715380000,0x000000072e952df8,0x000000077d600000)
  from space 545792K, 99% used [0x000000077d600000,0x000000079eafef00,0x000000079eb00000)
  to   space 545792K, 0% used [0x000000079eb00000,0x000000079eb00000,0x00000007c0000000)
 ParOldGen       total 849408K, used 733056K [0x00000005bfa00000, 0x00000005f3780000, 0x0000000715380000)
  object space 849408K, 86% used [0x00000005bfa00000,0x00000005ec5e01e0,0x00000005f3780000)
 Metaspace       used 142966K, capacity 146147K, committed 146432K, reserved 1171456K
  class space    used 23641K, capacity 24730K, committed 24832K, reserved 1048576K
GC Heap History (10 events):
Event: 63.886 GC heap before
{Heap before GC invocations=32 (full 5):
 PSYoungGen      total 2464768K, used 2394297K [0x0000000715380000, 0x00000007c0000000, 0x00000007c0000000)
  eden space 2164224K, 100% used [0x0000000715380000,0x0000000799500000,0x0000000799500000)
  from space 300544K, 76% used [0x00000007ad880000,0x00000007bb92e588,0x00000007bfe00000)
  to   space 316928K, 0% used [0x0000000799500000,0x0000000799500000,0x00000007aca80000)
 ParOldGen       total 849408K, used 496285K [0x00000005bfa00000, 0x00000005f3780000, 0x0000000715380000)
  object space 849408K, 58% used [0x00000005bfa00000,0x00000005ddea7528,0x00000005f3780000)
 Metaspace       used 140785K, capacity 143747K, committed 144128K, reserved 1169408K
  class space    used 23448K, capacity 24506K, committed 24576K, reserved 1048576K
Event: 63.975 GC heap after
Heap after GC invocations=32 (full 5):
 PSYoungGen      total 2421248K, used 256605K [0x0000000715380000, 0x00000007c0000000, 0x00000007c0000000)
  eden space 2164224K, 0% used [0x0000000715380000,0x0000000715380000,0x0000000799500000)
  from space 257024K, 99% used [0x0000000799500000,0x00000007a8f97620,0x00000007a9000000)
  to   space 338944K, 0% used [0x00000007ab500000,0x00000007ab500000,0x00000007c0000000)
 ParOldGen       total 849408K, used 496293K [0x00000005bfa00000, 0x00000005f3780000, 0x0000000715380000)
  object space 849408K, 58% used [0x00000005bfa00000,0x00000005ddea9528,0x00000005f3780000)
 Metaspace       used 140785K, capacity 143747K, committed 144128K, reserved 1169408K
  class space    used 23448K, capacity 24506K, committed 24576K, reserved 1048576K
}
Event: 66.903 GC heap before
{Heap before GC invocations=33 (full 5):
 PSYoungGen      total 2421248K, used 2420829K [0x0000000715380000, 0x00000007c0000000, 0x00000007c0000000)
  eden space 2164224K, 100% used [0x0000000715380000,0x0000000799500000,0x0000000799500000)
  from space 257024K, 99% used [0x0000000799500000,0x00000007a8f97620,0x00000007a9000000)
  to   space 338944K, 0% used [0x00000007ab500000,0x00000007ab500000,0x00000007c0000000)
 ParOldGen       total 849408K, used 496293K [0x00000005bfa00000, 0x00000005f3780000, 0x0000000715380000)
  object space 849408K, 58% used [0x00000005bfa00000,0x00000005ddea9528,0x00000005f3780000)
 Metaspace       used 141034K, capacity 144003K, committed 144384K, reserved 1169408K
  class space    used 23455K, capacity 24506K, committed 24576K, reserved 1048576K
Event: 66.994 GC heap after
Heap after GC invocations=33 (full 5):
 PSYoungGen      total 2354688K, used 338918K [0x0000000715380000, 0x00000007c0000000, 0x00000007c0000000)
  eden space 2015744K, 0% used [0x0000000715380000,0x0000000715380000,0x0000000790400000)
  from space 338944K, 99% used [0x00000007ab500000,0x00000007bfff9b10,0x00000007c0000000)
  to   space 391168K, 0% used [0x0000000790400000,0x0000000790400000,0x00000007a8200000)
 ParOldGen       total 849408K, used 509677K [0x00000005bfa00000, 0x00000005f3780000, 0x0000000715380000)
  object space 849408K, 60% used [0x00000005bfa00000,0x00000005debbb540,0x00000005f3780000)
 Metaspace       used 141034K, capacity 144003K, committed 144384K, reserved 1169408K
  class space    used 23455K, capacity 24506K, committed 24576K, reserved 1048576K
}
Event: 70.431 GC heap before
{Heap before GC invocations=34 (full 5):
 PSYoungGen      total 2354688K, used 2354662K [0x0000000715380000, 0x00000007c0000000, 0x00000007c0000000)
  eden space 2015744K, 100% used [0x0000000715380000,0x0000000790400000,0x0000000790400000)
  from space 338944K, 99% used [0x00000007ab500000,0x00000007bfff9b10,0x00000007c0000000)
  to   space 391168K, 0% used [0x0000000790400000,0x0000000790400000,0x00000007a8200000)
 ParOldGen       total 849408K, used 509677K [0x00000005bfa00000, 0x00000005f3780000, 0x0000000715380000)
  object space 849408K, 60% used [0x00000005bfa00000,0x00000005debbb540,0x00000005f3780000)
 Metaspace       used 141286K, capacity 144233K, committed 144640K, reserved 1169408K
  class space    used 23465K, capacity 24539K, committed 24576K, reserved 1048576K
Event: 70.522 GC heap after
Heap after GC invocations=34 (full 5):
 PSYoungGen      total 2378752K, used 362829K [0x0000000715380000, 0x00000007c0000000, 0x00000007c0000000)
  eden space 2015744K, 0% used [0x0000000715380000,0x0000000715380000,0x0000000790400000)
  from space 363008K, 99% used [0x0000000790400000,0x00000007a6653550,0x00000007a6680000)
  to   space 419328K, 0% used [0x00000007a6680000,0x00000007a6680000,0x00000007c0000000)
 ParOldGen       total 849408K, used 509685K [0x00000005bfa00000, 0x00000005f3780000, 0x0000000715380000)
  object space 849408K, 60% used [0x00000005bfa00000,0x00000005debbd540,0x00000005f3780000)
 Metaspace       used 141286K, capacity 144233K, committed 144640K, reserved 1169408K
  class space    used 23465K, capacity 24539K, committed 24576K, reserved 1048576K
}
Event: 81.985 GC heap before
{Heap before GC invocations=35 (full 5):
 PSYoungGen      total 2378752K, used 2378573K [0x0000000715380000, 0x00000007c0000000, 0x00000007c0000000)
  eden space 2015744K, 100% used [0x0000000715380000,0x0000000790400000,0x0000000790400000)
  from space 363008K, 99% used [0x0000000790400000,0x00000007a6653550,0x00000007a6680000)
  to   space 419328K, 0% used [0x00000007a6680000,0x00000007a6680000,0x00000007c0000000)
 ParOldGen       total 849408K, used 509685K [0x00000005bfa00000, 0x00000005f3780000, 0x0000000715380000)
  object space 849408K, 60% used [0x00000005bfa00000,0x00000005debbd540,0x00000005f3780000)
 Metaspace       used 142204K, capacity 145233K, committed 145536K, reserved 1169408K
  class space    used 23563K, capacity 24647K, committed 24704K, reserved 1048576K
Event: 82.159 GC heap after
Heap after GC invocations=35 (full 5):
 PSYoungGen      total 2125824K, used 419319K [0x0000000715380000, 0x00000007c0000000, 0x00000007c0000000)
  eden space 1706496K, 0% used [0x0000000715380000,0x0000000715380000,0x000000077d600000)
  from space 419328K, 99% used [0x00000007a6680000,0x00000007bfffdc50,0x00000007c0000000)
  to   space 545792K, 0% used [0x000000077d600000,0x000000077d600000,0x000000079eb00000)
 ParOldGen       total 849408K, used 647327K [0x00000005bfa00000, 0x00000005f3780000, 0x0000000715380000)
  object space 849408K, 76% used [0x00000005bfa00000,0x00000005e7227cc0,0x00000005f3780000)
 Metaspace       used 142204K, capacity 145233K, committed 145536K, reserved 1169408K
  class space    used 23563K, capacity 24647K, committed 24704K, reserved 1048576K
}
Event: 83.846 GC heap before
{Heap before GC invocations=36 (full 5):
 PSYoungGen      total 2125824K, used 2125815K [0x0000000715380000, 0x00000007c0000000, 0x00000007c0000000)
  eden space 1706496K, 100% used [0x0000000715380000,0x000000077d600000,0x000000077d600000)
  from space 419328K, 99% used [0x00000007a6680000,0x00000007bfffdc50,0x00000007c0000000)
  to   space 545792K, 0% used [0x000000077d600000,0x000000077d600000,0x000000079eb00000)
 ParOldGen       total 849408K, used 647327K [0x00000005bfa00000, 0x00000005f3780000, 0x0000000715380000)
  object space 849408K, 76% used [0x00000005bfa00000,0x00000005e7227cc0,0x00000005f3780000)
 Metaspace       used 142407K, capacity 145419K, committed 145536K, reserved 1169408K
  class space    used 23575K, capacity 24648K, committed 24704K, reserved 1048576K
Event: 83.987 GC heap after
Heap after GC invocations=36 (full 5):
 PSYoungGen      total 2252288K, used 545787K [0x0000000715380000, 0x00000007c0000000, 0x00000007c0000000)
  eden space 1706496K, 0% used [0x0000000715380000,0x0000000715380000,0x000000077d600000)
  from space 545792K, 99% used [0x000000077d600000,0x000000079eafef00,0x000000079eb00000)
  to   space 545792K, 0% used [0x000000079eb00000,0x000000079eb00000,0x00000007c0000000)
 ParOldGen       total 849408K, used 733056K [0x00000005bfa00000, 0x00000005f3780000, 0x0000000715380000)
  object space 849408K, 86% used [0x00000005bfa00000,0x00000005ec5e01e0,0x00000005f3780000)
 Metaspace       used 142407K, capacity 145419K, committed 145536K, reserved 1169408K
  class space    used 23575K, capacity 24648K, committed 24704K, reserved 1048576K
}

