# JRE version: Java(TM) SE Runtime Environment (8.0_51-b16) (build 1.8.0_51-b16)
# Java VM: Java HotSpot(TM) 64-Bit Server VM (25.51-b03 mixed mode windows-amd64 compressed oops)
Heap:
 PSYoungGen      total 2396160K, used 2148561K [0x0000000715380000, 0x00000007c0000000, 0x00000007c0000000)
  eden space 1994240K, 87% used [0x0000000715380000,0x000000077fd393a0,0x000000078ef00000)
  from space 401920K, 99% used [0x000000078ef00000,0x00000007a777b0b0,0x00000007a7780000)
  to   space 401920K, 0% used [0x00000007a7780000,0x00000007a7780000,0x00000007c0000000)
 ParOldGen       total 1161728K, used 776464K [0x00000005bfa00000, 0x0000000606880000, 0x0000000715380000)
  object space 1161728K, 66% used [0x00000005bfa00000,0x00000005ef0443f0,0x0000000606880000)
 Metaspace       used 140493K, capacity 143581K, committed 143704K, reserved 1169408K
  class space    used 23344K, capacity 24395K, committed 24408K, reserved 1048576K
GC Heap History (10 events):
Event: 54.904 GC heap before
{Heap before GC invocations=35 (full 5):
 PSYoungGen      total 2547200K, used 2547180K [0x0000000715380000, 0x00000007c0000000, 0x00000007c0000000)
  eden space 2296320K, 100% used [0x0000000715380000,0x00000007a1600000,0x00000007a1600000)
  from space 250880K, 99% used [0x00000007a1600000,0x00000007b0afb060,0x00000007b0b00000)
  to   space 250880K, 0% used [0x00000007b0b00000,0x00000007b0b00000,0x00000007c0000000)
 ParOldGen       total 751616K, used 451003K [0x00000005bfa00000, 0x00000005ed800000, 0x0000000715380000)
  object space 751616K, 60% used [0x00000005bfa00000,0x00000005db26ee98,0x00000005ed800000)
 Metaspace       used 138610K, capacity 141569K, committed 142040K, reserved 1167360K
  class space    used 23145K, capacity 24173K, committed 24280K, reserved 1048576K
Event: 55.067 GC heap after
Heap after GC invocations=35 (full 5):
 PSYoungGen      total 2270720K, used 250850K [0x0000000715380000, 0x00000007c0000000, 0x00000007c0000000)
  eden space 2019840K, 0% used [0x0000000715380000,0x0000000715380000,0x0000000790800000)
  from space 250880K, 99% used [0x00000007b0b00000,0x00000007bfff8858,0x00000007c0000000)
  to   space 389120K, 0% used [0x0000000790800000,0x0000000790800000,0x00000007a8400000)
 ParOldGen       total 751616K, used 643395K [0x00000005bfa00000, 0x00000005ed800000, 0x0000000715380000)
  object space 751616K, 85% used [0x00000005bfa00000,0x00000005e6e50c60,0x00000005ed800000)
 Metaspace       used 138610K, capacity 141569K, committed 142040K, reserved 1167360K
  class space    used 23145K, capacity 24173K, committed 24280K, reserved 1048576K
}
Event: 55.067 GC heap before
{Heap before GC invocations=36 (full 6):
 PSYoungGen      total 2270720K, used 250850K [0x0000000715380000, 0x00000007c0000000, 0x00000007c0000000)
  eden space 2019840K, 0% used [0x0000000715380000,0x0000000715380000,0x0000000790800000)
  from space 250880K, 99% used [0x00000007b0b00000,0x00000007bfff8858,0x00000007c0000000)
  to   space 389120K, 0% used [0x0000000790800000,0x0000000790800000,0x00000007a8400000)
 ParOldGen       total 751616K, used 643395K [0x00000005bfa00000, 0x00000005ed800000, 0x0000000715380000)
  object space 751616K, 85% used [0x00000005bfa00000,0x00000005e6e50c60,0x00000005ed800000)
 Metaspace       used 138610K, capacity 141569K, committed 142040K, reserved 1167360K
  class space    used 23145K, capacity 24173K, committed 24280K, reserved 1048576K
Event: 56.147 GC heap after
Heap after GC invocations=36 (full 6):
 PSYoungGen      total 2270720K, used 107943K [0x0000000715380000, 0x00000007c0000000, 0x00000007c0000000)
  eden space 2019840K, 0% used [0x0000000715380000,0x0000000715380000,0x0000000790800000)
  from space 250880K, 43% used [0x00000007b0b00000,0x00000007b7469c58,0x00000007c0000000)
  to   space 389120K, 0% used [0x0000000790800000,0x0000000790800000,0x00000007a8400000)
 ParOldGen       total 1161728K, used 751446K [0x00000005bfa00000, 0x0000000606880000, 0x0000000715380000)
  object space 1161728K, 64% used [0x00000005bfa00000,0x00000005ed7d5820,0x0000000606880000)
 Metaspace       used 138610K, capacity 141569K, committed 142040K, reserved 1167360K
  class space    used 23145K, capacity 24173K, committed 24280K, reserved 1048576K
}
Event: 58.199 GC heap before
{Heap before GC invocations=37 (full 6):
 PSYoungGen      total 2270720K, used 2127783K [0x0000000715380000, 0x00000007c0000000, 0x00000007c0000000)
  eden space 2019840K, 100% used [0x0000000715380000,0x0000000790800000,0x0000000790800000)
  from space 250880K, 43% used [0x00000007b0b00000,0x00000007b7469c58,0x00000007c0000000)
  to   space 389120K, 0% used [0x0000000790800000,0x0000000790800000,0x00000007a8400000)
 ParOldGen       total 1161728K, used 751446K [0x00000005bfa00000, 0x0000000606880000, 0x0000000715380000)
  object space 1161728K, 64% used [0x00000005bfa00000,0x00000005ed7d5820,0x0000000606880000)
 Metaspace       used 138628K, capacity 141569K, committed 142040K, reserved 1167360K
  class space    used 23150K, capacity 24173K, committed 24280K, reserved 1048576K
Event: 58.256 GC heap after
Heap after GC invocations=37 (full 6):
 PSYoungGen      total 2408960K, used 79352K [0x0000000715380000, 0x00000007c0000000, 0x00000007c0000000)
  eden space 2019840K, 0% used [0x0000000715380000,0x0000000715380000,0x0000000790800000)
  from space 389120K, 20% used [0x0000000790800000,0x000000079557e1a0,0x00000007a8400000)
  to   space 379904K, 0% used [0x00000007a8d00000,0x00000007a8d00000,0x00000007c0000000)
 ParOldGen       total 1161728K, used 751454K [0x00000005bfa00000, 0x0000000606880000, 0x0000000715380000)
  object space 1161728K, 64% used [0x00000005bfa00000,0x00000005ed7d7820,0x0000000606880000)
 Metaspace       used 138628K, capacity 141569K, committed 142040K, reserved 1167360K
  class space    used 23150K, capacity 24173K, committed 24280K, reserved 1048576K
}
Event: 62.008 GC heap before
{Heap before GC invocations=38 (full 6):
 PSYoungGen      total 2408960K, used 2099192K [0x0000000715380000, 0x00000007c0000000, 0x00000007c0000000)
  eden space 2019840K, 100% used [0x0000000715380000,0x0000000790800000,0x0000000790800000)
  from space 389120K, 20% used [0x0000000790800000,0x000000079557e1a0,0x00000007a8400000)
  to   space 379904K, 0% used [0x00000007a8d00000,0x00000007a8d00000,0x00000007c0000000)
 ParOldGen       total 1161728K, used 751454K [0x00000005bfa00000, 0x0000000606880000, 0x0000000715380000)
  object space 1161728K, 64% used [0x00000005bfa00000,0x00000005ed7d7820,0x0000000606880000)
 Metaspace       used 138797K, capacity 141735K, committed 142040K, reserved 1167360K
  class space    used 23161K, capacity 24206K, committed 24280K, reserved 1048576K
Event: 62.090 GC heap after
Heap after GC invocations=38 (full 6):
 PSYoungGen      total 2374144K, used 272547K [0x0000000715380000, 0x00000007c0000000, 0x00000007c0000000)
  eden space 1994240K, 0% used [0x0000000715380000,0x0000000715380000,0x000000078ef00000)
  from space 379904K, 71% used [0x00000007a8d00000,0x00000007b9728da8,0x00000007c0000000)
  to   space 401920K, 0% used [0x000000078ef00000,0x000000078ef00000,0x00000007a7780000)
 ParOldGen       total 1161728K, used 751462K [0x00000005bfa00000, 0x0000000606880000, 0x0000000715380000)
  object space 1161728K, 64% used [0x00000005bfa00000,0x00000005ed7d9820,0x0000000606880000)
 Metaspace       used 138797K, capacity 141735K, committed 142040K, reserved 1167360K
  class space    used 23161K, capacity 24206K, committed 24280K, reserved 1048576K
}
Event: 72.663 GC heap before
{Heap before GC invocations=39 (full 6):
 PSYoungGen      total 2374144K, used 2266787K [0x0000000715380000, 0x00000007c0000000, 0x00000007c0000000)
  eden space 1994240K, 100% used [0x0000000715380000,0x000000078ef00000,0x000000078ef00000)
  from space 379904K, 71% used [0x00000007a8d00000,0x00000007b9728da8,0x00000007c0000000)
  to   space 401920K, 0% used [0x000000078ef00000,0x000000078ef00000,0x00000007a7780000)
 ParOldGen       total 1161728K, used 751462K [0x00000005bfa00000, 0x0000000606880000, 0x0000000715380000)
  object space 1161728K, 64% used [0x00000005bfa00000,0x00000005ed7d9820,0x0000000606880000)
 Metaspace       used 139729K, capacity 142791K, committed 142936K, reserved 1167360K
  class space    used 23263K, capacity 24314K, committed 24408K, reserved 1048576K
Event: 72.776 GC heap after
Heap after GC invocations=39 (full 6):
 PSYoungGen      total 2396160K, used 401900K [0x0000000715380000, 0x00000007c0000000, 0x00000007c0000000)
  eden space 1994240K, 0% used [0x0000000715380000,0x0000000715380000,0x000000078ef00000)
  from space 401920K, 99% used [0x000000078ef00000,0x00000007a777b0b0,0x00000007a7780000)
  to   space 401920K, 0% used [0x00000007a7780000,0x00000007a7780000,0x00000007c0000000)
 ParOldGen       total 1161728K, used 776464K [0x00000005bfa00000, 0x0000000606880000, 0x0000000715380000)
  object space 1161728K, 66% used [0x00000005bfa00000,0x00000005ef0443f0,0x0000000606880000)
 Metaspace       used 139729K, capacity 142791K, committed 142936K, reserved 1167360K
  class space    used 23263K, capacity 24314K, committed 24408K, reserved 1048576K
}

