# JRE version: Java(TM) SE Runtime Environment (8.0_51-b16) (build 1.8.0_51-b16)
# Java VM: Java HotSpot(TM) 64-Bit Server VM (25.51-b03 mixed mode windows-amd64 compressed oops)
Heap:
 PSYoungGen      total 2033664K, used 1015422K [0x0000000715380000, 0x00000007c0000000, 0x00000007c0000000)
  eden space 1660416K, 47% used [0x0000000715380000,0x000000074591d4e0,0x000000077a900000)
  from space 373248K, 59% used [0x00000007a9380000,0x00000007b6d824e8,0x00000007c0000000)
  to   space 568832K, 0% used [0x000000077a900000,0x000000077a900000,0x000000079d480000)
 ParOldGen       total 1439744K, used 887260K [0x00000005bfa00000, 0x0000000617800000, 0x0000000715380000)
  object space 1439744K, 61% used [0x00000005bfa00000,0x00000005f5c773f8,0x0000000617800000)
 Metaspace       used 134248K, capacity 137139K, committed 137600K, reserved 1163264K
  class space    used 22119K, capacity 23082K, committed 23168K, reserved 1048576K
GC Heap History (10 events):
Event: 52.522 GC heap before
{Heap before GC invocations=36 (full 5):
 PSYoungGen      total 2349056K, used 2346919K [0x0000000715380000, 0x00000007baa80000, 0x00000007c0000000)
  eden space 2102784K, 100% used [0x0000000715380000,0x0000000795900000,0x0000000795900000)
  from space 246272K, 99% used [0x00000007a6b80000,0x00000007b59e9c70,0x00000007b5c00000)
  to   space 281088K, 0% used [0x0000000795900000,0x0000000795900000,0x00000007a6b80000)
 ParOldGen       total 797696K, used 440346K [0x00000005bfa00000, 0x00000005f0500000, 0x0000000715380000)
  object space 797696K, 55% used [0x00000005bfa00000,0x00000005da8069b0,0x00000005f0500000)
 Metaspace       used 132260K, capacity 134919K, committed 135552K, reserved 1161216K
  class space    used 21943K, capacity 22896K, committed 22912K, reserved 1048576K
Event: 52.664 GC heap after
Heap after GC invocations=36 (full 5):
 PSYoungGen      total 2383872K, used 281077K [0x0000000715380000, 0x00000007c0000000, 0x00000007c0000000)
  eden space 2102784K, 0% used [0x0000000715380000,0x0000000715380000,0x0000000795900000)
  from space 281088K, 99% used [0x0000000795900000,0x00000007a6b7d788,0x00000007a6b80000)
  to   space 373248K, 0% used [0x00000007a9380000,0x00000007a9380000,0x00000007c0000000)
 ParOldGen       total 797696K, used 577072K [0x00000005bfa00000, 0x00000005f0500000, 0x0000000715380000)
  object space 797696K, 72% used [0x00000005bfa00000,0x00000005e2d8c080,0x00000005f0500000)
 Metaspace       used 132260K, capacity 134919K, committed 135552K, reserved 1161216K
  class space    used 21943K, capacity 22896K, committed 22912K, reserved 1048576K
}
Event: 54.840 GC heap before
{Heap before GC invocations=37 (full 5):
 PSYoungGen      total 2383872K, used 2383861K [0x0000000715380000, 0x00000007c0000000, 0x00000007c0000000)
  eden space 2102784K, 100% used [0x0000000715380000,0x0000000795900000,0x0000000795900000)
  from space 281088K, 99% used [0x0000000795900000,0x00000007a6b7d788,0x00000007a6b80000)
  to   space 373248K, 0% used [0x00000007a9380000,0x00000007a9380000,0x00000007c0000000)
 ParOldGen       total 797696K, used 577072K [0x00000005bfa00000, 0x00000005f0500000, 0x0000000715380000)
  object space 797696K, 72% used [0x00000005bfa00000,0x00000005e2d8c080,0x00000005f0500000)
 Metaspace       used 132290K, capacity 134919K, committed 135552K, reserved 1161216K
  class space    used 21944K, capacity 22896K, committed 22912K, reserved 1048576K
Event: 54.893 GC heap after
Heap after GC invocations=37 (full 5):
 PSYoungGen      total 2440704K, used 171659K [0x0000000715380000, 0x00000007c0000000, 0x00000007c0000000)
  eden space 2067456K, 0% used [0x0000000715380000,0x0000000715380000,0x0000000793680000)
  from space 373248K, 45% used [0x00000007a9380000,0x00000007b3b22e28,0x00000007c0000000)
  to   space 357376K, 0% used [0x0000000793680000,0x0000000793680000,0x00000007a9380000)
 ParOldGen       total 797696K, used 577072K [0x00000005bfa00000, 0x00000005f0500000, 0x0000000715380000)
  object space 797696K, 72% used [0x00000005bfa00000,0x00000005e2d8c080,0x00000005f0500000)
 Metaspace       used 132290K, capacity 134919K, committed 135552K, reserved 1161216K
  class space    used 21944K, capacity 22896K, committed 22912K, reserved 1048576K
}
Event: 59.568 GC heap before
{Heap before GC invocations=38 (full 5):
 PSYoungGen      total 2440704K, used 2239115K [0x0000000715380000, 0x00000007c0000000, 0x00000007c0000000)
  eden space 2067456K, 100% used [0x0000000715380000,0x0000000793680000,0x0000000793680000)
  from space 373248K, 45% used [0x00000007a9380000,0x00000007b3b22e28,0x00000007c0000000)
  to   space 357376K, 0% used [0x0000000793680000,0x0000000793680000,0x00000007a9380000)
 ParOldGen       total 797696K, used 577072K [0x00000005bfa00000, 0x00000005f0500000, 0x0000000715380000)
  object space 797696K, 72% used [0x00000005bfa00000,0x00000005e2d8c080,0x00000005f0500000)
 Metaspace       used 132545K, capacity 135245K, committed 135808K, reserved 1163264K
  class space    used 21952K, capacity 22897K, committed 22912K, reserved 1048576K
Event: 59.722 GC heap after
Heap after GC invocations=38 (full 5):
 PSYoungGen      total 2424832K, used 357364K [0x0000000715380000, 0x00000007c0000000, 0x00000007c0000000)
  eden space 2067456K, 0% used [0x0000000715380000,0x0000000715380000,0x0000000793680000)
  from space 357376K, 99% used [0x0000000793680000,0x00000007a937d168,0x00000007a9380000)
  to   space 373248K, 0% used [0x00000007a9380000,0x00000007a9380000,0x00000007c0000000)
 ParOldGen       total 797696K, used 672872K [0x00000005bfa00000, 0x00000005f0500000, 0x0000000715380000)
  object space 797696K, 84% used [0x00000005bfa00000,0x00000005e8b1a040,0x00000005f0500000)
 Metaspace       used 132545K, capacity 135245K, committed 135808K, reserved 1163264K
  class space    used 21952K, capacity 22897K, committed 22912K, reserved 1048576K
}
Event: 68.926 GC heap before
{Heap before GC invocations=39 (full 5):
 PSYoungGen      total 2424832K, used 2424820K [0x0000000715380000, 0x00000007c0000000, 0x00000007c0000000)
  eden space 2067456K, 100% used [0x0000000715380000,0x0000000793680000,0x0000000793680000)
  from space 357376K, 99% used [0x0000000793680000,0x00000007a937d168,0x00000007a9380000)
  to   space 373248K, 0% used [0x00000007a9380000,0x00000007a9380000,0x00000007c0000000)
 ParOldGen       total 797696K, used 672872K [0x00000005bfa00000, 0x00000005f0500000, 0x0000000715380000)
  object space 797696K, 84% used [0x00000005bfa00000,0x00000005e8b1a040,0x00000005f0500000)
 Metaspace       used 133750K, capacity 136589K, committed 136960K, reserved 1163264K
  class space    used 22068K, capacity 23037K, committed 23040K, reserved 1048576K
Event: 69.098 GC heap after
Heap after GC invocations=39 (full 5):
 PSYoungGen      total 2033664K, used 373224K [0x0000000715380000, 0x00000007c0000000, 0x00000007c0000000)
  eden space 1660416K, 0% used [0x0000000715380000,0x0000000715380000,0x000000077a900000)
  from space 373248K, 99% used [0x00000007a9380000,0x00000007bfffa220,0x00000007c0000000)
  to   space 568832K, 0% used [0x000000077a900000,0x000000077a900000,0x000000079d480000)
 ParOldGen       total 887296K, used 886872K [0x00000005bfa00000, 0x00000005f5c80000, 0x0000000715380000)
  object space 887296K, 99% used [0x00000005bfa00000,0x00000005f5c16068,0x00000005f5c80000)
 Metaspace       used 133750K, capacity 136589K, committed 136960K, reserved 1163264K
  class space    used 22068K, capacity 23037K, committed 23040K, reserved 1048576K
}
Event: 69.098 GC heap before
{Heap before GC invocations=40 (full 6):
 PSYoungGen      total 2033664K, used 373224K [0x0000000715380000, 0x00000007c0000000, 0x00000007c0000000)
  eden space 1660416K, 0% used [0x0000000715380000,0x0000000715380000,0x000000077a900000)
  from space 373248K, 99% used [0x00000007a9380000,0x00000007bfffa220,0x00000007c0000000)
  to   space 568832K, 0% used [0x000000077a900000,0x000000077a900000,0x000000079d480000)
 ParOldGen       total 887296K, used 886872K [0x00000005bfa00000, 0x00000005f5c80000, 0x0000000715380000)
  object space 887296K, 99% used [0x00000005bfa00000,0x00000005f5c16068,0x00000005f5c80000)
 Metaspace       used 133750K, capacity 136589K, committed 136960K, reserved 1163264K
  class space    used 22068K, capacity 23037K, committed 23040K, reserved 1048576K
Event: 70.201 GC heap after
Heap after GC invocations=40 (full 6):
 PSYoungGen      total 2033664K, used 223241K [0x0000000715380000, 0x00000007c0000000, 0x00000007c0000000)
  eden space 1660416K, 0% used [0x0000000715380000,0x0000000715380000,0x000000077a900000)
  from space 373248K, 59% used [0x00000007a9380000,0x00000007b6d824e8,0x00000007c0000000)
  to   space 568832K, 0% used [0x000000077a900000,0x000000077a900000,0x000000079d480000)
 ParOldGen       total 1439744K, used 887260K [0x00000005bfa00000, 0x0000000617800000, 0x0000000715380000)
  object space 1439744K, 61% used [0x00000005bfa00000,0x00000005f5c773f8,0x0000000617800000)
 Metaspace       used 133750K, capacity 136589K, committed 136960K, reserved 1163264K
  class space    used 22068K, capacity 23037K, committed 23040K, reserved 1048576K
}

