# JRE version: Java(TM) SE Runtime Environment (8.0_51-b16) (build 1.8.0_51-b16)
# Java VM: Java HotSpot(TM) 64-Bit Server VM (25.51-b03 mixed mode windows-amd64 compressed oops)
Heap:
 PSYoungGen      total 2259968K, used 1696782K [0x0000000715380000, 0x00000007c0000000, 0x00000007c0000000)
  eden space 1868288K, 69% used [0x0000000715380000,0x0000000764e622f8,0x0000000787400000)
  from space 391680K, 99% used [0x0000000787400000,0x000000079f221548,0x000000079f280000)
  to   space 512000K, 0% used [0x00000007a0c00000,0x00000007a0c00000,0x00000007c0000000)
 ParOldGen       total 1280512K, used 794849K [0x00000005bfa00000, 0x000000060dc80000, 0x0000000715380000)
  object space 1280512K, 62% used [0x00000005bfa00000,0x00000005f0238468,0x000000060dc80000)
 Metaspace       used 134891K, capacity 137755K, committed 138200K, reserved 1165312K
  class space    used 22249K, capacity 23244K, committed 23296K, reserved 1048576K
GC Heap History (10 events):
Event: 51.739 GC heap before
{Heap before GC invocations=35 (full 5):
 PSYoungGen      total 2356224K, used 2356205K [0x0000000715380000, 0x00000007c0000000, 0x00000007c0000000)
  eden space 2118656K, 100% used [0x0000000715380000,0x0000000796880000,0x0000000796880000)
  from space 237568K, 99% used [0x0000000796880000,0x00000007a507b688,0x00000007a5080000)
  to   space 276480K, 0% used [0x00000007af200000,0x00000007af200000,0x00000007c0000000)
 ParOldGen       total 795136K, used 450799K [0x00000005bfa00000, 0x00000005f0280000, 0x0000000715380000)
  object space 795136K, 56% used [0x00000005bfa00000,0x00000005db23bd10,0x00000005f0280000)
 Metaspace       used 133038K, capacity 135695K, committed 136152K, reserved 1163264K
  class space    used 22072K, capacity 23026K, committed 23040K, reserved 1048576K
Event: 51.901 GC heap after
Heap after GC invocations=35 (full 5):
 PSYoungGen      total 2335232K, used 276468K [0x0000000715380000, 0x00000007c0000000, 0x00000007c0000000)
  eden space 2058752K, 0% used [0x0000000715380000,0x0000000715380000,0x0000000792e00000)
  from space 276480K, 99% used [0x00000007af200000,0x00000007bfffd228,0x00000007c0000000)
  to   space 369664K, 0% used [0x0000000792e00000,0x0000000792e00000,0x00000007a9700000)
 ParOldGen       total 795136K, used 591269K [0x00000005bfa00000, 0x00000005f0280000, 0x0000000715380000)
  object space 795136K, 74% used [0x00000005bfa00000,0x00000005e3b69498,0x00000005f0280000)
 Metaspace       used 133038K, capacity 135695K, committed 136152K, reserved 1163264K
  class space    used 22072K, capacity 23026K, committed 23040K, reserved 1048576K
}
Event: 54.039 GC heap before
{Heap before GC invocations=36 (full 5):
 PSYoungGen      total 2335232K, used 2335220K [0x0000000715380000, 0x00000007c0000000, 0x00000007c0000000)
  eden space 2058752K, 100% used [0x0000000715380000,0x0000000792e00000,0x0000000792e00000)
  from space 276480K, 99% used [0x00000007af200000,0x00000007bfffd228,0x00000007c0000000)
  to   space 369664K, 0% used [0x0000000792e00000,0x0000000792e00000,0x00000007a9700000)
 ParOldGen       total 795136K, used 591269K [0x00000005bfa00000, 0x00000005f0280000, 0x0000000715380000)
  object space 795136K, 74% used [0x00000005bfa00000,0x00000005e3b69498,0x00000005f0280000)
 Metaspace       used 133078K, capacity 135759K, committed 136408K, reserved 1163264K
  class space    used 22072K, capacity 23026K, committed 23040K, reserved 1048576K
Event: 54.116 GC heap after
Heap after GC invocations=36 (full 5):
 PSYoungGen      total 2428416K, used 209920K [0x0000000715380000, 0x00000007c0000000, 0x00000007c0000000)
  eden space 2058752K, 0% used [0x0000000715380000,0x0000000715380000,0x0000000792e00000)
  from space 369664K, 56% used [0x0000000792e00000,0x000000079fb00318,0x00000007a9700000)
  to   space 369664K, 0% used [0x00000007a9700000,0x00000007a9700000,0x00000007c0000000)
 ParOldGen       total 795136K, used 591277K [0x00000005bfa00000, 0x00000005f0280000, 0x0000000715380000)
  object space 795136K, 74% used [0x00000005bfa00000,0x00000005e3b6b498,0x00000005f0280000)
 Metaspace       used 133078K, capacity 135759K, committed 136408K, reserved 1163264K
  class space    used 22072K, capacity 23026K, committed 23040K, reserved 1048576K
}
Event: 58.780 GC heap before
{Heap before GC invocations=37 (full 5):
 PSYoungGen      total 2428416K, used 2268672K [0x0000000715380000, 0x00000007c0000000, 0x00000007c0000000)
  eden space 2058752K, 100% used [0x0000000715380000,0x0000000792e00000,0x0000000792e00000)
  from space 369664K, 56% used [0x0000000792e00000,0x000000079fb00318,0x00000007a9700000)
  to   space 369664K, 0% used [0x00000007a9700000,0x00000007a9700000,0x00000007c0000000)
 ParOldGen       total 795136K, used 591277K [0x00000005bfa00000, 0x00000005f0280000, 0x0000000715380000)
  object space 795136K, 74% used [0x00000005bfa00000,0x00000005e3b6b498,0x00000005f0280000)
 Metaspace       used 133332K, capacity 136021K, committed 136664K, reserved 1163264K
  class space    used 22081K, capacity 23027K, committed 23040K, reserved 1048576K
Event: 58.952 GC heap after
Heap after GC invocations=37 (full 5):
 PSYoungGen      total 2237952K, used 369651K [0x0000000715380000, 0x00000007c0000000, 0x00000007c0000000)
  eden space 1868288K, 0% used [0x0000000715380000,0x0000000715380000,0x0000000787400000)
  from space 369664K, 99% used [0x00000007a9700000,0x00000007bfffcfa0,0x00000007c0000000)
  to   space 464896K, 0% used [0x0000000787400000,0x0000000787400000,0x00000007a3a00000)
 ParOldGen       total 795136K, used 693852K [0x00000005bfa00000, 0x00000005f0280000, 0x0000000715380000)
  object space 795136K, 87% used [0x00000005bfa00000,0x00000005e9f97028,0x00000005f0280000)
 Metaspace       used 133332K, capacity 136021K, committed 136664K, reserved 1163264K
  class space    used 22081K, capacity 23027K, committed 23040K, reserved 1048576K
}
Event: 58.952 GC heap before
{Heap before GC invocations=38 (full 6):
 PSYoungGen      total 2237952K, used 369651K [0x0000000715380000, 0x00000007c0000000, 0x00000007c0000000)
  eden space 1868288K, 0% used [0x0000000715380000,0x0000000715380000,0x0000000787400000)
  from space 369664K, 99% used [0x00000007a9700000,0x00000007bfffcfa0,0x00000007c0000000)
  to   space 464896K, 0% used [0x0000000787400000,0x0000000787400000,0x00000007a3a00000)
 ParOldGen       total 795136K, used 693852K [0x00000005bfa00000, 0x00000005f0280000, 0x0000000715380000)
  object space 795136K, 87% used [0x00000005bfa00000,0x00000005e9f97028,0x00000005f0280000)
 Metaspace       used 133332K, capacity 136021K, committed 136664K, reserved 1163264K
  class space    used 22081K, capacity 23027K, committed 23040K, reserved 1048576K
Event: 59.975 GC heap after
Heap after GC invocations=38 (full 6):
 PSYoungGen      total 2237952K, used 195950K [0x0000000715380000, 0x00000007c0000000, 0x00000007c0000000)
  eden space 1868288K, 0% used [0x0000000715380000,0x0000000715380000,0x0000000787400000)
  from space 369664K, 53% used [0x00000007a9700000,0x00000007b565b958,0x00000007c0000000)
  to   space 464896K, 0% used [0x0000000787400000,0x0000000787400000,0x00000007a3a00000)
 ParOldGen       total 1280512K, used 794841K [0x00000005bfa00000, 0x000000060dc80000, 0x0000000715380000)
  object space 1280512K, 62% used [0x00000005bfa00000,0x00000005f0236468,0x000000060dc80000)
 Metaspace       used 133332K, capacity 136021K, committed 136664K, reserved 1163264K
  class space    used 22081K, capacity 23027K, committed 23040K, reserved 1048576K
}
Event: 69.622 GC heap before
{Heap before GC invocations=39 (full 6):
 PSYoungGen      total 2237952K, used 2064238K [0x0000000715380000, 0x00000007c0000000, 0x00000007c0000000)
  eden space 1868288K, 100% used [0x0000000715380000,0x0000000787400000,0x0000000787400000)
  from space 369664K, 53% used [0x00000007a9700000,0x00000007b565b958,0x00000007c0000000)
  to   space 464896K, 0% used [0x0000000787400000,0x0000000787400000,0x00000007a3a00000)
 ParOldGen       total 1280512K, used 794841K [0x00000005bfa00000, 0x000000060dc80000, 0x0000000715380000)
  object space 1280512K, 62% used [0x00000005bfa00000,0x00000005f0236468,0x000000060dc80000)
 Metaspace       used 134332K, capacity 137205K, committed 137688K, reserved 1163264K
  class space    used 22195K, capacity 23199K, committed 23296K, reserved 1048576K
Event: 69.745 GC heap after
Heap after GC invocations=39 (full 6):
 PSYoungGen      total 2259968K, used 391301K [0x0000000715380000, 0x00000007c0000000, 0x00000007c0000000)
  eden space 1868288K, 0% used [0x0000000715380000,0x0000000715380000,0x0000000787400000)
  from space 391680K, 99% used [0x0000000787400000,0x000000079f221548,0x000000079f280000)
  to   space 512000K, 0% used [0x00000007a0c00000,0x00000007a0c00000,0x00000007c0000000)
 ParOldGen       total 1280512K, used 794849K [0x00000005bfa00000, 0x000000060dc80000, 0x0000000715380000)
  object space 1280512K, 62% used [0x00000005bfa00000,0x00000005f0238468,0x000000060dc80000)
 Metaspace       used 134332K, capacity 137205K, committed 137688K, reserved 1163264K
  class space    used 22195K, capacity 23199K, committed 23296K, reserved 1048576K
}

