# JRE version: Java(TM) SE Runtime Environment (8.0_51-b16) (build 1.8.0_51-b16)
# Java VM: Java HotSpot(TM) 64-Bit Server VM (25.51-b03 mixed mode windows-amd64 compressed oops)
Heap:
 PSYoungGen      total 2182144K, used 1189593K [0x0000000715380000, 0x00000007c0000000, 0x00000007c0000000)
  eden space 1849856K, 46% used [0x0000000715380000,0x00000007498b7c30,0x0000000786200000)
  from space 332288K, 99% used [0x00000007abb80000,0x00000007bfffeab0,0x00000007c0000000)
  to   space 474112K, 0% used [0x0000000786200000,0x0000000786200000,0x00000007a3100000)
 ParOldGen       total 1098240K, used 810426K [0x00000005bfa00000, 0x0000000602a80000, 0x0000000715380000)
  object space 1098240K, 73% used [0x00000005bfa00000,0x00000005f116e860,0x0000000602a80000)
 Metaspace       used 134258K, capacity 137147K, committed 137640K, reserved 1163264K
  class space    used 22121K, capacity 23082K, committed 23208K, reserved 1048576K
GC Heap History (10 events):
Event: 45.193 GC heap before
{Heap before GC invocations=29 (full 5):
 PSYoungGen      total 2342400K, used 175099K [0x0000000715380000, 0x00000007c0000000, 0x00000007c0000000)
  eden space 2167296K, 0% used [0x0000000715380000,0x0000000715380000,0x0000000799800000)
  from space 175104K, 99% used [0x00000007b5500000,0x00000007bfffeda8,0x00000007c0000000)
  to   space 315392K, 0% used [0x0000000799800000,0x0000000799800000,0x00000007acc00000)
 ParOldGen       total 660480K, used 628876K [0x00000005bfa00000, 0x00000005e7f00000, 0x0000000715380000)
  object space 660480K, 95% used [0x00000005bfa00000,0x00000005e60231e0,0x00000005e7f00000)
 Metaspace       used 130569K, capacity 133171K, committed 133800K, reserved 1161216K
  class space    used 21741K, capacity 22650K, committed 22696K, reserved 1048576K
Event: 46.139 GC heap after
Heap after GC invocations=29 (full 5):
 PSYoungGen      total 2342400K, used 13587K [0x0000000715380000, 0x00000007c0000000, 0x00000007c0000000)
  eden space 2167296K, 0% used [0x0000000715380000,0x0000000715380000,0x0000000799800000)
  from space 175104K, 7% used [0x00000007b5500000,0x00000007b6244fb8,0x00000007c0000000)
  to   space 315392K, 0% used [0x0000000799800000,0x0000000799800000,0x00000007acc00000)
 ParOldGen       total 1098240K, used 660060K [0x00000005bfa00000, 0x0000000602a80000, 0x0000000715380000)
  object space 1098240K, 60% used [0x00000005bfa00000,0x00000005e7e97148,0x0000000602a80000)
 Metaspace       used 130569K, capacity 133171K, committed 133800K, reserved 1161216K
  class space    used 21741K, capacity 22650K, committed 22696K, reserved 1048576K
}
Event: 50.087 GC heap before
{Heap before GC invocations=30 (full 5):
 PSYoungGen      total 2342400K, used 2180883K [0x0000000715380000, 0x00000007c0000000, 0x00000007c0000000)
  eden space 2167296K, 100% used [0x0000000715380000,0x0000000799800000,0x0000000799800000)
  from space 175104K, 7% used [0x00000007b5500000,0x00000007b6244fb8,0x00000007c0000000)
  to   space 315392K, 0% used [0x0000000799800000,0x0000000799800000,0x00000007acc00000)
 ParOldGen       total 1098240K, used 660060K [0x00000005bfa00000, 0x0000000602a80000, 0x0000000715380000)
  object space 1098240K, 60% used [0x00000005bfa00000,0x00000005e7e97148,0x0000000602a80000)
 Metaspace       used 132296K, capacity 134991K, committed 135592K, reserved 1161216K
  class space    used 21944K, capacity 22896K, committed 22952K, reserved 1048576K
Event: 50.180 GC heap after
Heap after GC invocations=30 (full 5):
 PSYoungGen      total 2395648K, used 227886K [0x0000000715380000, 0x00000007c0000000, 0x00000007c0000000)
  eden space 2167296K, 0% used [0x0000000715380000,0x0000000715380000,0x0000000799800000)
  from space 228352K, 99% used [0x0000000799800000,0x00000007a768b858,0x00000007a7700000)
  to   space 332288K, 0% used [0x00000007abb80000,0x00000007abb80000,0x00000007c0000000)
 ParOldGen       total 1098240K, used 661457K [0x00000005bfa00000, 0x0000000602a80000, 0x0000000715380000)
  object space 1098240K, 60% used [0x00000005bfa00000,0x00000005e7ff4428,0x0000000602a80000)
 Metaspace       used 132296K, capacity 134991K, committed 135592K, reserved 1161216K
  class space    used 21944K, capacity 22896K, committed 22952K, reserved 1048576K
}
Event: 52.358 GC heap before
{Heap before GC invocations=31 (full 5):
 PSYoungGen      total 2395648K, used 2395182K [0x0000000715380000, 0x00000007c0000000, 0x00000007c0000000)
  eden space 2167296K, 100% used [0x0000000715380000,0x0000000799800000,0x0000000799800000)
  from space 228352K, 99% used [0x0000000799800000,0x00000007a768b858,0x00000007a7700000)
  to   space 332288K, 0% used [0x00000007abb80000,0x00000007abb80000,0x00000007c0000000)
 ParOldGen       total 1098240K, used 661457K [0x00000005bfa00000, 0x0000000602a80000, 0x0000000715380000)
  object space 1098240K, 60% used [0x00000005bfa00000,0x00000005e7ff4428,0x0000000602a80000)
 Metaspace       used 132317K, capacity 134991K, committed 135592K, reserved 1161216K
  class space    used 21944K, capacity 22896K, committed 22952K, reserved 1048576K
Event: 52.387 GC heap after
Heap after GC invocations=31 (full 5):
 PSYoungGen      total 2473472K, used 74984K [0x0000000715380000, 0x00000007c0000000, 0x00000007c0000000)
  eden space 2141184K, 0% used [0x0000000715380000,0x0000000715380000,0x0000000797e80000)
  from space 332288K, 22% used [0x00000007abb80000,0x00000007b04ba008,0x00000007c0000000)
  to   space 324608K, 0% used [0x0000000797e80000,0x0000000797e80000,0x00000007abb80000)
 ParOldGen       total 1098240K, used 661465K [0x00000005bfa00000, 0x0000000602a80000, 0x0000000715380000)
  object space 1098240K, 60% used [0x00000005bfa00000,0x00000005e7ff6428,0x0000000602a80000)
 Metaspace       used 132317K, capacity 134991K, committed 135592K, reserved 1161216K
  class space    used 21944K, capacity 22896K, committed 22952K, reserved 1048576K
}
Event: 56.886 GC heap before
{Heap before GC invocations=32 (full 5):
 PSYoungGen      total 2473472K, used 2216168K [0x0000000715380000, 0x00000007c0000000, 0x00000007c0000000)
  eden space 2141184K, 100% used [0x0000000715380000,0x0000000797e80000,0x0000000797e80000)
  from space 332288K, 22% used [0x00000007abb80000,0x00000007b04ba008,0x00000007c0000000)
  to   space 324608K, 0% used [0x0000000797e80000,0x0000000797e80000,0x00000007abb80000)
 ParOldGen       total 1098240K, used 661465K [0x00000005bfa00000, 0x0000000602a80000, 0x0000000715380000)
  object space 1098240K, 60% used [0x00000005bfa00000,0x00000005e7ff6428,0x0000000602a80000)
 Metaspace       used 132551K, capacity 135253K, committed 135848K, reserved 1163264K
  class space    used 21953K, capacity 22897K, committed 22952K, reserved 1048576K
Event: 56.988 GC heap after
Heap after GC invocations=32 (full 5):
 PSYoungGen      total 2465792K, used 324582K [0x0000000715380000, 0x00000007c0000000, 0x00000007c0000000)
  eden space 2141184K, 0% used [0x0000000715380000,0x0000000715380000,0x0000000797e80000)
  from space 324608K, 99% used [0x0000000797e80000,0x00000007abb79888,0x00000007abb80000)
  to   space 332288K, 0% used [0x00000007abb80000,0x00000007abb80000,0x00000007c0000000)
 ParOldGen       total 1098240K, used 667366K [0x00000005bfa00000, 0x0000000602a80000, 0x0000000715380000)
  object space 1098240K, 60% used [0x00000005bfa00000,0x00000005e85b9aa8,0x0000000602a80000)
 Metaspace       used 132551K, capacity 135253K, committed 135848K, reserved 1163264K
  class space    used 21953K, capacity 22897K, committed 22952K, reserved 1048576K
}
Event: 66.396 GC heap before
{Heap before GC invocations=33 (full 5):
 PSYoungGen      total 2465792K, used 2465766K [0x0000000715380000, 0x00000007c0000000, 0x00000007c0000000)
  eden space 2141184K, 100% used [0x0000000715380000,0x0000000797e80000,0x0000000797e80000)
  from space 324608K, 99% used [0x0000000797e80000,0x00000007abb79888,0x00000007abb80000)
  to   space 332288K, 0% used [0x00000007abb80000,0x00000007abb80000,0x00000007c0000000)
 ParOldGen       total 1098240K, used 667366K [0x00000005bfa00000, 0x0000000602a80000, 0x0000000715380000)
  object space 1098240K, 60% used [0x00000005bfa00000,0x00000005e85b9aa8,0x0000000602a80000)
 Metaspace       used 133708K, capacity 136533K, committed 137000K, reserved 1163264K
  class space    used 22064K, capacity 23037K, committed 23080K, reserved 1048576K
Event: 66.520 GC heap after
Heap after GC invocations=33 (full 5):
 PSYoungGen      total 2182144K, used 332282K [0x0000000715380000, 0x00000007c0000000, 0x00000007c0000000)
  eden space 1849856K, 0% used [0x0000000715380000,0x0000000715380000,0x0000000786200000)
  from space 332288K, 99% used [0x00000007abb80000,0x00000007bfffeab0,0x00000007c0000000)
  to   space 474112K, 0% used [0x0000000786200000,0x0000000786200000,0x00000007a3100000)
 ParOldGen       total 1098240K, used 810426K [0x00000005bfa00000, 0x0000000602a80000, 0x0000000715380000)
  object space 1098240K, 73% used [0x00000005bfa00000,0x00000005f116e860,0x0000000602a80000)
 Metaspace       used 133708K, capacity 136533K, committed 137000K, reserved 1163264K
  class space    used 22064K, capacity 23037K, committed 23080K, reserved 1048576K
}

