# JRE version: Java(TM) SE Runtime Environment (8.0_51-b16) (build 1.8.0_51-b16)
# Java VM: Java HotSpot(TM) 64-Bit Server VM (25.51-b03 mixed mode windows-amd64 compressed oops)
Heap:
 PSYoungGen      total 2379264K, used 2057921K [0x0000000715380000, 0x00000007c0000000, 0x00000007c0000000)
  eden space 1960448K, 89% used [0x0000000715380000,0x00000007804b3fd8,0x000000078ce00000)
  from space 418816K, 72% used [0x000000078ce00000,0x000000079f67c4a8,0x00000007a6700000)
  to   space 418816K, 0% used [0x00000007a6700000,0x00000007a6700000,0x00000007c0000000)
 ParOldGen       total 1250816K, used 783772K [0x00000005bfa00000, 0x000000060bf80000, 0x0000000715380000)
  object space 1250816K, 62% used [0x00000005bfa00000,0x00000005ef767378,0x000000060bf80000)
 Metaspace       used 140694K, capacity 143729K, committed 143936K, reserved 1169408K
  class space    used 23365K, capacity 24397K, committed 24408K, reserved 1048576K
GC Heap History (10 events):
Event: 56.855 GC heap before
{Heap before GC invocations=35 (full 5):
 PSYoungGen      total 2546688K, used 2546671K [0x0000000715380000, 0x00000007c0000000, 0x00000007c0000000)
  eden space 2295296K, 100% used [0x0000000715380000,0x00000007a1500000,0x00000007a1500000)
  from space 251392K, 99% used [0x00000007a1500000,0x00000007b0a7bf98,0x00000007b0a80000)
  to   space 251392K, 0% used [0x00000007b0a80000,0x00000007b0a80000,0x00000007c0000000)
 ParOldGen       total 783872K, used 451651K [0x00000005bfa00000, 0x00000005ef780000, 0x0000000715380000)
  object space 783872K, 57% used [0x00000005bfa00000,0x00000005db310ec0,0x00000005ef780000)
 Metaspace       used 138842K, capacity 141813K, committed 142272K, reserved 1167360K
  class space    used 23172K, capacity 24207K, committed 24280K, reserved 1048576K
Event: 57.013 GC heap after
Heap after GC invocations=35 (full 5):
 PSYoungGen      total 2273280K, used 251375K [0x0000000715380000, 0x00000007c0000000, 0x00000007c0000000)
  eden space 2021888K, 0% used [0x0000000715380000,0x0000000715380000,0x0000000790a00000)
  from space 251392K, 99% used [0x00000007b0a80000,0x00000007bfffbe80,0x00000007c0000000)
  to   space 388096K, 0% used [0x0000000790a00000,0x0000000790a00000,0x00000007a8500000)
 ParOldGen       total 783872K, used 642188K [0x00000005bfa00000, 0x00000005ef780000, 0x0000000715380000)
  object space 783872K, 81% used [0x00000005bfa00000,0x00000005e6d23140,0x00000005ef780000)
 Metaspace       used 138842K, capacity 141813K, committed 142272K, reserved 1167360K
  class space    used 23172K, capacity 24207K, committed 24280K, reserved 1048576K
}
Event: 59.118 GC heap before
{Heap before GC invocations=36 (full 5):
 PSYoungGen      total 2273280K, used 2273263K [0x0000000715380000, 0x00000007c0000000, 0x00000007c0000000)
  eden space 2021888K, 100% used [0x0000000715380000,0x0000000790a00000,0x0000000790a00000)
  from space 251392K, 99% used [0x00000007b0a80000,0x00000007bfffbe80,0x00000007c0000000)
  to   space 388096K, 0% used [0x0000000790a00000,0x0000000790a00000,0x00000007a8500000)
 ParOldGen       total 783872K, used 642188K [0x00000005bfa00000, 0x00000005ef780000, 0x0000000715380000)
  object space 783872K, 81% used [0x00000005bfa00000,0x00000005e6d23140,0x00000005ef780000)
 Metaspace       used 138906K, capacity 141877K, committed 142528K, reserved 1167360K
  class space    used 23172K, capacity 24207K, committed 24280K, reserved 1048576K
Event: 59.173 GC heap after
Heap after GC invocations=36 (full 5):
 PSYoungGen      total 2409984K, used 162169K [0x0000000715380000, 0x00000007c0000000, 0x00000007c0000000)
  eden space 2021888K, 0% used [0x0000000715380000,0x0000000715380000,0x0000000790a00000)
  from space 388096K, 41% used [0x0000000790a00000,0x000000079a85e488,0x00000007a8500000)
  to   space 366080K, 0% used [0x00000007a9a80000,0x00000007a9a80000,0x00000007c0000000)
 ParOldGen       total 783872K, used 642196K [0x00000005bfa00000, 0x00000005ef780000, 0x0000000715380000)
  object space 783872K, 81% used [0x00000005bfa00000,0x00000005e6d25140,0x00000005ef780000)
 Metaspace       used 138906K, capacity 141877K, committed 142528K, reserved 1167360K
  class space    used 23172K, capacity 24207K, committed 24280K, reserved 1048576K
}
Event: 63.035 GC heap before
{Heap before GC invocations=37 (full 5):
 PSYoungGen      total 2409984K, used 2184057K [0x0000000715380000, 0x00000007c0000000, 0x00000007c0000000)
  eden space 2021888K, 100% used [0x0000000715380000,0x0000000790a00000,0x0000000790a00000)
  from space 388096K, 41% used [0x0000000790a00000,0x000000079a85e488,0x00000007a8500000)
  to   space 366080K, 0% used [0x00000007a9a80000,0x00000007a9a80000,0x00000007c0000000)
 ParOldGen       total 783872K, used 642196K [0x00000005bfa00000, 0x00000005ef780000, 0x0000000715380000)
  object space 783872K, 81% used [0x00000005bfa00000,0x00000005e6d25140,0x00000005ef780000)
 Metaspace       used 139173K, capacity 142075K, committed 142528K, reserved 1167360K
  class space    used 23183K, capacity 24208K, committed 24280K, reserved 1048576K
Event: 63.138 GC heap after
Heap after GC invocations=37 (full 5):
 PSYoungGen      total 2326528K, used 358447K [0x0000000715380000, 0x00000007c0000000, 0x00000007c0000000)
  eden space 1960448K, 0% used [0x0000000715380000,0x0000000715380000,0x000000078ce00000)
  from space 366080K, 97% used [0x00000007a9a80000,0x00000007bf88be50,0x00000007c0000000)
  to   space 418816K, 0% used [0x000000078ce00000,0x000000078ce00000,0x00000007a6700000)
 ParOldGen       total 783872K, used 642204K [0x00000005bfa00000, 0x00000005ef780000, 0x0000000715380000)
  object space 783872K, 81% used [0x00000005bfa00000,0x00000005e6d27140,0x00000005ef780000)
 Metaspace       used 139173K, capacity 142075K, committed 142528K, reserved 1167360K
  class space    used 23183K, capacity 24208K, committed 24280K, reserved 1048576K
}
Event: 77.110 GC heap before
{Heap before GC invocations=38 (full 5):
 PSYoungGen      total 2326528K, used 2318895K [0x0000000715380000, 0x00000007c0000000, 0x00000007c0000000)
  eden space 1960448K, 100% used [0x0000000715380000,0x000000078ce00000,0x000000078ce00000)
  from space 366080K, 97% used [0x00000007a9a80000,0x00000007bf88be50,0x00000007c0000000)
  to   space 418816K, 0% used [0x000000078ce00000,0x000000078ce00000,0x00000007a6700000)
 ParOldGen       total 783872K, used 642204K [0x00000005bfa00000, 0x00000005ef780000, 0x0000000715380000)
  object space 783872K, 81% used [0x00000005bfa00000,0x00000005e6d27140,0x00000005ef780000)
 Metaspace       used 140221K, capacity 143191K, committed 143680K, reserved 1169408K
  class space    used 23286K, capacity 24316K, committed 24408K, reserved 1048576K
Event: 77.323 GC heap after
Heap after GC invocations=38 (full 5):
 PSYoungGen      total 2379264K, used 418804K [0x0000000715380000, 0x00000007c0000000, 0x00000007c0000000)
  eden space 1960448K, 0% used [0x0000000715380000,0x0000000715380000,0x000000078ce00000)
  from space 418816K, 99% used [0x000000078ce00000,0x00000007a66fd378,0x00000007a6700000)
  to   space 418816K, 0% used [0x00000007a6700000,0x00000007a6700000,0x00000007c0000000)
 ParOldGen       total 783872K, used 733180K [0x00000005bfa00000, 0x00000005ef780000, 0x0000000715380000)
  object space 783872K, 93% used [0x00000005bfa00000,0x00000005ec5ff138,0x00000005ef780000)
 Metaspace       used 140221K, capacity 143191K, committed 143680K, reserved 1169408K
  class space    used 23286K, capacity 24316K, committed 24408K, reserved 1048576K
}
Event: 77.323 GC heap before
{Heap before GC invocations=39 (full 6):
 PSYoungGen      total 2379264K, used 418804K [0x0000000715380000, 0x00000007c0000000, 0x00000007c0000000)
  eden space 1960448K, 0% used [0x0000000715380000,0x0000000715380000,0x000000078ce00000)
  from space 418816K, 99% used [0x000000078ce00000,0x00000007a66fd378,0x00000007a6700000)
  to   space 418816K, 0% used [0x00000007a6700000,0x00000007a6700000,0x00000007c0000000)
 ParOldGen       total 783872K, used 733180K [0x00000005bfa00000, 0x00000005ef780000, 0x0000000715380000)
  object space 783872K, 93% used [0x00000005bfa00000,0x00000005ec5ff138,0x00000005ef780000)
 Metaspace       used 140221K, capacity 143191K, committed 143680K, reserved 1169408K
  class space    used 23286K, capacity 24316K, committed 24408K, reserved 1048576K
Event: 78.786 GC heap after
Heap after GC invocations=39 (full 6):
 PSYoungGen      total 2379264K, used 303601K [0x0000000715380000, 0x00000007c0000000, 0x00000007c0000000)
  eden space 1960448K, 0% used [0x0000000715380000,0x0000000715380000,0x000000078ce00000)
  from space 418816K, 72% used [0x000000078ce00000,0x000000079f67c4a8,0x00000007a6700000)
  to   space 418816K, 0% used [0x00000007a6700000,0x00000007a6700000,0x00000007c0000000)
 ParOldGen       total 1250816K, used 783772K [0x00000005bfa00000, 0x000000060bf80000, 0x0000000715380000)
  object space 1250816K, 62% used [0x00000005bfa00000,0x00000005ef767378,0x000000060bf80000)
 Metaspace       used 140221K, capacity 143191K, committed 143680K, reserved 1169408K
  class space    used 23286K, capacity 24316K, committed 24408K, reserved 1048576K
}

