# JRE version: Java(TM) SE Runtime Environment (8.0_51-b16) (build 1.8.0_51-b16)
# Java VM: Java HotSpot(TM) 64-Bit Server VM (25.51-b03 mixed mode windows-amd64 compressed oops)
Heap:
 PSYoungGen      total 2365440K, used 2134203K [0x0000000715380000, 0x00000007c0000000, 0x00000007c0000000)
  eden space 1932800K, 97% used [0x0000000715380000,0x00000007887ad560,0x000000078b300000)
  from space 432640K, 56% used [0x000000078b300000,0x000000079a3016e8,0x00000007a5980000)
  to   space 432640K, 0% used [0x00000007a5980000,0x00000007a5980000,0x00000007c0000000)
 ParOldGen       total 1229824K, used 782603K [0x00000005bfa00000, 0x000000060ab00000, 0x0000000715380000)
  object space 1229824K, 63% used [0x00000005bfa00000,0x00000005ef642ce0,0x000000060ab00000)
 Metaspace       used 134273K, capacity 137168K, committed 137344K, reserved 1163264K
  class space    used 22112K, capacity 23083K, committed 23168K, reserved 1048576K
GC Heap History (10 events):
Event: 49.685 GC heap before
{Heap before GC invocations=33 (full 5):
 PSYoungGen      total 2534400K, used 2534399K [0x0000000715380000, 0x00000007c0000000, 0x00000007c0000000)
  eden space 2316288K, 100% used [0x0000000715380000,0x00000007a2980000,0x00000007a2980000)
  from space 218112K, 99% used [0x00000007a2980000,0x00000007afe7fc40,0x00000007afe80000)
  to   space 256000K, 0% used [0x00000007b0600000,0x00000007b0600000,0x00000007c0000000)
 ParOldGen       total 782848K, used 463946K [0x00000005bfa00000, 0x00000005ef680000, 0x0000000715380000)
  object space 782848K, 59% used [0x00000005bfa00000,0x00000005dbf129a0,0x00000005ef680000)
 Metaspace       used 131812K, capacity 134478K, committed 135040K, reserved 1161216K
  class space    used 21899K, capacity 22854K, committed 22912K, reserved 1048576K
Event: 49.793 GC heap after
Heap after GC invocations=33 (full 5):
 PSYoungGen      total 2470400K, used 248336K [0x0000000715380000, 0x00000007c0000000, 0x00000007c0000000)
  eden space 2214400K, 0% used [0x0000000715380000,0x0000000715380000,0x000000079c600000)
  from space 256000K, 97% used [0x00000007b0600000,0x00000007bf884100,0x00000007c0000000)
  to   space 291840K, 0% used [0x000000079c600000,0x000000079c600000,0x00000007ae300000)
 ParOldGen       total 782848K, used 463954K [0x00000005bfa00000, 0x00000005ef680000, 0x0000000715380000)
  object space 782848K, 59% used [0x00000005bfa00000,0x00000005dbf149a0,0x00000005ef680000)
 Metaspace       used 131812K, capacity 134478K, committed 135040K, reserved 1161216K
  class space    used 21899K, capacity 22854K, committed 22912K, reserved 1048576K
}
Event: 53.090 GC heap before
{Heap before GC invocations=34 (full 5):
 PSYoungGen      total 2470400K, used 2462736K [0x0000000715380000, 0x00000007c0000000, 0x00000007c0000000)
  eden space 2214400K, 100% used [0x0000000715380000,0x000000079c600000,0x000000079c600000)
  from space 256000K, 97% used [0x00000007b0600000,0x00000007bf884100,0x00000007c0000000)
  to   space 291840K, 0% used [0x000000079c600000,0x000000079c600000,0x00000007ae300000)
 ParOldGen       total 782848K, used 463954K [0x00000005bfa00000, 0x00000005ef680000, 0x0000000715380000)
  object space 782848K, 59% used [0x00000005bfa00000,0x00000005dbf149a0,0x00000005ef680000)
 Metaspace       used 132297K, capacity 134980K, committed 135296K, reserved 1161216K
  class space    used 21935K, capacity 22865K, committed 22912K, reserved 1048576K
Event: 53.229 GC heap after
Heap after GC invocations=34 (full 5):
 PSYoungGen      total 2506240K, used 291814K [0x0000000715380000, 0x00000007c0000000, 0x00000007c0000000)
  eden space 2214400K, 0% used [0x0000000715380000,0x0000000715380000,0x000000079c600000)
  from space 291840K, 99% used [0x000000079c600000,0x00000007ae2f99b8,0x00000007ae300000)
  to   space 291840K, 0% used [0x00000007ae300000,0x00000007ae300000,0x00000007c0000000)
 ParOldGen       total 782848K, used 589996K [0x00000005bfa00000, 0x00000005ef680000, 0x0000000715380000)
  object space 782848K, 75% used [0x00000005bfa00000,0x00000005e3a2b0d0,0x00000005ef680000)
 Metaspace       used 132297K, capacity 134980K, committed 135296K, reserved 1161216K
  class space    used 21935K, capacity 22865K, committed 22912K, reserved 1048576K
}
Event: 57.199 GC heap before
{Heap before GC invocations=35 (full 5):
 PSYoungGen      total 2506240K, used 2506214K [0x0000000715380000, 0x00000007c0000000, 0x00000007c0000000)
  eden space 2214400K, 100% used [0x0000000715380000,0x000000079c600000,0x000000079c600000)
  from space 291840K, 99% used [0x000000079c600000,0x00000007ae2f99b8,0x00000007ae300000)
  to   space 291840K, 0% used [0x00000007ae300000,0x00000007ae300000,0x00000007c0000000)
 ParOldGen       total 782848K, used 589996K [0x00000005bfa00000, 0x00000005ef680000, 0x0000000715380000)
  object space 782848K, 75% used [0x00000005bfa00000,0x00000005e3a2b0d0,0x00000005ef680000)
 Metaspace       used 132529K, capacity 135242K, committed 135552K, reserved 1161216K
  class space    used 21945K, capacity 22866K, committed 22912K, reserved 1048576K
Event: 57.312 GC heap after
Heap after GC invocations=35 (full 5):
 PSYoungGen      total 2224640K, used 291839K [0x0000000715380000, 0x00000007c0000000, 0x00000007c0000000)
  eden space 1932800K, 0% used [0x0000000715380000,0x0000000715380000,0x000000078b300000)
  from space 291840K, 99% used [0x00000007ae300000,0x00000007bffffc18,0x00000007c0000000)
  to   space 432640K, 0% used [0x000000078b300000,0x000000078b300000,0x00000007a5980000)
 ParOldGen       total 782848K, used 647973K [0x00000005bfa00000, 0x00000005ef680000, 0x0000000715380000)
  object space 782848K, 82% used [0x00000005bfa00000,0x00000005e72c9598,0x00000005ef680000)
 Metaspace       used 132529K, capacity 135242K, committed 135552K, reserved 1161216K
  class space    used 21945K, capacity 22866K, committed 22912K, reserved 1048576K
}
Event: 67.547 GC heap before
{Heap before GC invocations=36 (full 5):
 PSYoungGen      total 2224640K, used 2224639K [0x0000000715380000, 0x00000007c0000000, 0x00000007c0000000)
  eden space 1932800K, 100% used [0x0000000715380000,0x000000078b300000,0x000000078b300000)
  from space 291840K, 99% used [0x00000007ae300000,0x00000007bffffc18,0x00000007c0000000)
  to   space 432640K, 0% used [0x000000078b300000,0x000000078b300000,0x00000007a5980000)
 ParOldGen       total 782848K, used 647973K [0x00000005bfa00000, 0x00000005ef680000, 0x0000000715380000)
  object space 782848K, 82% used [0x00000005bfa00000,0x00000005e72c9598,0x00000005ef680000)
 Metaspace       used 133582K, capacity 136422K, committed 136704K, reserved 1163264K
  class space    used 22049K, capacity 23038K, committed 23040K, reserved 1048576K
Event: 67.689 GC heap after
Heap after GC invocations=36 (full 5):
 PSYoungGen      total 2365440K, used 432615K [0x0000000715380000, 0x00000007c0000000, 0x00000007c0000000)
  eden space 1932800K, 0% used [0x0000000715380000,0x0000000715380000,0x000000078b300000)
  from space 432640K, 99% used [0x000000078b300000,0x00000007a5979ca0,0x00000007a5980000)
  to   space 432640K, 0% used [0x00000007a5980000,0x00000007a5980000,0x00000007c0000000)
 ParOldGen       total 782848K, used 726478K [0x00000005bfa00000, 0x00000005ef680000, 0x0000000715380000)
  object space 782848K, 92% used [0x00000005bfa00000,0x00000005ebf739c0,0x00000005ef680000)
 Metaspace       used 133582K, capacity 136422K, committed 136704K, reserved 1163264K
  class space    used 22049K, capacity 23038K, committed 23040K, reserved 1048576K
}
Event: 67.689 GC heap before
{Heap before GC invocations=37 (full 6):
 PSYoungGen      total 2365440K, used 432615K [0x0000000715380000, 0x00000007c0000000, 0x00000007c0000000)
  eden space 1932800K, 0% used [0x0000000715380000,0x0000000715380000,0x000000078b300000)
  from space 432640K, 99% used [0x000000078b300000,0x00000007a5979ca0,0x00000007a5980000)
  to   space 432640K, 0% used [0x00000007a5980000,0x00000007a5980000,0x00000007c0000000)
 ParOldGen       total 782848K, used 726478K [0x00000005bfa00000, 0x00000005ef680000, 0x0000000715380000)
  object space 782848K, 92% used [0x00000005bfa00000,0x00000005ebf739c0,0x00000005ef680000)
 Metaspace       used 133582K, capacity 136422K, committed 136704K, reserved 1163264K
  class space    used 22049K, capacity 23038K, committed 23040K, reserved 1048576K
Event: 68.646 GC heap after
Heap after GC invocations=37 (full 6):
 PSYoungGen      total 2365440K, used 245765K [0x0000000715380000, 0x00000007c0000000, 0x00000007c0000000)
  eden space 1932800K, 0% used [0x0000000715380000,0x0000000715380000,0x000000078b300000)
  from space 432640K, 56% used [0x000000078b300000,0x000000079a3016e8,0x00000007a5980000)
  to   space 432640K, 0% used [0x00000007a5980000,0x00000007a5980000,0x00000007c0000000)
 ParOldGen       total 1229824K, used 782603K [0x00000005bfa00000, 0x000000060ab00000, 0x0000000715380000)
  object space 1229824K, 63% used [0x00000005bfa00000,0x00000005ef642ce0,0x000000060ab00000)
 Metaspace       used 133582K, capacity 136422K, committed 136704K, reserved 1163264K
  class space    used 22049K, capacity 23038K, committed 23040K, reserved 1048576K
}

