# JRE version: Java(TM) SE Runtime Environment (8.0_51-b16) (build 1.8.0_51-b16)
# Java VM: Java HotSpot(TM) 64-Bit Server VM (25.51-b03 mixed mode windows-amd64 compressed oops)
Heap:
 PSYoungGen      total 2151936K, used 1366463K [0x0000000715380000, 0x00000007c0000000, 0x00000007c0000000)
  eden space 1778176K, 55% used [0x0000000715380000,0x0000000751cf1378,0x0000000781c00000)
  from space 373760K, 99% used [0x00000007a9300000,0x00000007bfffebe8,0x00000007c0000000)
  to   space 509952K, 0% used [0x0000000781c00000,0x0000000781c00000,0x00000007a0e00000)
 ParOldGen       total 1245184K, used 818745K [0x00000005bfa00000, 0x000000060ba00000, 0x0000000715380000)
  object space 1245184K, 65% used [0x00000005bfa00000,0x00000005f198e5d8,0x000000060ba00000)
 Metaspace       used 140492K, capacity 143581K, committed 143744K, reserved 1169408K
  class space    used 23344K, capacity 24395K, committed 24448K, reserved 1048576K
GC Heap History (10 events):
Event: 54.192 GC heap before
{Heap before GC invocations=34 (full 5):
 PSYoungGen      total 2465792K, used 2465772K [0x0000000715380000, 0x00000007c0000000, 0x00000007c0000000)
  eden space 2214400K, 100% used [0x0000000715380000,0x000000079c600000,0x000000079c600000)
  from space 251392K, 99% used [0x00000007b0a80000,0x00000007bfffb338,0x00000007c0000000)
  to   space 291840K, 0% used [0x000000079c600000,0x000000079c600000,0x00000007ae300000)
 ParOldGen       total 798720K, used 470247K [0x00000005bfa00000, 0x00000005f0600000, 0x0000000715380000)
  object space 798720K, 58% used [0x00000005bfa00000,0x00000005dc539c68,0x00000005f0600000)
 Metaspace       used 138671K, capacity 141569K, committed 141952K, reserved 1167360K
  class space    used 23149K, capacity 24173K, committed 24192K, reserved 1048576K
Event: 54.350 GC heap after
Heap after GC invocations=34 (full 5):
 PSYoungGen      total 2506240K, used 291825K [0x0000000715380000, 0x00000007c0000000, 0x00000007c0000000)
  eden space 2214400K, 0% used [0x0000000715380000,0x0000000715380000,0x000000079c600000)
  from space 291840K, 99% used [0x000000079c600000,0x00000007ae2fc630,0x00000007ae300000)
  to   space 291840K, 0% used [0x00000007ae300000,0x00000007ae300000,0x00000007c0000000)
 ParOldGen       total 798720K, used 615672K [0x00000005bfa00000, 0x00000005f0600000, 0x0000000715380000)
  object space 798720K, 77% used [0x00000005bfa00000,0x00000005e533e230,0x00000005f0600000)
 Metaspace       used 138671K, capacity 141569K, committed 141952K, reserved 1167360K
  class space    used 23149K, capacity 24173K, committed 24192K, reserved 1048576K
}
Event: 56.577 GC heap before
{Heap before GC invocations=35 (full 5):
 PSYoungGen      total 2506240K, used 2506225K [0x0000000715380000, 0x00000007c0000000, 0x00000007c0000000)
  eden space 2214400K, 100% used [0x0000000715380000,0x000000079c600000,0x000000079c600000)
  from space 291840K, 99% used [0x000000079c600000,0x00000007ae2fc630,0x00000007ae300000)
  to   space 291840K, 0% used [0x00000007ae300000,0x00000007ae300000,0x00000007c0000000)
 ParOldGen       total 798720K, used 615672K [0x00000005bfa00000, 0x00000005f0600000, 0x0000000715380000)
  object space 798720K, 77% used [0x00000005bfa00000,0x00000005e533e230,0x00000005f0600000)
 Metaspace       used 138697K, capacity 141633K, committed 141952K, reserved 1167360K
  class space    used 23150K, capacity 24173K, committed 24192K, reserved 1048576K
Event: 56.630 GC heap after
Heap after GC invocations=35 (full 5):
 PSYoungGen      total 2342400K, used 176997K [0x0000000715380000, 0x00000007c0000000, 0x00000007c0000000)
  eden space 2050560K, 0% used [0x0000000715380000,0x0000000715380000,0x0000000792600000)
  from space 291840K, 60% used [0x00000007ae300000,0x00000007b8fd9420,0x00000007c0000000)
  to   space 373760K, 0% used [0x0000000792600000,0x0000000792600000,0x00000007a9300000)
 ParOldGen       total 798720K, used 615680K [0x00000005bfa00000, 0x00000005f0600000, 0x0000000715380000)
  object space 798720K, 77% used [0x00000005bfa00000,0x00000005e5340230,0x00000005f0600000)
 Metaspace       used 138697K, capacity 141633K, committed 141952K, reserved 1167360K
  class space    used 23150K, capacity 24173K, committed 24192K, reserved 1048576K
}
Event: 61.381 GC heap before
{Heap before GC invocations=36 (full 5):
 PSYoungGen      total 2342400K, used 2227557K [0x0000000715380000, 0x00000007c0000000, 0x00000007c0000000)
  eden space 2050560K, 100% used [0x0000000715380000,0x0000000792600000,0x0000000792600000)
  from space 291840K, 60% used [0x00000007ae300000,0x00000007b8fd9420,0x00000007c0000000)
  to   space 373760K, 0% used [0x0000000792600000,0x0000000792600000,0x00000007a9300000)
 ParOldGen       total 798720K, used 615680K [0x00000005bfa00000, 0x00000005f0600000, 0x0000000715380000)
  object space 798720K, 77% used [0x00000005bfa00000,0x00000005e5340230,0x00000005f0600000)
 Metaspace       used 138996K, capacity 141927K, committed 142336K, reserved 1167360K
  class space    used 23160K, capacity 24206K, committed 24320K, reserved 1048576K
Event: 61.531 GC heap after
Heap after GC invocations=36 (full 5):
 PSYoungGen      total 2424320K, used 373732K [0x0000000715380000, 0x00000007c0000000, 0x00000007c0000000)
  eden space 2050560K, 0% used [0x0000000715380000,0x0000000715380000,0x0000000792600000)
  from space 373760K, 99% used [0x0000000792600000,0x00000007a92f90c0,0x00000007a9300000)
  to   space 373760K, 0% used [0x00000007a9300000,0x00000007a9300000,0x00000007c0000000)
 ParOldGen       total 798720K, used 697213K [0x00000005bfa00000, 0x00000005f0600000, 0x0000000715380000)
  object space 798720K, 87% used [0x00000005bfa00000,0x00000005ea2df608,0x00000005f0600000)
 Metaspace       used 138996K, capacity 141927K, committed 142336K, reserved 1167360K
  class space    used 23160K, capacity 24206K, committed 24320K, reserved 1048576K
}
Event: 61.531 GC heap before
{Heap before GC invocations=37 (full 6):
 PSYoungGen      total 2424320K, used 373732K [0x0000000715380000, 0x00000007c0000000, 0x00000007c0000000)
  eden space 2050560K, 0% used [0x0000000715380000,0x0000000715380000,0x0000000792600000)
  from space 373760K, 99% used [0x0000000792600000,0x00000007a92f90c0,0x00000007a9300000)
  to   space 373760K, 0% used [0x00000007a9300000,0x00000007a9300000,0x00000007c0000000)
 ParOldGen       total 798720K, used 697213K [0x00000005bfa00000, 0x00000005f0600000, 0x0000000715380000)
  object space 798720K, 87% used [0x00000005bfa00000,0x00000005ea2df608,0x00000005f0600000)
 Metaspace       used 138996K, capacity 141927K, committed 142336K, reserved 1167360K
  class space    used 23160K, capacity 24206K, committed 24320K, reserved 1048576K
Event: 62.551 GC heap after
Heap after GC invocations=37 (full 6):
 PSYoungGen      total 2424320K, used 202420K [0x0000000715380000, 0x00000007c0000000, 0x00000007c0000000)
  eden space 2050560K, 0% used [0x0000000715380000,0x0000000715380000,0x0000000792600000)
  from space 373760K, 54% used [0x0000000792600000,0x000000079ebad098,0x00000007a9300000)
  to   space 373760K, 0% used [0x00000007a9300000,0x00000007a9300000,0x00000007c0000000)
 ParOldGen       total 1245184K, used 798487K [0x00000005bfa00000, 0x000000060ba00000, 0x0000000715380000)
  object space 1245184K, 64% used [0x00000005bfa00000,0x00000005f05c5d58,0x000000060ba00000)
 Metaspace       used 138996K, capacity 141927K, committed 142336K, reserved 1167360K
  class space    used 23160K, capacity 24206K, committed 24320K, reserved 1048576K
}
Event: 73.553 GC heap before
{Heap before GC invocations=38 (full 6):
 PSYoungGen      total 2424320K, used 2252980K [0x0000000715380000, 0x00000007c0000000, 0x00000007c0000000)
  eden space 2050560K, 100% used [0x0000000715380000,0x0000000792600000,0x0000000792600000)
  from space 373760K, 54% used [0x0000000792600000,0x000000079ebad098,0x00000007a9300000)
  to   space 373760K, 0% used [0x00000007a9300000,0x00000007a9300000,0x00000007c0000000)
 ParOldGen       total 1245184K, used 798487K [0x00000005bfa00000, 0x000000060ba00000, 0x0000000715380000)
  object space 1245184K, 64% used [0x00000005bfa00000,0x00000005f05c5d58,0x000000060ba00000)
 Metaspace       used 139853K, capacity 142887K, committed 143232K, reserved 1167360K
  class space    used 23272K, capacity 24346K, committed 24448K, reserved 1048576K
Event: 73.685 GC heap after
Heap after GC invocations=38 (full 6):
 PSYoungGen      total 2151936K, used 373754K [0x0000000715380000, 0x00000007c0000000, 0x00000007c0000000)
  eden space 1778176K, 0% used [0x0000000715380000,0x0000000715380000,0x0000000781c00000)
  from space 373760K, 99% used [0x00000007a9300000,0x00000007bfffebe8,0x00000007c0000000)
  to   space 509952K, 0% used [0x0000000781c00000,0x0000000781c00000,0x00000007a0e00000)
 ParOldGen       total 1245184K, used 818745K [0x00000005bfa00000, 0x000000060ba00000, 0x0000000715380000)
  object space 1245184K, 65% used [0x00000005bfa00000,0x00000005f198e5d8,0x000000060ba00000)
 Metaspace       used 139853K, capacity 142887K, committed 143232K, reserved 1167360K
  class space    used 23272K, capacity 24346K, committed 24448K, reserved 1048576K
}

